[0.078s] Invoking command in '/home/zyme/ros_ws/executive_teleop/executive_teleop/build/executive_teleop': CMAKE_PREFIX_PATH=/home/zyme/ros_ws/astrobee/install/states:/home/zyme/ros_ws/astrobee/install/light_flow:/home/zyme/ros_ws/astrobee/install/signal_lights:/home/zyme/ros_ws/astrobee/install/fam:/home/zyme/ros_ws/astrobee/install/astrobee_gazebo:/opt/ros/humble:/home/zyme/ros_ws/astrobee/install/pmc:/home/zyme/ros_ws/astrobee/install/perch:/home/zyme/ros_ws/astrobee/install/framestore:/home/zyme/ros_ws/astrobee/install/dock:/home/zyme/ros_ws/astrobee/install/ctl:/home/zyme/ros_ws/astrobee/install/arm:/home/zyme/ros_ws/astrobee/install/access_control:/home/zyme/ros_ws/astrobee/install/ff_util:/home/zyme/ros_ws/astrobee/install/msg_conversions:/home/zyme/ros_ws/astrobee/install/jsonloader:/home/zyme/ros_ws/astrobee/install/ff_msgs:/home/zyme/ros_ws/astrobee/install/ff_hw_msgs:/home/zyme/ros_ws/astrobee/install/camera:/home/zyme/ros_ws/astrobee/install/config_reader:/home/zyme/ros_ws/astrobee/install/ff_common:/home/zyme/ros_ws/astrobee/install/description:/home/zyme/ros_ws/astrobee/install/astrobee_iss:/home/zyme/ros_ws/astrobee/install/astrobee_handrail_8_5:/home/zyme/ros_ws/astrobee/install/astrobee_handrail_41_5:/home/zyme/ros_ws/astrobee/install/astrobee_handrail_30:/home/zyme/ros_ws/astrobee/install/astrobee_handrail_21_5:/home/zyme/ros_ws/astrobee/install/astrobee_granite:/home/zyme/ros_ws/astrobee/install/astrobee_freeflyer:/home/zyme/ros_ws/astrobee/install/astrobee_dock:/home/zyme/ros_ws/astrobee/install/astrobee /usr/bin/cmake --build /home/zyme/ros_ws/executive_teleop/executive_teleop/build/executive_teleop -- -j12 -l12
[0.133s] [35m[1mConsolidate compiler generated dependencies of target teleop_tool[0m
[0.170s] [ 50%] [32mBuilding CXX object CMakeFiles/teleop_tool.dir/src/teleop_tool.cc.o[0m
[3.453s] [01m[K/home/zyme/ros_ws/executive_teleop/executive_teleop/src/teleop_tool.cc:[m[K In function ‘[01m[Kint main(int, char**)[m[K’:
[3.453s] [01m[K/home/zyme/ros_ws/executive_teleop/executive_teleop/src/teleop_tool.cc:775:3:[m[K [01;31m[Kerror: [m[K‘[01m[Kack_sub[m[K’ was not declared in this scope
[3.453s]   775 |   [01;31m[Kack_sub[m[K = node->create_subscription<ff_msgs::msg::AckStamped>(TOPIC_MANAGEMENT_ACK, 10,std::bind(&executive_teleop::AckCallback,node,std::placeholders::_1));
[3.453s]       |   [01;31m[K^~~~~~~[m[K
[3.453s] [01m[K/home/zyme/ros_ws/executive_teleop/executive_teleop/src/teleop_tool.cc:775:119:[m[K [01;31m[Kerror: [m[K‘[01m[Kvoid executive_teleop::AckCallback(const AckStamped&)[m[K’ is private within this context
[3.453s]   775 |   ack_sub = node->create_subscription<ff_msgs::msg::AckStamped>(TOPIC_MANAGEMENT_ACK, 10,std::bind(&executive_teleop::[01;31m[KAckCallback[m[K,node,std::placeholders::_1));
[3.453s]       |                                                                                                                       [01;31m[K^~~~~~~~~~~[m[K
[3.453s] [01m[K/home/zyme/ros_ws/executive_teleop/executive_teleop/src/teleop_tool.cc:584:6:[m[K [01;36m[Knote: [m[Kdeclared private here
[3.453s]   584 | void [01;36m[KAckCallback[m[K(ff_msgs::msg::AckStamped const& ack) {
[3.453s]       |      [01;36m[K^~~~~~~~~~~[m[K
[3.520s] [01m[K/home/zyme/ros_ws/executive_teleop/executive_teleop/src/teleop_tool.cc:823:5:[m[K [01;31m[Kerror: [m[K‘[01m[Kagent_state_sub[m[K’ was not declared in this scope
[3.520s]   823 |     [01;31m[Kagent_state_sub[m[K = node->create_subscription<ff_msgs::msg::AgentStateStamped>(TOPIC_MANAGEMENT_EXEC_AGENT_STATE,
[3.520s]       |     [01;31m[K^~~~~~~~~~~~~~~[m[K
[3.520s] [01m[K/home/zyme/ros_ws/executive_teleop/executive_teleop/src/teleop_tool.cc:825:65:[m[K [01;31m[Kerror: [m[K‘[01m[Kvoid executive_teleop::AgentStateCallback(const AgentStateStamped&)[m[K’ is private within this context
[3.520s]   825 |                                    std::bind(&executive_teleop::[01;31m[KAgentStateCallback[m[K,node,std::placeholders::_1));
[3.520s]       |                                                                 [01;31m[K^~~~~~~~~~~~~~~~~~[m[K
[3.520s] [01m[K/home/zyme/ros_ws/executive_teleop/executive_teleop/src/teleop_tool.cc:119:6:[m[K [01;36m[Knote: [m[Kdeclared private here
[3.520s]   119 | void [01;36m[KAgentStateCallback[m[K(ff_msgs::msg::AgentStateStamped const& state) {
[3.520s]       |      [01;36m[K^~~~~~~~~~~~~~~~~~[m[K
[3.598s] [01m[K/home/zyme/ros_ws/executive_teleop/executive_teleop/src/teleop_tool.cc:830:5:[m[K [01;31m[Kerror: [m[K‘[01m[Kfault_state_sub[m[K’ was not declared in this scope
[3.598s]   830 |     [01;31m[Kfault_state_sub[m[K = node->create_subscription<ff_msgs::msg::FaultState>(TOPIC_MANAGEMENT_SYS_MONITOR_STATE,
[3.598s]       |     [01;31m[K^~~~~~~~~~~~~~~[m[K
[3.598s] [01m[K/home/zyme/ros_ws/executive_teleop/executive_teleop/src/teleop_tool.cc:832:66:[m[K [01;31m[Kerror: [m[K‘[01m[Kvoid executive_teleop::FaultStateCallback(const FaultState&)[m[K’ is private within this context
[3.598s]   832 |                                     std::bind(&executive_teleop::[01;31m[KFaultStateCallback[m[K,node,std::placeholders::_1));
[3.598s]       |                                                                  [01;31m[K^~~~~~~~~~~~~~~~~~[m[K
[3.598s] [01m[K/home/zyme/ros_ws/executive_teleop/executive_teleop/src/teleop_tool.cc:230:6:[m[K [01;36m[Knote: [m[Kdeclared private here
[3.599s]   230 | void [01;36m[KFaultStateCallback[m[K(ff_msgs::msg::FaultState const& state) {
[3.599s]       |      [01;36m[K^~~~~~~~~~~~~~~~~~[m[K
[3.647s] [01m[K/home/zyme/ros_ws/executive_teleop/executive_teleop/src/teleop_tool.cc:838:5:[m[K [01;31m[Kerror: [m[K‘[01m[Kmove_sub[m[K’ was not declared in this scope
[3.647s]   838 |     [01;31m[Kmove_sub[m[K = node->create_subscription<ff_msgs::action::Motion_FeedbackMessage>(topic_name, 10, std::bind(&executive_teleop::MoveFeedbackCallback,node,std::placeholders::_1));
[3.647s]       |     [01;31m[K^~~~~~~~[m[K
[3.647s] [01m[K/home/zyme/ros_ws/executive_teleop/executive_teleop/src/teleop_tool.cc:838:128:[m[K [01;31m[Kerror: [m[K‘[01m[Kvoid executive_teleop::MoveFeedbackCallback(const Motion_FeedbackMessage&)[m[K’ is private within this context
[3.647s]   838 |     move_sub = node->create_subscription<ff_msgs::action::Motion_FeedbackMessage>(topic_name, 10, std::bind(&executive_teleop::[01;31m[KMoveFeedbackCallback[m[K,node,std::placeholders::_1));
[3.648s]       |                                                                                                                                [01;31m[K^~~~~~~~~~~~~~~~~~~~[m[K
[3.648s] [01m[K/home/zyme/ros_ws/executive_teleop/executive_teleop/src/teleop_tool.cc:619:6:[m[K [01;36m[Knote: [m[Kdeclared private here
[3.648s]   619 | void [01;36m[KMoveFeedbackCallback[m[K(ff_msgs::action::Motion_FeedbackMessage const& fb) {
[3.648s]       |      [01;36m[K^~~~~~~~~~~~~~~~~~~~[m[K
[3.714s] [01m[K/home/zyme/ros_ws/executive_teleop/executive_teleop/src/teleop_tool.cc:844:5:[m[K [01;31m[Kerror: [m[K‘[01m[Kdock_sub[m[K’ was not declared in this scope
[3.714s]   844 |     [01;31m[Kdock_sub[m[K = node->create_subscription<ff_msgs::action::Dock_FeedbackMessage>(topic_name, 10, std::bind(&executive_teleop::DockFeedbbackCallback,node,std::placeholders::_1));
[3.714s]       |     [01;31m[K^~~~~~~~[m[K
[3.714s] [01m[K/home/zyme/ros_ws/executive_teleop/executive_teleop/src/teleop_tool.cc:844:126:[m[K [01;31m[Kerror: [m[K‘[01m[KDockFeedbbackCallback[m[K’ is not a member of ‘[01m[Kexecutive_teleop[m[K’
[3.714s]   844 |     dock_sub = node->create_subscription<ff_msgs::action::Dock_FeedbackMessage>(topic_name, 10, std::bind(&executive_teleop::[01;31m[KDockFeedbbackCallback[m[K,node,std::placeholders::_1));
[3.714s]       |                                                                                                                              [01;31m[K^~~~~~~~~~~~~~~~~~~~~[m[K
[3.722s] [01m[K/home/zyme/ros_ws/executive_teleop/executive_teleop/src/teleop_tool.cc:859:8:[m[K [01;31m[Kerror: [m[K‘[01m[KSendNextCommand[m[K’ was not declared in this scope
[3.722s]   859 |   if (![01;31m[KSendNextCommand[m[K()) {
[3.722s]       |        [01;31m[K^~~~~~~~~~~~~~~[m[K
[3.722s] [01m[K/home/zyme/ros_ws/executive_teleop/executive_teleop/src/teleop_tool.cc:864:15:[m[K [01;31m[Kerror: [m[Kno matching function for call to ‘[01m[Kspin()[m[K’
[3.722s]   864 |   [01;31m[Krclcpp::spin()[m[K;
[3.722s]       |   [01;31m[K~~~~~~~~~~~~^~[m[K
[3.722s] In file included from [01m[K/opt/ros/humble/include/rclcpp/rclcpp/rclcpp.hpp:155[m[K,
[3.722s]                  from [01m[K/home/zyme/ros_ws/executive_teleop/executive_teleop/src/teleop_tool.cc:29[m[K:
[3.722s] [01m[K/opt/ros/humble/include/rclcpp/rclcpp/executors.hpp:45:1:[m[K [01;36m[Knote: [m[Kcandidate: ‘[01m[Kvoid rclcpp::spin(rclcpp::node_interfaces::NodeBaseInterface::SharedPtr)[m[K’
[3.722s]    45 | [01;36m[Kspin[m[K(rclcpp::node_interfaces::NodeBaseInterface::SharedPtr node_ptr);
[3.722s]       | [01;36m[K^~~~[m[K
[3.722s] [01m[K/opt/ros/humble/include/rclcpp/rclcpp/executors.hpp:45:1:[m[K [01;36m[Knote: [m[K  candidate expects 1 argument, 0 provided
[3.722s] [01m[K/opt/ros/humble/include/rclcpp/rclcpp/executors.hpp:49:1:[m[K [01;36m[Knote: [m[Kcandidate: ‘[01m[Kvoid rclcpp::spin(rclcpp::Node::SharedPtr)[m[K’
[3.722s]    49 | [01;36m[Kspin[m[K(rclcpp::Node::SharedPtr node_ptr);
[3.722s]       | [01;36m[K^~~~[m[K
[3.722s] [01m[K/opt/ros/humble/include/rclcpp/rclcpp/executors.hpp:49:1:[m[K [01;36m[Knote: [m[K  candidate expects 1 argument, 0 provided
[4.861s] In file included from [01m[K/opt/ros/humble/include/rclcpp/rclcpp/subscription_base.hpp:32[m[K,
[4.861s]                  from [01m[K/opt/ros/humble/include/rclcpp/rclcpp/callback_group.hpp:29[m[K,
[4.861s]                  from [01m[K/opt/ros/humble/include/rclcpp/rclcpp/any_executable.hpp:20[m[K,
[4.861s]                  from [01m[K/opt/ros/humble/include/rclcpp/rclcpp/memory_strategy.hpp:25[m[K,
[4.862s]                  from [01m[K/opt/ros/humble/include/rclcpp/rclcpp/memory_strategies.hpp:18[m[K,
[4.862s]                  from [01m[K/opt/ros/humble/include/rclcpp/rclcpp/executor_options.hpp:20[m[K,
[4.862s]                  from [01m[K/opt/ros/humble/include/rclcpp/rclcpp/executor.hpp:37[m[K,
[4.862s]                  from [01m[K/opt/ros/humble/include/rclcpp/rclcpp/executors/multi_threaded_executor.hpp:25[m[K,
[4.862s]                  from [01m[K/opt/ros/humble/include/rclcpp/rclcpp/executors.hpp:21[m[K,
[4.862s]                  from [01m[K/opt/ros/humble/include/rclcpp/rclcpp/rclcpp.hpp:155[m[K,
[4.862s]                  from [01m[K/home/zyme/ros_ws/executive_teleop/executive_teleop/src/teleop_tool.cc:29[m[K:
[4.862s] /opt/ros/humble/include/rclcpp/rclcpp/any_subscription_callback.hpp: In instantiation of ‘[01m[Krclcpp::AnySubscriptionCallback<MessageT, AllocatorT> rclcpp::AnySubscriptionCallback<MessageT, AllocatorT>::set(CallbackT) [with CallbackT = std::_Bind<void (executive_teleop::*(std::shared_ptr<rclcpp::Node>, std::_Placeholder<1>))(const ff_msgs::msg::AckStamped_<std::allocator<void> >&)>; MessageT = ff_msgs::msg::AckStamped_<std::allocator<void> >; AllocatorT = std::allocator<void>][m[K’:
[4.862s] [01m[K/opt/ros/humble/include/rclcpp/rclcpp/subscription_factory.hpp:94:32:[m[K   required from ‘[01m[Krclcpp::SubscriptionFactory rclcpp::create_subscription_factory(CallbackT&&, const rclcpp::SubscriptionOptionsWithAllocator<AllocatorT>&, typename MessageMemoryStrategyT::SharedPtr, std::shared_ptr<rclcpp::topic_statistics::SubscriptionTopicStatistics<ROSMessageType> >) [with MessageT = ff_msgs::msg::AckStamped_<std::allocator<void> >; CallbackT = std::_Bind<void (executive_teleop::*(std::shared_ptr<rclcpp::Node>, std::_Placeholder<1>))(const ff_msgs::msg::AckStamped_<std::allocator<void> >&)>; AllocatorT = std::allocator<void>; SubscriptionT = rclcpp::Subscription<ff_msgs::msg::AckStamped_<std::allocator<void> >, std::allocator<void>, ff_msgs::msg::AckStamped_<std::allocator<void> >, ff_msgs::msg::AckStamped_<std::allocator<void> >, rclcpp::message_memory_strategy::MessageMemoryStrategy<ff_msgs::msg::AckStamped_<std::allocator<void> >, std::allocator<void> > >; MessageMemoryStrategyT = rclcpp::message_memory_strategy::MessageMemoryStrategy<ff_msgs::msg::AckStamped_<std::allocator<void> >, std::allocator<void> >; ROSMessageType = ff_msgs::msg::AckStamped_<std::allocator<void> >; typename MessageMemoryStrategyT::SharedPtr = std::shared_ptr<rclcpp::message_memory_strategy::MessageMemoryStrategy<ff_msgs::msg::AckStamped_<std::allocator<void> >, std::allocator<void> > >][m[K’
[4.862s] [01m[K/opt/ros/humble/include/rclcpp/rclcpp/create_subscription.hpp:122:63:[m[K   required from ‘[01m[Kstd::shared_ptr<ROSMessageT> rclcpp::detail::create_subscription(NodeParametersT&, NodeTopicsT&, const string&, const rclcpp::QoS&, CallbackT&&, const rclcpp::SubscriptionOptionsWithAllocator<AllocatorT>&, typename MessageMemoryStrategyT::SharedPtr) [with MessageT = ff_msgs::msg::AckStamped_<std::allocator<void> >; CallbackT = std::_Bind<void (executive_teleop::*(std::shared_ptr<rclcpp::Node>, std::_Placeholder<1>))(const ff_msgs::msg::AckStamped_<std::allocator<void> >&)>; AllocatorT = std::allocator<void>; SubscriptionT = rclcpp::Subscription<ff_msgs::msg::AckStamped_<std::allocator<void> >, std::allocator<void>, ff_msgs::msg::AckStamped_<std::allocator<void> >, ff_msgs::msg::AckStamped_<std::allocator<void> >, rclcpp::message_memory_strategy::MessageMemoryStrategy<ff_msgs::msg::AckStamped_<std::allocator<void> >, std::allocator<void> > >; MessageMemoryStrategyT = rclcpp::message_memory_strategy::MessageMemoryStrategy<ff_msgs::msg::AckStamped_<std::allocator<void> >, std::allocator<void> >; NodeParametersT = rclcpp::Node; NodeTopicsT = rclcpp::Node; ROSMessageType = ff_msgs::msg::AckStamped_<std::allocator<void> >; std::string = std::__cxx11::basic_string<char>; typename MessageMemoryStrategyT::SharedPtr = std::shared_ptr<rclcpp::message_memory_strategy::MessageMemoryStrategy<ff_msgs::msg::AckStamped_<std::allocator<void> >, std::allocator<void> > >][m[K’
[4.862s] [01m[K/opt/ros/humble/include/rclcpp/rclcpp/create_subscription.hpp:191:76:[m[K   required from ‘[01m[Kstd::shared_ptr<ROSMessageT> rclcpp::create_subscription(NodeT&, const string&, const rclcpp::QoS&, CallbackT&&, const rclcpp::SubscriptionOptionsWithAllocator<AllocatorT>&, typename MessageMemoryStrategyT::SharedPtr) [with MessageT = ff_msgs::msg::AckStamped_<std::allocator<void> >; CallbackT = std::_Bind<void (executive_teleop::*(std::shared_ptr<rclcpp::Node>, std::_Placeholder<1>))(const ff_msgs::msg::AckStamped_<std::allocator<void> >&)>; AllocatorT = std::allocator<void>; SubscriptionT = rclcpp::Subscription<ff_msgs::msg::AckStamped_<std::allocator<void> >, std::allocator<void>, ff_msgs::msg::AckStamped_<std::allocator<void> >, ff_msgs::msg::AckStamped_<std::allocator<void> >, rclcpp::message_memory_strategy::MessageMemoryStrategy<ff_msgs::msg::AckStamped_<std::allocator<void> >, std::allocator<void> > >; MessageMemoryStrategyT = rclcpp::message_memory_strategy::MessageMemoryStrategy<ff_msgs::msg::AckStamped_<std::allocator<void> >, std::allocator<void> >; NodeT = rclcpp::Node; std::string = std::__cxx11::basic_string<char>; typename MessageMemoryStrategyT::SharedPtr = std::shared_ptr<rclcpp::message_memory_strategy::MessageMemoryStrategy<ff_msgs::msg::AckStamped_<std::allocator<void> >, std::allocator<void> > >][m[K’
[4.862s] [01m[K/opt/ros/humble/include/rclcpp/rclcpp/node_impl.hpp:99:47:[m[K   required from ‘[01m[Kstd::shared_ptr<ROSMessageT> rclcpp::Node::create_subscription(const string&, const rclcpp::QoS&, CallbackT&&, const rclcpp::SubscriptionOptionsWithAllocator<AllocatorT>&, typename MessageMemoryStrategyT::SharedPtr) [with MessageT = ff_msgs::msg::AckStamped_<std::allocator<void> >; CallbackT = std::_Bind<void (executive_teleop::*(std::shared_ptr<rclcpp::Node>, std::_Placeholder<1>))(const ff_msgs::msg::AckStamped_<std::allocator<void> >&)>; AllocatorT = std::allocator<void>; SubscriptionT = rclcpp::Subscription<ff_msgs::msg::AckStamped_<std::allocator<void> >, std::allocator<void>, ff_msgs::msg::AckStamped_<std::allocator<void> >, ff_msgs::msg::AckStamped_<std::allocator<void> >, rclcpp::message_memory_strategy::MessageMemoryStrategy<ff_msgs::msg::AckStamped_<std::allocator<void> >, std::allocator<void> > >; MessageMemoryStrategyT = rclcpp::message_memory_strategy::MessageMemoryStrategy<ff_msgs::msg::AckStamped_<std::allocator<void> >, std::allocator<void> >; std::string = std::__cxx11::basic_string<char>; typename MessageMemoryStrategyT::SharedPtr = std::shared_ptr<rclcpp::message_memory_strategy::MessageMemoryStrategy<ff_msgs::msg::AckStamped_<std::allocator<void> >, std::allocator<void> > >][m[K’
[4.862s] [01m[K/home/zyme/ros_ws/executive_teleop/executive_teleop/src/teleop_tool.cc:775:64:[m[K   required from here
[4.862s] [01m[K/opt/ros/humble/include/rclcpp/rclcpp/any_subscription_callback.hpp:394:27:[m[K [01;31m[Kerror: [m[Kno matching function for call to ‘[01m[Kstd::function<void(const ff_msgs::msg::AckStamped_<std::allocator<void> >&)>::function(std::_Bind<void (executive_teleop::*(std::shared_ptr<rclcpp::Node>, std::_Placeholder<1>))(const ff_msgs::msg::AckStamped_<std::allocator<void> >&)>&)[m[K’
[4.863s]   394 |       callback_variant_ = [01;31m[Kstatic_cast<typename scbth::callback_type>(callback)[m[K;
[4.863s]       |                           [01;31m[K^~~~~~~~~~~~~~~~~~~~~~~~~~~~~~~~~~~~~~~~~~~~~~~~~~~~[m[K
[4.863s] In file included from [01m[K/usr/include/c++/11/functional:59[m[K,
[4.863s]                  from [01m[K/home/zyme/ros_ws/executive_teleop/executive_teleop/src/teleop_tool.cc:20[m[K:
[4.863s] [01m[K/usr/include/c++/11/bits/std_function.h:435:9:[m[K [01;36m[Knote: [m[Kcandidate: ‘[01m[Ktemplate<class _Functor, class _Constraints> std::function<_Res(_ArgTypes ...)>::function(_Functor&&) [with _Functor = _Functor; _Constraints = _Constraints; _Res = void; _ArgTypes = {const ff_msgs::msg::AckStamped_<std::allocator<void> >&}][m[K’
[4.863s]   435 |         [01;36m[Kfunction[m[K(_Functor&& __f)
[4.863s]       |         [01;36m[K^~~~~~~~[m[K
[4.863s] [01m[K/usr/include/c++/11/bits/std_function.h:435:9:[m[K [01;36m[Knote: [m[K  template argument deduction/substitution failed:
[4.863s] In file included from [01m[K/usr/include/c++/11/ratio:39[m[K,
[4.863s]                  from [01m[K/usr/include/c++/11/chrono:39[m[K,
[4.863s]                  from [01m[K/home/zyme/ros_ws/executive_teleop/executive_teleop/src/teleop_tool.cc:19[m[K:
[4.863s] /usr/include/c++/11/type_traits: In substitution of ‘[01m[Ktemplate<bool _Cond, class _Tp> using __enable_if_t = typename std::enable_if::type [with bool _Cond = false; _Tp = void][m[K’:
[4.863s] [01m[K/usr/include/c++/11/bits/std_function.h:353:8:[m[K   required by substitution of ‘[01m[Ktemplate<class _Res, class ... _ArgTypes> template<class _Cond, class _Tp> using _Requires = std::__enable_if_t<_Cond::value, _Tp> [with _Cond = std::function<void(const ff_msgs::msg::AckStamped_<std::allocator<void> >&)>::_Callable<std::_Bind<void (executive_teleop::*(std::shared_ptr<rclcpp::Node>, std::_Placeholder<1>))(const ff_msgs::msg::AckStamped_<std::allocator<void> >&)>&, std::_Bind<void (executive_teleop::*(std::shared_ptr<rclcpp::Node>, std::_Placeholder<1>))(const ff_msgs::msg::AckStamped_<std::allocator<void> >&)>, std::__invoke_result<std::_Bind<void (executive_teleop::*(std::shared_ptr<rclcpp::Node>, std::_Placeholder<1>))(const ff_msgs::msg::AckStamped_<std::allocator<void> >&)>&, const ff_msgs::msg::AckStamped_<std::allocator<void> >&> >; _Tp = void; _Res = void; _ArgTypes = {const ff_msgs::msg::AckStamped_<std::allocator<void> >&}][m[K’
[4.863s] [01m[K/usr/include/c++/11/bits/std_function.h:434:9:[m[K   required from ‘[01m[Krclcpp::AnySubscriptionCallback<MessageT, AllocatorT> rclcpp::AnySubscriptionCallback<MessageT, AllocatorT>::set(CallbackT) [with CallbackT = std::_Bind<void (executive_teleop::*(std::shared_ptr<rclcpp::Node>, std::_Placeholder<1>))(const ff_msgs::msg::AckStamped_<std::allocator<void> >&)>; MessageT = ff_msgs::msg::AckStamped_<std::allocator<void> >; AllocatorT = std::allocator<void>][m[K’
[4.863s] [01m[K/opt/ros/humble/include/rclcpp/rclcpp/subscription_factory.hpp:94:32:[m[K   required from ‘[01m[Krclcpp::SubscriptionFactory rclcpp::create_subscription_factory(CallbackT&&, const rclcpp::SubscriptionOptionsWithAllocator<AllocatorT>&, typename MessageMemoryStrategyT::SharedPtr, std::shared_ptr<rclcpp::topic_statistics::SubscriptionTopicStatistics<ROSMessageType> >) [with MessageT = ff_msgs::msg::AckStamped_<std::allocator<void> >; CallbackT = std::_Bind<void (executive_teleop::*(std::shared_ptr<rclcpp::Node>, std::_Placeholder<1>))(const ff_msgs::msg::AckStamped_<std::allocator<void> >&)>; AllocatorT = std::allocator<void>; SubscriptionT = rclcpp::Subscription<ff_msgs::msg::AckStamped_<std::allocator<void> >, std::allocator<void>, ff_msgs::msg::AckStamped_<std::allocator<void> >, ff_msgs::msg::AckStamped_<std::allocator<void> >, rclcpp::message_memory_strategy::MessageMemoryStrategy<ff_msgs::msg::AckStamped_<std::allocator<void> >, std::allocator<void> > >; MessageMemoryStrategyT = rclcpp::message_memory_strategy::MessageMemoryStrategy<ff_msgs::msg::AckStamped_<std::allocator<void> >, std::allocator<void> >; ROSMessageType = ff_msgs::msg::AckStamped_<std::allocator<void> >; typename MessageMemoryStrategyT::SharedPtr = std::shared_ptr<rclcpp::message_memory_strategy::MessageMemoryStrategy<ff_msgs::msg::AckStamped_<std::allocator<void> >, std::allocator<void> > >][m[K’
[4.863s] [01m[K/opt/ros/humble/include/rclcpp/rclcpp/create_subscription.hpp:122:63:[m[K   required from ‘[01m[Kstd::shared_ptr<ROSMessageT> rclcpp::detail::create_subscription(NodeParametersT&, NodeTopicsT&, const string&, const rclcpp::QoS&, CallbackT&&, const rclcpp::SubscriptionOptionsWithAllocator<AllocatorT>&, typename MessageMemoryStrategyT::SharedPtr) [with MessageT = ff_msgs::msg::AckStamped_<std::allocator<void> >; CallbackT = std::_Bind<void (executive_teleop::*(std::shared_ptr<rclcpp::Node>, std::_Placeholder<1>))(const ff_msgs::msg::AckStamped_<std::allocator<void> >&)>; AllocatorT = std::allocator<void>; SubscriptionT = rclcpp::Subscription<ff_msgs::msg::AckStamped_<std::allocator<void> >, std::allocator<void>, ff_msgs::msg::AckStamped_<std::allocator<void> >, ff_msgs::msg::AckStamped_<std::allocator<void> >, rclcpp::message_memory_strategy::MessageMemoryStrategy<ff_msgs::msg::AckStamped_<std::allocator<void> >, std::allocator<void> > >; MessageMemoryStrategyT = rclcpp::message_memory_strategy::MessageMemoryStrategy<ff_msgs::msg::AckStamped_<std::allocator<void> >, std::allocator<void> >; NodeParametersT = rclcpp::Node; NodeTopicsT = rclcpp::Node; ROSMessageType = ff_msgs::msg::AckStamped_<std::allocator<void> >; std::string = std::__cxx11::basic_string<char>; typename MessageMemoryStrategyT::SharedPtr = std::shared_ptr<rclcpp::message_memory_strategy::MessageMemoryStrategy<ff_msgs::msg::AckStamped_<std::allocator<void> >, std::allocator<void> > >][m[K’
[4.863s] [01m[K/opt/ros/humble/include/rclcpp/rclcpp/create_subscription.hpp:191:76:[m[K   required from ‘[01m[Kstd::shared_ptr<ROSMessageT> rclcpp::create_subscription(NodeT&, const string&, const rclcpp::QoS&, CallbackT&&, const rclcpp::SubscriptionOptionsWithAllocator<AllocatorT>&, typename MessageMemoryStrategyT::SharedPtr) [with MessageT = ff_msgs::msg::AckStamped_<std::allocator<void> >; CallbackT = std::_Bind<void (executive_teleop::*(std::shared_ptr<rclcpp::Node>, std::_Placeholder<1>))(const ff_msgs::msg::AckStamped_<std::allocator<void> >&)>; AllocatorT = std::allocator<void>; SubscriptionT = rclcpp::Subscription<ff_msgs::msg::AckStamped_<std::allocator<void> >, std::allocator<void>, ff_msgs::msg::AckStamped_<std::allocator<void> >, ff_msgs::msg::AckStamped_<std::allocator<void> >, rclcpp::message_memory_strategy::MessageMemoryStrategy<ff_msgs::msg::AckStamped_<std::allocator<void> >, std::allocator<void> > >; MessageMemoryStrategyT = rclcpp::message_memory_strategy::MessageMemoryStrategy<ff_msgs::msg::AckStamped_<std::allocator<void> >, std::allocator<void> >; NodeT = rclcpp::Node; std::string = std::__cxx11::basic_string<char>; typename MessageMemoryStrategyT::SharedPtr = std::shared_ptr<rclcpp::message_memory_strategy::MessageMemoryStrategy<ff_msgs::msg::AckStamped_<std::allocator<void> >, std::allocator<void> > >][m[K’
[4.863s] [01m[K/opt/ros/humble/include/rclcpp/rclcpp/node_impl.hpp:99:47:[m[K   required from ‘[01m[Kstd::shared_ptr<ROSMessageT> rclcpp::Node::create_subscription(const string&, const rclcpp::QoS&, CallbackT&&, const rclcpp::SubscriptionOptionsWithAllocator<AllocatorT>&, typename MessageMemoryStrategyT::SharedPtr) [with MessageT = ff_msgs::msg::AckStamped_<std::allocator<void> >; CallbackT = std::_Bind<void (executive_teleop::*(std::shared_ptr<rclcpp::Node>, std::_Placeholder<1>))(const ff_msgs::msg::AckStamped_<std::allocator<void> >&)>; AllocatorT = std::allocator<void>; SubscriptionT = rclcpp::Subscription<ff_msgs::msg::AckStamped_<std::allocator<void> >, std::allocator<void>, ff_msgs::msg::AckStamped_<std::allocator<void> >, ff_msgs::msg::AckStamped_<std::allocator<void> >, rclcpp::message_memory_strategy::MessageMemoryStrategy<ff_msgs::msg::AckStamped_<std::allocator<void> >, std::allocator<void> > >; MessageMemoryStrategyT = rclcpp::message_memory_strategy::MessageMemoryStrategy<ff_msgs::msg::AckStamped_<std::allocator<void> >, std::allocator<void> >; std::string = std::__cxx11::basic_string<char>; typename MessageMemoryStrategyT::SharedPtr = std::shared_ptr<rclcpp::message_memory_strategy::MessageMemoryStrategy<ff_msgs::msg::AckStamped_<std::allocator<void> >, std::allocator<void> > >][m[K’
[4.864s] [01m[K/home/zyme/ros_ws/executive_teleop/executive_teleop/src/teleop_tool.cc:775:64:[m[K   required from here
[4.864s] [01m[K/usr/include/c++/11/type_traits:2205:11:[m[K [01;31m[Kerror: [m[Kno type named ‘[01m[Ktype[m[K’ in ‘[01m[Kstruct std::enable_if<false, void>[m[K’
[4.864s]  2205 |     using [01;31m[K__enable_if_t[m[K = typename enable_if<_Cond, _Tp>::type;
[4.864s]       |           [01;31m[K^~~~~~~~~~~~~[m[K
[4.864s] In file included from [01m[K/usr/include/c++/11/functional:59[m[K,
[4.864s]                  from [01m[K/home/zyme/ros_ws/executive_teleop/executive_teleop/src/teleop_tool.cc:20[m[K:
[4.864s] /opt/ros/humble/include/rclcpp/rclcpp/any_subscription_callback.hpp: In instantiation of ‘[01m[Krclcpp::AnySubscriptionCallback<MessageT, AllocatorT> rclcpp::AnySubscriptionCallback<MessageT, AllocatorT>::set(CallbackT) [with CallbackT = std::_Bind<void (executive_teleop::*(std::shared_ptr<rclcpp::Node>, std::_Placeholder<1>))(const ff_msgs::msg::AckStamped_<std::allocator<void> >&)>; MessageT = ff_msgs::msg::AckStamped_<std::allocator<void> >; AllocatorT = std::allocator<void>][m[K’:
[4.864s] [01m[K/opt/ros/humble/include/rclcpp/rclcpp/subscription_factory.hpp:94:32:[m[K   required from ‘[01m[Krclcpp::SubscriptionFactory rclcpp::create_subscription_factory(CallbackT&&, const rclcpp::SubscriptionOptionsWithAllocator<AllocatorT>&, typename MessageMemoryStrategyT::SharedPtr, std::shared_ptr<rclcpp::topic_statistics::SubscriptionTopicStatistics<ROSMessageType> >) [with MessageT = ff_msgs::msg::AckStamped_<std::allocator<void> >; CallbackT = std::_Bind<void (executive_teleop::*(std::shared_ptr<rclcpp::Node>, std::_Placeholder<1>))(const ff_msgs::msg::AckStamped_<std::allocator<void> >&)>; AllocatorT = std::allocator<void>; SubscriptionT = rclcpp::Subscription<ff_msgs::msg::AckStamped_<std::allocator<void> >, std::allocator<void>, ff_msgs::msg::AckStamped_<std::allocator<void> >, ff_msgs::msg::AckStamped_<std::allocator<void> >, rclcpp::message_memory_strategy::MessageMemoryStrategy<ff_msgs::msg::AckStamped_<std::allocator<void> >, std::allocator<void> > >; MessageMemoryStrategyT = rclcpp::message_memory_strategy::MessageMemoryStrategy<ff_msgs::msg::AckStamped_<std::allocator<void> >, std::allocator<void> >; ROSMessageType = ff_msgs::msg::AckStamped_<std::allocator<void> >; typename MessageMemoryStrategyT::SharedPtr = std::shared_ptr<rclcpp::message_memory_strategy::MessageMemoryStrategy<ff_msgs::msg::AckStamped_<std::allocator<void> >, std::allocator<void> > >][m[K’
[4.864s] [01m[K/opt/ros/humble/include/rclcpp/rclcpp/create_subscription.hpp:122:63:[m[K   required from ‘[01m[Kstd::shared_ptr<ROSMessageT> rclcpp::detail::create_subscription(NodeParametersT&, NodeTopicsT&, const string&, const rclcpp::QoS&, CallbackT&&, const rclcpp::SubscriptionOptionsWithAllocator<AllocatorT>&, typename MessageMemoryStrategyT::SharedPtr) [with MessageT = ff_msgs::msg::AckStamped_<std::allocator<void> >; CallbackT = std::_Bind<void (executive_teleop::*(std::shared_ptr<rclcpp::Node>, std::_Placeholder<1>))(const ff_msgs::msg::AckStamped_<std::allocator<void> >&)>; AllocatorT = std::allocator<void>; SubscriptionT = rclcpp::Subscription<ff_msgs::msg::AckStamped_<std::allocator<void> >, std::allocator<void>, ff_msgs::msg::AckStamped_<std::allocator<void> >, ff_msgs::msg::AckStamped_<std::allocator<void> >, rclcpp::message_memory_strategy::MessageMemoryStrategy<ff_msgs::msg::AckStamped_<std::allocator<void> >, std::allocator<void> > >; MessageMemoryStrategyT = rclcpp::message_memory_strategy::MessageMemoryStrategy<ff_msgs::msg::AckStamped_<std::allocator<void> >, std::allocator<void> >; NodeParametersT = rclcpp::Node; NodeTopicsT = rclcpp::Node; ROSMessageType = ff_msgs::msg::AckStamped_<std::allocator<void> >; std::string = std::__cxx11::basic_string<char>; typename MessageMemoryStrategyT::SharedPtr = std::shared_ptr<rclcpp::message_memory_strategy::MessageMemoryStrategy<ff_msgs::msg::AckStamped_<std::allocator<void> >, std::allocator<void> > >][m[K’
[4.864s] [01m[K/opt/ros/humble/include/rclcpp/rclcpp/create_subscription.hpp:191:76:[m[K   required from ‘[01m[Kstd::shared_ptr<ROSMessageT> rclcpp::create_subscription(NodeT&, const string&, const rclcpp::QoS&, CallbackT&&, const rclcpp::SubscriptionOptionsWithAllocator<AllocatorT>&, typename MessageMemoryStrategyT::SharedPtr) [with MessageT = ff_msgs::msg::AckStamped_<std::allocator<void> >; CallbackT = std::_Bind<void (executive_teleop::*(std::shared_ptr<rclcpp::Node>, std::_Placeholder<1>))(const ff_msgs::msg::AckStamped_<std::allocator<void> >&)>; AllocatorT = std::allocator<void>; SubscriptionT = rclcpp::Subscription<ff_msgs::msg::AckStamped_<std::allocator<void> >, std::allocator<void>, ff_msgs::msg::AckStamped_<std::allocator<void> >, ff_msgs::msg::AckStamped_<std::allocator<void> >, rclcpp::message_memory_strategy::MessageMemoryStrategy<ff_msgs::msg::AckStamped_<std::allocator<void> >, std::allocator<void> > >; MessageMemoryStrategyT = rclcpp::message_memory_strategy::MessageMemoryStrategy<ff_msgs::msg::AckStamped_<std::allocator<void> >, std::allocator<void> >; NodeT = rclcpp::Node; std::string = std::__cxx11::basic_string<char>; typename MessageMemoryStrategyT::SharedPtr = std::shared_ptr<rclcpp::message_memory_strategy::MessageMemoryStrategy<ff_msgs::msg::AckStamped_<std::allocator<void> >, std::allocator<void> > >][m[K’
[4.864s] [01m[K/opt/ros/humble/include/rclcpp/rclcpp/node_impl.hpp:99:47:[m[K   required from ‘[01m[Kstd::shared_ptr<ROSMessageT> rclcpp::Node::create_subscription(const string&, const rclcpp::QoS&, CallbackT&&, const rclcpp::SubscriptionOptionsWithAllocator<AllocatorT>&, typename MessageMemoryStrategyT::SharedPtr) [with MessageT = ff_msgs::msg::AckStamped_<std::allocator<void> >; CallbackT = std::_Bind<void (executive_teleop::*(std::shared_ptr<rclcpp::Node>, std::_Placeholder<1>))(const ff_msgs::msg::AckStamped_<std::allocator<void> >&)>; AllocatorT = std::allocator<void>; SubscriptionT = rclcpp::Subscription<ff_msgs::msg::AckStamped_<std::allocator<void> >, std::allocator<void>, ff_msgs::msg::AckStamped_<std::allocator<void> >, ff_msgs::msg::AckStamped_<std::allocator<void> >, rclcpp::message_memory_strategy::MessageMemoryStrategy<ff_msgs::msg::AckStamped_<std::allocator<void> >, std::allocator<void> > >; MessageMemoryStrategyT = rclcpp::message_memory_strategy::MessageMemoryStrategy<ff_msgs::msg::AckStamped_<std::allocator<void> >, std::allocator<void> >; std::string = std::__cxx11::basic_string<char>; typename MessageMemoryStrategyT::SharedPtr = std::shared_ptr<rclcpp::message_memory_strategy::MessageMemoryStrategy<ff_msgs::msg::AckStamped_<std::allocator<void> >, std::allocator<void> > >][m[K’
[4.864s] [01m[K/home/zyme/ros_ws/executive_teleop/executive_teleop/src/teleop_tool.cc:775:64:[m[K   required from here
[4.864s] [01m[K/usr/include/c++/11/bits/std_function.h:404:7:[m[K [01;36m[Knote: [m[Kcandidate: ‘[01m[Kstd::function<_Res(_ArgTypes ...)>::function(std::function<_Res(_ArgTypes ...)>&&) [with _Res = void; _ArgTypes = {const ff_msgs::msg::AckStamped_<std::allocator<void> >&}][m[K’
[4.864s]   404 |       [01;36m[Kfunction[m[K(function&& __x) noexcept
[4.864s]       |       [01;36m[K^~~~~~~~[m[K
[4.864s] [01m[K/usr/include/c++/11/bits/std_function.h:404:27:[m[K [01;36m[Knote: [m[K  no known conversion for argument 1 from ‘[01m[Kstd::_Bind<void (executive_teleop::*(std::shared_ptr<rclcpp::Node>, std::_Placeholder<1>))(const ff_msgs::msg::AckStamped_<std::allocator<void> >&)>[m[K’ to ‘[01m[Kstd::function<void(const ff_msgs::msg::AckStamped_<std::allocator<void> >&)>&&[m[K’
[4.864s]   404 |       function([01;36m[Kfunction&& __x[m[K) noexcept
[4.864s]       |                [01;36m[K~~~~~~~~~~~^~~[m[K
[4.864s] [01m[K/usr/include/c++/11/bits/std_function.h:386:7:[m[K [01;36m[Knote: [m[Kcandidate: ‘[01m[Kstd::function<_Res(_ArgTypes ...)>::function(const std::function<_Res(_ArgTypes ...)>&) [with _Res = void; _ArgTypes = {const ff_msgs::msg::AckStamped_<std::allocator<void> >&}][m[K’
[4.865s]   386 |       [01;36m[Kfunction[m[K(const function& __x)
[4.865s]       |       [01;36m[K^~~~~~~~[m[K
[4.865s] [01m[K/usr/include/c++/11/bits/std_function.h:386:32:[m[K [01;36m[Knote: [m[K  no known conversion for argument 1 from ‘[01m[Kstd::_Bind<void (executive_teleop::*(std::shared_ptr<rclcpp::Node>, std::_Placeholder<1>))(const ff_msgs::msg::AckStamped_<std::allocator<void> >&)>[m[K’ to ‘[01m[Kconst std::function<void(const ff_msgs::msg::AckStamped_<std::allocator<void> >&)>&[m[K’
[4.865s]   386 |       function([01;36m[Kconst function& __x[m[K)
[4.865s]       |                [01;36m[K~~~~~~~~~~~~~~~~^~~[m[K
[4.865s] [01m[K/usr/include/c++/11/bits/std_function.h:375:7:[m[K [01;36m[Knote: [m[Kcandidate: ‘[01m[Kstd::function<_Res(_ArgTypes ...)>::function(std::nullptr_t) [with _Res = void; _ArgTypes = {const ff_msgs::msg::AckStamped_<std::allocator<void> >&}; std::nullptr_t = std::nullptr_t][m[K’
[4.865s]   375 |       [01;36m[Kfunction[m[K(nullptr_t) noexcept
[4.865s]       |       [01;36m[K^~~~~~~~[m[K
[4.865s] [01m[K/usr/include/c++/11/bits/std_function.h:375:16:[m[K [01;36m[Knote: [m[K  no known conversion for argument 1 from ‘[01m[Kstd::_Bind<void (executive_teleop::*(std::shared_ptr<rclcpp::Node>, std::_Placeholder<1>))(const ff_msgs::msg::AckStamped_<std::allocator<void> >&)>[m[K’ to ‘[01m[Kstd::nullptr_t[m[K’
[4.865s]   375 |       function([01;36m[Knullptr_t[m[K) noexcept
[4.865s]       |                [01;36m[K^~~~~~~~~[m[K
[4.865s] [01m[K/usr/include/c++/11/bits/std_function.h:368:7:[m[K [01;36m[Knote: [m[Kcandidate: ‘[01m[Kstd::function<_Res(_ArgTypes ...)>::function() [with _Res = void; _ArgTypes = {const ff_msgs::msg::AckStamped_<std::allocator<void> >&}][m[K’
[4.865s]   368 |       [01;36m[Kfunction[m[K() noexcept
[4.865s]       |       [01;36m[K^~~~~~~~[m[K
[4.865s] [01m[K/usr/include/c++/11/bits/std_function.h:368:7:[m[K [01;36m[Knote: [m[K  candidate expects 0 arguments, 1 provided
[4.887s] In file included from [01m[K/opt/ros/humble/include/rclcpp/rclcpp/subscription_base.hpp:32[m[K,
[4.887s]                  from [01m[K/opt/ros/humble/include/rclcpp/rclcpp/callback_group.hpp:29[m[K,
[4.887s]                  from [01m[K/opt/ros/humble/include/rclcpp/rclcpp/any_executable.hpp:20[m[K,
[4.888s]                  from [01m[K/opt/ros/humble/include/rclcpp/rclcpp/memory_strategy.hpp:25[m[K,
[4.888s]                  from [01m[K/opt/ros/humble/include/rclcpp/rclcpp/memory_strategies.hpp:18[m[K,
[4.888s]                  from [01m[K/opt/ros/humble/include/rclcpp/rclcpp/executor_options.hpp:20[m[K,
[4.888s]                  from [01m[K/opt/ros/humble/include/rclcpp/rclcpp/executor.hpp:37[m[K,
[4.888s]                  from [01m[K/opt/ros/humble/include/rclcpp/rclcpp/executors/multi_threaded_executor.hpp:25[m[K,
[4.888s]                  from [01m[K/opt/ros/humble/include/rclcpp/rclcpp/executors.hpp:21[m[K,
[4.888s]                  from [01m[K/opt/ros/humble/include/rclcpp/rclcpp/rclcpp.hpp:155[m[K,
[4.888s]                  from [01m[K/home/zyme/ros_ws/executive_teleop/executive_teleop/src/teleop_tool.cc:29[m[K:
[4.888s] /opt/ros/humble/include/rclcpp/rclcpp/any_subscription_callback.hpp: In instantiation of ‘[01m[Krclcpp::AnySubscriptionCallback<MessageT, AllocatorT> rclcpp::AnySubscriptionCallback<MessageT, AllocatorT>::set(CallbackT) [with CallbackT = std::_Bind<void (executive_teleop::*(std::shared_ptr<rclcpp::Node>, std::_Placeholder<1>))(const ff_msgs::msg::AgentStateStamped_<std::allocator<void> >&)>; MessageT = ff_msgs::msg::AgentStateStamped_<std::allocator<void> >; AllocatorT = std::allocator<void>][m[K’:
[4.888s] [01m[K/opt/ros/humble/include/rclcpp/rclcpp/subscription_factory.hpp:94:32:[m[K   required from ‘[01m[Krclcpp::SubscriptionFactory rclcpp::create_subscription_factory(CallbackT&&, const rclcpp::SubscriptionOptionsWithAllocator<AllocatorT>&, typename MessageMemoryStrategyT::SharedPtr, std::shared_ptr<rclcpp::topic_statistics::SubscriptionTopicStatistics<ROSMessageType> >) [with MessageT = ff_msgs::msg::AgentStateStamped_<std::allocator<void> >; CallbackT = std::_Bind<void (executive_teleop::*(std::shared_ptr<rclcpp::Node>, std::_Placeholder<1>))(const ff_msgs::msg::AgentStateStamped_<std::allocator<void> >&)>; AllocatorT = std::allocator<void>; SubscriptionT = rclcpp::Subscription<ff_msgs::msg::AgentStateStamped_<std::allocator<void> >, std::allocator<void>, ff_msgs::msg::AgentStateStamped_<std::allocator<void> >, ff_msgs::msg::AgentStateStamped_<std::allocator<void> >, rclcpp::message_memory_strategy::MessageMemoryStrategy<ff_msgs::msg::AgentStateStamped_<std::allocator<void> >, std::allocator<void> > >; MessageMemoryStrategyT = rclcpp::message_memory_strategy::MessageMemoryStrategy<ff_msgs::msg::AgentStateStamped_<std::allocator<void> >, std::allocator<void> >; ROSMessageType = ff_msgs::msg::AgentStateStamped_<std::allocator<void> >; typename MessageMemoryStrategyT::SharedPtr = std::shared_ptr<rclcpp::message_memory_strategy::MessageMemoryStrategy<ff_msgs::msg::AgentStateStamped_<std::allocator<void> >, std::allocator<void> > >][m[K’
[4.888s] [01m[K/opt/ros/humble/include/rclcpp/rclcpp/create_subscription.hpp:122:63:[m[K   required from ‘[01m[Kstd::shared_ptr<ROSMessageT> rclcpp::detail::create_subscription(NodeParametersT&, NodeTopicsT&, const string&, const rclcpp::QoS&, CallbackT&&, const rclcpp::SubscriptionOptionsWithAllocator<AllocatorT>&, typename MessageMemoryStrategyT::SharedPtr) [with MessageT = ff_msgs::msg::AgentStateStamped_<std::allocator<void> >; CallbackT = std::_Bind<void (executive_teleop::*(std::shared_ptr<rclcpp::Node>, std::_Placeholder<1>))(const ff_msgs::msg::AgentStateStamped_<std::allocator<void> >&)>; AllocatorT = std::allocator<void>; SubscriptionT = rclcpp::Subscription<ff_msgs::msg::AgentStateStamped_<std::allocator<void> >, std::allocator<void>, ff_msgs::msg::AgentStateStamped_<std::allocator<void> >, ff_msgs::msg::AgentStateStamped_<std::allocator<void> >, rclcpp::message_memory_strategy::MessageMemoryStrategy<ff_msgs::msg::AgentStateStamped_<std::allocator<void> >, std::allocator<void> > >; MessageMemoryStrategyT = rclcpp::message_memory_strategy::MessageMemoryStrategy<ff_msgs::msg::AgentStateStamped_<std::allocator<void> >, std::allocator<void> >; NodeParametersT = rclcpp::Node; NodeTopicsT = rclcpp::Node; ROSMessageType = ff_msgs::msg::AgentStateStamped_<std::allocator<void> >; std::string = std::__cxx11::basic_string<char>; typename MessageMemoryStrategyT::SharedPtr = std::shared_ptr<rclcpp::message_memory_strategy::MessageMemoryStrategy<ff_msgs::msg::AgentStateStamped_<std::allocator<void> >, std::allocator<void> > >][m[K’
[4.888s] [01m[K/opt/ros/humble/include/rclcpp/rclcpp/create_subscription.hpp:191:76:[m[K   required from ‘[01m[Kstd::shared_ptr<ROSMessageT> rclcpp::create_subscription(NodeT&, const string&, const rclcpp::QoS&, CallbackT&&, const rclcpp::SubscriptionOptionsWithAllocator<AllocatorT>&, typename MessageMemoryStrategyT::SharedPtr) [with MessageT = ff_msgs::msg::AgentStateStamped_<std::allocator<void> >; CallbackT = std::_Bind<void (executive_teleop::*(std::shared_ptr<rclcpp::Node>, std::_Placeholder<1>))(const ff_msgs::msg::AgentStateStamped_<std::allocator<void> >&)>; AllocatorT = std::allocator<void>; SubscriptionT = rclcpp::Subscription<ff_msgs::msg::AgentStateStamped_<std::allocator<void> >, std::allocator<void>, ff_msgs::msg::AgentStateStamped_<std::allocator<void> >, ff_msgs::msg::AgentStateStamped_<std::allocator<void> >, rclcpp::message_memory_strategy::MessageMemoryStrategy<ff_msgs::msg::AgentStateStamped_<std::allocator<void> >, std::allocator<void> > >; MessageMemoryStrategyT = rclcpp::message_memory_strategy::MessageMemoryStrategy<ff_msgs::msg::AgentStateStamped_<std::allocator<void> >, std::allocator<void> >; NodeT = rclcpp::Node; std::string = std::__cxx11::basic_string<char>; typename MessageMemoryStrategyT::SharedPtr = std::shared_ptr<rclcpp::message_memory_strategy::MessageMemoryStrategy<ff_msgs::msg::AgentStateStamped_<std::allocator<void> >, std::allocator<void> > >][m[K’
[4.888s] [01m[K/opt/ros/humble/include/rclcpp/rclcpp/node_impl.hpp:99:47:[m[K   required from ‘[01m[Kstd::shared_ptr<ROSMessageT> rclcpp::Node::create_subscription(const string&, const rclcpp::QoS&, CallbackT&&, const rclcpp::SubscriptionOptionsWithAllocator<AllocatorT>&, typename MessageMemoryStrategyT::SharedPtr) [with MessageT = ff_msgs::msg::AgentStateStamped_<std::allocator<void> >; CallbackT = std::_Bind<void (executive_teleop::*(std::shared_ptr<rclcpp::Node>, std::_Placeholder<1>))(const ff_msgs::msg::AgentStateStamped_<std::allocator<void> >&)>; AllocatorT = std::allocator<void>; SubscriptionT = rclcpp::Subscription<ff_msgs::msg::AgentStateStamped_<std::allocator<void> >, std::allocator<void>, ff_msgs::msg::AgentStateStamped_<std::allocator<void> >, ff_msgs::msg::AgentStateStamped_<std::allocator<void> >, rclcpp::message_memory_strategy::MessageMemoryStrategy<ff_msgs::msg::AgentStateStamped_<std::allocator<void> >, std::allocator<void> > >; MessageMemoryStrategyT = rclcpp::message_memory_strategy::MessageMemoryStrategy<ff_msgs::msg::AgentStateStamped_<std::allocator<void> >, std::allocator<void> >; std::string = std::__cxx11::basic_string<char>; typename MessageMemoryStrategyT::SharedPtr = std::shared_ptr<rclcpp::message_memory_strategy::MessageMemoryStrategy<ff_msgs::msg::AgentStateStamped_<std::allocator<void> >, std::allocator<void> > >][m[K’
[4.888s] [01m[K/home/zyme/ros_ws/executive_teleop/executive_teleop/src/teleop_tool.cc:823:81:[m[K   required from here
[4.888s] [01m[K/opt/ros/humble/include/rclcpp/rclcpp/any_subscription_callback.hpp:394:27:[m[K [01;31m[Kerror: [m[Kno matching function for call to ‘[01m[Kstd::function<void(const ff_msgs::msg::AgentStateStamped_<std::allocator<void> >&)>::function(std::_Bind<void (executive_teleop::*(std::shared_ptr<rclcpp::Node>, std::_Placeholder<1>))(const ff_msgs::msg::AgentStateStamped_<std::allocator<void> >&)>&)[m[K’
[4.888s]   394 |       callback_variant_ = [01;31m[Kstatic_cast<typename scbth::callback_type>(callback)[m[K;
[4.888s]       |                           [01;31m[K^~~~~~~~~~~~~~~~~~~~~~~~~~~~~~~~~~~~~~~~~~~~~~~~~~~~[m[K
[4.888s] In file included from [01m[K/usr/include/c++/11/functional:59[m[K,
[4.888s]                  from [01m[K/home/zyme/ros_ws/executive_teleop/executive_teleop/src/teleop_tool.cc:20[m[K:
[4.889s] [01m[K/usr/include/c++/11/bits/std_function.h:435:9:[m[K [01;36m[Knote: [m[Kcandidate: ‘[01m[Ktemplate<class _Functor, class _Constraints> std::function<_Res(_ArgTypes ...)>::function(_Functor&&) [with _Functor = _Functor; _Constraints = _Constraints; _Res = void; _ArgTypes = {const ff_msgs::msg::AgentStateStamped_<std::allocator<void> >&}][m[K’
[4.889s]   435 |         [01;36m[Kfunction[m[K(_Functor&& __f)
[4.889s]       |         [01;36m[K^~~~~~~~[m[K
[4.889s] [01m[K/usr/include/c++/11/bits/std_function.h:435:9:[m[K [01;36m[Knote: [m[K  template argument deduction/substitution failed:
[4.889s] [01m[K/usr/include/c++/11/bits/std_function.h:404:7:[m[K [01;36m[Knote: [m[Kcandidate: ‘[01m[Kstd::function<_Res(_ArgTypes ...)>::function(std::function<_Res(_ArgTypes ...)>&&) [with _Res = void; _ArgTypes = {const ff_msgs::msg::AgentStateStamped_<std::allocator<void> >&}][m[K’
[4.889s]   404 |       [01;36m[Kfunction[m[K(function&& __x) noexcept
[4.889s]       |       [01;36m[K^~~~~~~~[m[K
[4.889s] [01m[K/usr/include/c++/11/bits/std_function.h:404:27:[m[K [01;36m[Knote: [m[K  no known conversion for argument 1 from ‘[01m[Kstd::_Bind<void (executive_teleop::*(std::shared_ptr<rclcpp::Node>, std::_Placeholder<1>))(const ff_msgs::msg::AgentStateStamped_<std::allocator<void> >&)>[m[K’ to ‘[01m[Kstd::function<void(const ff_msgs::msg::AgentStateStamped_<std::allocator<void> >&)>&&[m[K’
[4.889s]   404 |       function([01;36m[Kfunction&& __x[m[K) noexcept
[4.889s]       |                [01;36m[K~~~~~~~~~~~^~~[m[K
[4.889s] [01m[K/usr/include/c++/11/bits/std_function.h:386:7:[m[K [01;36m[Knote: [m[Kcandidate: ‘[01m[Kstd::function<_Res(_ArgTypes ...)>::function(const std::function<_Res(_ArgTypes ...)>&) [with _Res = void; _ArgTypes = {const ff_msgs::msg::AgentStateStamped_<std::allocator<void> >&}][m[K’
[4.889s]   386 |       [01;36m[Kfunction[m[K(const function& __x)
[4.889s]       |       [01;36m[K^~~~~~~~[m[K
[4.889s] [01m[K/usr/include/c++/11/bits/std_function.h:386:32:[m[K [01;36m[Knote: [m[K  no known conversion for argument 1 from ‘[01m[Kstd::_Bind<void (executive_teleop::*(std::shared_ptr<rclcpp::Node>, std::_Placeholder<1>))(const ff_msgs::msg::AgentStateStamped_<std::allocator<void> >&)>[m[K’ to ‘[01m[Kconst std::function<void(const ff_msgs::msg::AgentStateStamped_<std::allocator<void> >&)>&[m[K’
[4.889s]   386 |       function([01;36m[Kconst function& __x[m[K)
[4.889s]       |                [01;36m[K~~~~~~~~~~~~~~~~^~~[m[K
[4.889s] [01m[K/usr/include/c++/11/bits/std_function.h:375:7:[m[K [01;36m[Knote: [m[Kcandidate: ‘[01m[Kstd::function<_Res(_ArgTypes ...)>::function(std::nullptr_t) [with _Res = void; _ArgTypes = {const ff_msgs::msg::AgentStateStamped_<std::allocator<void> >&}; std::nullptr_t = std::nullptr_t][m[K’
[4.889s]   375 |       [01;36m[Kfunction[m[K(nullptr_t) noexcept
[4.889s]       |       [01;36m[K^~~~~~~~[m[K
[4.889s] [01m[K/usr/include/c++/11/bits/std_function.h:375:16:[m[K [01;36m[Knote: [m[K  no known conversion for argument 1 from ‘[01m[Kstd::_Bind<void (executive_teleop::*(std::shared_ptr<rclcpp::Node>, std::_Placeholder<1>))(const ff_msgs::msg::AgentStateStamped_<std::allocator<void> >&)>[m[K’ to ‘[01m[Kstd::nullptr_t[m[K’
[4.889s]   375 |       function([01;36m[Knullptr_t[m[K) noexcept
[4.890s]       |                [01;36m[K^~~~~~~~~[m[K
[4.890s] [01m[K/usr/include/c++/11/bits/std_function.h:368:7:[m[K [01;36m[Knote: [m[Kcandidate: ‘[01m[Kstd::function<_Res(_ArgTypes ...)>::function() [with _Res = void; _ArgTypes = {const ff_msgs::msg::AgentStateStamped_<std::allocator<void> >&}][m[K’
[4.890s]   368 |       [01;36m[Kfunction[m[K() noexcept
[4.890s]       |       [01;36m[K^~~~~~~~[m[K
[4.890s] [01m[K/usr/include/c++/11/bits/std_function.h:368:7:[m[K [01;36m[Knote: [m[K  candidate expects 0 arguments, 1 provided
[4.905s] In file included from [01m[K/opt/ros/humble/include/rclcpp/rclcpp/subscription_base.hpp:32[m[K,
[4.905s]                  from [01m[K/opt/ros/humble/include/rclcpp/rclcpp/callback_group.hpp:29[m[K,
[4.905s]                  from [01m[K/opt/ros/humble/include/rclcpp/rclcpp/any_executable.hpp:20[m[K,
[4.905s]                  from [01m[K/opt/ros/humble/include/rclcpp/rclcpp/memory_strategy.hpp:25[m[K,
[4.905s]                  from [01m[K/opt/ros/humble/include/rclcpp/rclcpp/memory_strategies.hpp:18[m[K,
[4.905s]                  from [01m[K/opt/ros/humble/include/rclcpp/rclcpp/executor_options.hpp:20[m[K,
[4.905s]                  from [01m[K/opt/ros/humble/include/rclcpp/rclcpp/executor.hpp:37[m[K,
[4.905s]                  from [01m[K/opt/ros/humble/include/rclcpp/rclcpp/executors/multi_threaded_executor.hpp:25[m[K,
[4.906s]                  from [01m[K/opt/ros/humble/include/rclcpp/rclcpp/executors.hpp:21[m[K,
[4.906s]                  from [01m[K/opt/ros/humble/include/rclcpp/rclcpp/rclcpp.hpp:155[m[K,
[4.906s]                  from [01m[K/home/zyme/ros_ws/executive_teleop/executive_teleop/src/teleop_tool.cc:29[m[K:
[4.906s] /opt/ros/humble/include/rclcpp/rclcpp/any_subscription_callback.hpp: In instantiation of ‘[01m[Krclcpp::AnySubscriptionCallback<MessageT, AllocatorT> rclcpp::AnySubscriptionCallback<MessageT, AllocatorT>::set(CallbackT) [with CallbackT = std::_Bind<void (executive_teleop::*(std::shared_ptr<rclcpp::Node>, std::_Placeholder<1>))(const ff_msgs::msg::FaultState_<std::allocator<void> >&)>; MessageT = ff_msgs::msg::FaultState_<std::allocator<void> >; AllocatorT = std::allocator<void>][m[K’:
[4.906s] [01m[K/opt/ros/humble/include/rclcpp/rclcpp/subscription_factory.hpp:94:32:[m[K   required from ‘[01m[Krclcpp::SubscriptionFactory rclcpp::create_subscription_factory(CallbackT&&, const rclcpp::SubscriptionOptionsWithAllocator<AllocatorT>&, typename MessageMemoryStrategyT::SharedPtr, std::shared_ptr<rclcpp::topic_statistics::SubscriptionTopicStatistics<ROSMessageType> >) [with MessageT = ff_msgs::msg::FaultState_<std::allocator<void> >; CallbackT = std::_Bind<void (executive_teleop::*(std::shared_ptr<rclcpp::Node>, std::_Placeholder<1>))(const ff_msgs::msg::FaultState_<std::allocator<void> >&)>; AllocatorT = std::allocator<void>; SubscriptionT = rclcpp::Subscription<ff_msgs::msg::FaultState_<std::allocator<void> >, std::allocator<void>, ff_msgs::msg::FaultState_<std::allocator<void> >, ff_msgs::msg::FaultState_<std::allocator<void> >, rclcpp::message_memory_strategy::MessageMemoryStrategy<ff_msgs::msg::FaultState_<std::allocator<void> >, std::allocator<void> > >; MessageMemoryStrategyT = rclcpp::message_memory_strategy::MessageMemoryStrategy<ff_msgs::msg::FaultState_<std::allocator<void> >, std::allocator<void> >; ROSMessageType = ff_msgs::msg::FaultState_<std::allocator<void> >; typename MessageMemoryStrategyT::SharedPtr = std::shared_ptr<rclcpp::message_memory_strategy::MessageMemoryStrategy<ff_msgs::msg::FaultState_<std::allocator<void> >, std::allocator<void> > >][m[K’
[4.906s] [01m[K/opt/ros/humble/include/rclcpp/rclcpp/create_subscription.hpp:122:63:[m[K   required from ‘[01m[Kstd::shared_ptr<ROSMessageT> rclcpp::detail::create_subscription(NodeParametersT&, NodeTopicsT&, const string&, const rclcpp::QoS&, CallbackT&&, const rclcpp::SubscriptionOptionsWithAllocator<AllocatorT>&, typename MessageMemoryStrategyT::SharedPtr) [with MessageT = ff_msgs::msg::FaultState_<std::allocator<void> >; CallbackT = std::_Bind<void (executive_teleop::*(std::shared_ptr<rclcpp::Node>, std::_Placeholder<1>))(const ff_msgs::msg::FaultState_<std::allocator<void> >&)>; AllocatorT = std::allocator<void>; SubscriptionT = rclcpp::Subscription<ff_msgs::msg::FaultState_<std::allocator<void> >, std::allocator<void>, ff_msgs::msg::FaultState_<std::allocator<void> >, ff_msgs::msg::FaultState_<std::allocator<void> >, rclcpp::message_memory_strategy::MessageMemoryStrategy<ff_msgs::msg::FaultState_<std::allocator<void> >, std::allocator<void> > >; MessageMemoryStrategyT = rclcpp::message_memory_strategy::MessageMemoryStrategy<ff_msgs::msg::FaultState_<std::allocator<void> >, std::allocator<void> >; NodeParametersT = rclcpp::Node; NodeTopicsT = rclcpp::Node; ROSMessageType = ff_msgs::msg::FaultState_<std::allocator<void> >; std::string = std::__cxx11::basic_string<char>; typename MessageMemoryStrategyT::SharedPtr = std::shared_ptr<rclcpp::message_memory_strategy::MessageMemoryStrategy<ff_msgs::msg::FaultState_<std::allocator<void> >, std::allocator<void> > >][m[K’
[4.906s] [01m[K/opt/ros/humble/include/rclcpp/rclcpp/create_subscription.hpp:191:76:[m[K   required from ‘[01m[Kstd::shared_ptr<ROSMessageT> rclcpp::create_subscription(NodeT&, const string&, const rclcpp::QoS&, CallbackT&&, const rclcpp::SubscriptionOptionsWithAllocator<AllocatorT>&, typename MessageMemoryStrategyT::SharedPtr) [with MessageT = ff_msgs::msg::FaultState_<std::allocator<void> >; CallbackT = std::_Bind<void (executive_teleop::*(std::shared_ptr<rclcpp::Node>, std::_Placeholder<1>))(const ff_msgs::msg::FaultState_<std::allocator<void> >&)>; AllocatorT = std::allocator<void>; SubscriptionT = rclcpp::Subscription<ff_msgs::msg::FaultState_<std::allocator<void> >, std::allocator<void>, ff_msgs::msg::FaultState_<std::allocator<void> >, ff_msgs::msg::FaultState_<std::allocator<void> >, rclcpp::message_memory_strategy::MessageMemoryStrategy<ff_msgs::msg::FaultState_<std::allocator<void> >, std::allocator<void> > >; MessageMemoryStrategyT = rclcpp::message_memory_strategy::MessageMemoryStrategy<ff_msgs::msg::FaultState_<std::allocator<void> >, std::allocator<void> >; NodeT = rclcpp::Node; std::string = std::__cxx11::basic_string<char>; typename MessageMemoryStrategyT::SharedPtr = std::shared_ptr<rclcpp::message_memory_strategy::MessageMemoryStrategy<ff_msgs::msg::FaultState_<std::allocator<void> >, std::allocator<void> > >][m[K’
[4.906s] [01m[K/opt/ros/humble/include/rclcpp/rclcpp/node_impl.hpp:99:47:[m[K   required from ‘[01m[Kstd::shared_ptr<ROSMessageT> rclcpp::Node::create_subscription(const string&, const rclcpp::QoS&, CallbackT&&, const rclcpp::SubscriptionOptionsWithAllocator<AllocatorT>&, typename MessageMemoryStrategyT::SharedPtr) [with MessageT = ff_msgs::msg::FaultState_<std::allocator<void> >; CallbackT = std::_Bind<void (executive_teleop::*(std::shared_ptr<rclcpp::Node>, std::_Placeholder<1>))(const ff_msgs::msg::FaultState_<std::allocator<void> >&)>; AllocatorT = std::allocator<void>; SubscriptionT = rclcpp::Subscription<ff_msgs::msg::FaultState_<std::allocator<void> >, std::allocator<void>, ff_msgs::msg::FaultState_<std::allocator<void> >, ff_msgs::msg::FaultState_<std::allocator<void> >, rclcpp::message_memory_strategy::MessageMemoryStrategy<ff_msgs::msg::FaultState_<std::allocator<void> >, std::allocator<void> > >; MessageMemoryStrategyT = rclcpp::message_memory_strategy::MessageMemoryStrategy<ff_msgs::msg::FaultState_<std::allocator<void> >, std::allocator<void> >; std::string = std::__cxx11::basic_string<char>; typename MessageMemoryStrategyT::SharedPtr = std::shared_ptr<rclcpp::message_memory_strategy::MessageMemoryStrategy<ff_msgs::msg::FaultState_<std::allocator<void> >, std::allocator<void> > >][m[K’
[4.906s] [01m[K/home/zyme/ros_ws/executive_teleop/executive_teleop/src/teleop_tool.cc:830:74:[m[K   required from here
[4.906s] [01m[K/opt/ros/humble/include/rclcpp/rclcpp/any_subscription_callback.hpp:394:27:[m[K [01;31m[Kerror: [m[Kno matching function for call to ‘[01m[Kstd::function<void(const ff_msgs::msg::FaultState_<std::allocator<void> >&)>::function(std::_Bind<void (executive_teleop::*(std::shared_ptr<rclcpp::Node>, std::_Placeholder<1>))(const ff_msgs::msg::FaultState_<std::allocator<void> >&)>&)[m[K’
[4.906s]   394 |       callback_variant_ = [01;31m[Kstatic_cast<typename scbth::callback_type>(callback)[m[K;
[4.906s]       |                           [01;31m[K^~~~~~~~~~~~~~~~~~~~~~~~~~~~~~~~~~~~~~~~~~~~~~~~~~~~[m[K
[4.906s] In file included from [01m[K/usr/include/c++/11/functional:59[m[K,
[4.906s]                  from [01m[K/home/zyme/ros_ws/executive_teleop/executive_teleop/src/teleop_tool.cc:20[m[K:
[4.906s] [01m[K/usr/include/c++/11/bits/std_function.h:435:9:[m[K [01;36m[Knote: [m[Kcandidate: ‘[01m[Ktemplate<class _Functor, class _Constraints> std::function<_Res(_ArgTypes ...)>::function(_Functor&&) [with _Functor = _Functor; _Constraints = _Constraints; _Res = void; _ArgTypes = {const ff_msgs::msg::FaultState_<std::allocator<void> >&}][m[K’
[4.906s]   435 |         [01;36m[Kfunction[m[K(_Functor&& __f)
[4.906s]       |         [01;36m[K^~~~~~~~[m[K
[4.907s] [01m[K/usr/include/c++/11/bits/std_function.h:435:9:[m[K [01;36m[Knote: [m[K  template argument deduction/substitution failed:
[4.907s] [01m[K/usr/include/c++/11/bits/std_function.h:404:7:[m[K [01;36m[Knote: [m[Kcandidate: ‘[01m[Kstd::function<_Res(_ArgTypes ...)>::function(std::function<_Res(_ArgTypes ...)>&&) [with _Res = void; _ArgTypes = {const ff_msgs::msg::FaultState_<std::allocator<void> >&}][m[K’
[4.907s]   404 |       [01;36m[Kfunction[m[K(function&& __x) noexcept
[4.907s]       |       [01;36m[K^~~~~~~~[m[K
[4.907s] [01m[K/usr/include/c++/11/bits/std_function.h:404:27:[m[K [01;36m[Knote: [m[K  no known conversion for argument 1 from ‘[01m[Kstd::_Bind<void (executive_teleop::*(std::shared_ptr<rclcpp::Node>, std::_Placeholder<1>))(const ff_msgs::msg::FaultState_<std::allocator<void> >&)>[m[K’ to ‘[01m[Kstd::function<void(const ff_msgs::msg::FaultState_<std::allocator<void> >&)>&&[m[K’
[4.907s]   404 |       function([01;36m[Kfunction&& __x[m[K) noexcept
[4.907s]       |                [01;36m[K~~~~~~~~~~~^~~[m[K
[4.907s] [01m[K/usr/include/c++/11/bits/std_function.h:386:7:[m[K [01;36m[Knote: [m[Kcandidate: ‘[01m[Kstd::function<_Res(_ArgTypes ...)>::function(const std::function<_Res(_ArgTypes ...)>&) [with _Res = void; _ArgTypes = {const ff_msgs::msg::FaultState_<std::allocator<void> >&}][m[K’
[4.907s]   386 |       [01;36m[Kfunction[m[K(const function& __x)
[4.907s]       |       [01;36m[K^~~~~~~~[m[K
[4.907s] [01m[K/usr/include/c++/11/bits/std_function.h:386:32:[m[K [01;36m[Knote: [m[K  no known conversion for argument 1 from ‘[01m[Kstd::_Bind<void (executive_teleop::*(std::shared_ptr<rclcpp::Node>, std::_Placeholder<1>))(const ff_msgs::msg::FaultState_<std::allocator<void> >&)>[m[K’ to ‘[01m[Kconst std::function<void(const ff_msgs::msg::FaultState_<std::allocator<void> >&)>&[m[K’
[4.907s]   386 |       function([01;36m[Kconst function& __x[m[K)
[4.907s]       |                [01;36m[K~~~~~~~~~~~~~~~~^~~[m[K
[4.907s] [01m[K/usr/include/c++/11/bits/std_function.h:375:7:[m[K [01;36m[Knote: [m[Kcandidate: ‘[01m[Kstd::function<_Res(_ArgTypes ...)>::function(std::nullptr_t) [with _Res = void; _ArgTypes = {const ff_msgs::msg::FaultState_<std::allocator<void> >&}; std::nullptr_t = std::nullptr_t][m[K’
[4.907s]   375 |       [01;36m[Kfunction[m[K(nullptr_t) noexcept
[4.907s]       |       [01;36m[K^~~~~~~~[m[K
[4.907s] [01m[K/usr/include/c++/11/bits/std_function.h:375:16:[m[K [01;36m[Knote: [m[K  no known conversion for argument 1 from ‘[01m[Kstd::_Bind<void (executive_teleop::*(std::shared_ptr<rclcpp::Node>, std::_Placeholder<1>))(const ff_msgs::msg::FaultState_<std::allocator<void> >&)>[m[K’ to ‘[01m[Kstd::nullptr_t[m[K’
[4.907s]   375 |       function([01;36m[Knullptr_t[m[K) noexcept
[4.907s]       |                [01;36m[K^~~~~~~~~[m[K
[4.908s] [01m[K/usr/include/c++/11/bits/std_function.h:368:7:[m[K [01;36m[Knote: [m[Kcandidate: ‘[01m[Kstd::function<_Res(_ArgTypes ...)>::function() [with _Res = void; _ArgTypes = {const ff_msgs::msg::FaultState_<std::allocator<void> >&}][m[K’
[4.908s]   368 |       [01;36m[Kfunction[m[K() noexcept
[4.908s]       |       [01;36m[K^~~~~~~~[m[K
[4.908s] [01m[K/usr/include/c++/11/bits/std_function.h:368:7:[m[K [01;36m[Knote: [m[K  candidate expects 0 arguments, 1 provided
[4.922s] In file included from [01m[K/opt/ros/humble/include/rclcpp/rclcpp/subscription_base.hpp:32[m[K,
[4.922s]                  from [01m[K/opt/ros/humble/include/rclcpp/rclcpp/callback_group.hpp:29[m[K,
[4.922s]                  from [01m[K/opt/ros/humble/include/rclcpp/rclcpp/any_executable.hpp:20[m[K,
[4.923s]                  from [01m[K/opt/ros/humble/include/rclcpp/rclcpp/memory_strategy.hpp:25[m[K,
[4.923s]                  from [01m[K/opt/ros/humble/include/rclcpp/rclcpp/memory_strategies.hpp:18[m[K,
[4.923s]                  from [01m[K/opt/ros/humble/include/rclcpp/rclcpp/executor_options.hpp:20[m[K,
[4.923s]                  from [01m[K/opt/ros/humble/include/rclcpp/rclcpp/executor.hpp:37[m[K,
[4.923s]                  from [01m[K/opt/ros/humble/include/rclcpp/rclcpp/executors/multi_threaded_executor.hpp:25[m[K,
[4.923s]                  from [01m[K/opt/ros/humble/include/rclcpp/rclcpp/executors.hpp:21[m[K,
[4.923s]                  from [01m[K/opt/ros/humble/include/rclcpp/rclcpp/rclcpp.hpp:155[m[K,
[4.923s]                  from [01m[K/home/zyme/ros_ws/executive_teleop/executive_teleop/src/teleop_tool.cc:29[m[K:
[4.923s] /opt/ros/humble/include/rclcpp/rclcpp/any_subscription_callback.hpp: In instantiation of ‘[01m[Krclcpp::AnySubscriptionCallback<MessageT, AllocatorT> rclcpp::AnySubscriptionCallback<MessageT, AllocatorT>::set(CallbackT) [with CallbackT = std::_Bind<void (executive_teleop::*(std::shared_ptr<rclcpp::Node>, std::_Placeholder<1>))(const ff_msgs::action::Motion_FeedbackMessage_<std::allocator<void> >&)>; MessageT = ff_msgs::action::Motion_FeedbackMessage_<std::allocator<void> >; AllocatorT = std::allocator<void>][m[K’:
[4.923s] [01m[K/opt/ros/humble/include/rclcpp/rclcpp/subscription_factory.hpp:94:32:[m[K   required from ‘[01m[Krclcpp::SubscriptionFactory rclcpp::create_subscription_factory(CallbackT&&, const rclcpp::SubscriptionOptionsWithAllocator<AllocatorT>&, typename MessageMemoryStrategyT::SharedPtr, std::shared_ptr<rclcpp::topic_statistics::SubscriptionTopicStatistics<ROSMessageType> >) [with MessageT = ff_msgs::action::Motion_FeedbackMessage_<std::allocator<void> >; CallbackT = std::_Bind<void (executive_teleop::*(std::shared_ptr<rclcpp::Node>, std::_Placeholder<1>))(const ff_msgs::action::Motion_FeedbackMessage_<std::allocator<void> >&)>; AllocatorT = std::allocator<void>; SubscriptionT = rclcpp::Subscription<ff_msgs::action::Motion_FeedbackMessage_<std::allocator<void> >, std::allocator<void>, ff_msgs::action::Motion_FeedbackMessage_<std::allocator<void> >, ff_msgs::action::Motion_FeedbackMessage_<std::allocator<void> >, rclcpp::message_memory_strategy::MessageMemoryStrategy<ff_msgs::action::Motion_FeedbackMessage_<std::allocator<void> >, std::allocator<void> > >; MessageMemoryStrategyT = rclcpp::message_memory_strategy::MessageMemoryStrategy<ff_msgs::action::Motion_FeedbackMessage_<std::allocator<void> >, std::allocator<void> >; ROSMessageType = ff_msgs::action::Motion_FeedbackMessage_<std::allocator<void> >; typename MessageMemoryStrategyT::SharedPtr = std::shared_ptr<rclcpp::message_memory_strategy::MessageMemoryStrategy<ff_msgs::action::Motion_FeedbackMessage_<std::allocator<void> >, std::allocator<void> > >][m[K’
[4.923s] [01m[K/opt/ros/humble/include/rclcpp/rclcpp/create_subscription.hpp:122:63:[m[K   required from ‘[01m[Kstd::shared_ptr<ROSMessageT> rclcpp::detail::create_subscription(NodeParametersT&, NodeTopicsT&, const string&, const rclcpp::QoS&, CallbackT&&, const rclcpp::SubscriptionOptionsWithAllocator<AllocatorT>&, typename MessageMemoryStrategyT::SharedPtr) [with MessageT = ff_msgs::action::Motion_FeedbackMessage_<std::allocator<void> >; CallbackT = std::_Bind<void (executive_teleop::*(std::shared_ptr<rclcpp::Node>, std::_Placeholder<1>))(const ff_msgs::action::Motion_FeedbackMessage_<std::allocator<void> >&)>; AllocatorT = std::allocator<void>; SubscriptionT = rclcpp::Subscription<ff_msgs::action::Motion_FeedbackMessage_<std::allocator<void> >, std::allocator<void>, ff_msgs::action::Motion_FeedbackMessage_<std::allocator<void> >, ff_msgs::action::Motion_FeedbackMessage_<std::allocator<void> >, rclcpp::message_memory_strategy::MessageMemoryStrategy<ff_msgs::action::Motion_FeedbackMessage_<std::allocator<void> >, std::allocator<void> > >; MessageMemoryStrategyT = rclcpp::message_memory_strategy::MessageMemoryStrategy<ff_msgs::action::Motion_FeedbackMessage_<std::allocator<void> >, std::allocator<void> >; NodeParametersT = rclcpp::Node; NodeTopicsT = rclcpp::Node; ROSMessageType = ff_msgs::action::Motion_FeedbackMessage_<std::allocator<void> >; std::string = std::__cxx11::basic_string<char>; typename MessageMemoryStrategyT::SharedPtr = std::shared_ptr<rclcpp::message_memory_strategy::MessageMemoryStrategy<ff_msgs::action::Motion_FeedbackMessage_<std::allocator<void> >, std::allocator<void> > >][m[K’
[4.923s] [01m[K/opt/ros/humble/include/rclcpp/rclcpp/create_subscription.hpp:191:76:[m[K   required from ‘[01m[Kstd::shared_ptr<ROSMessageT> rclcpp::create_subscription(NodeT&, const string&, const rclcpp::QoS&, CallbackT&&, const rclcpp::SubscriptionOptionsWithAllocator<AllocatorT>&, typename MessageMemoryStrategyT::SharedPtr) [with MessageT = ff_msgs::action::Motion_FeedbackMessage_<std::allocator<void> >; CallbackT = std::_Bind<void (executive_teleop::*(std::shared_ptr<rclcpp::Node>, std::_Placeholder<1>))(const ff_msgs::action::Motion_FeedbackMessage_<std::allocator<void> >&)>; AllocatorT = std::allocator<void>; SubscriptionT = rclcpp::Subscription<ff_msgs::action::Motion_FeedbackMessage_<std::allocator<void> >, std::allocator<void>, ff_msgs::action::Motion_FeedbackMessage_<std::allocator<void> >, ff_msgs::action::Motion_FeedbackMessage_<std::allocator<void> >, rclcpp::message_memory_strategy::MessageMemoryStrategy<ff_msgs::action::Motion_FeedbackMessage_<std::allocator<void> >, std::allocator<void> > >; MessageMemoryStrategyT = rclcpp::message_memory_strategy::MessageMemoryStrategy<ff_msgs::action::Motion_FeedbackMessage_<std::allocator<void> >, std::allocator<void> >; NodeT = rclcpp::Node; std::string = std::__cxx11::basic_string<char>; typename MessageMemoryStrategyT::SharedPtr = std::shared_ptr<rclcpp::message_memory_strategy::MessageMemoryStrategy<ff_msgs::action::Motion_FeedbackMessage_<std::allocator<void> >, std::allocator<void> > >][m[K’
[4.923s] [01m[K/opt/ros/humble/include/rclcpp/rclcpp/node_impl.hpp:99:47:[m[K   required from ‘[01m[Kstd::shared_ptr<ROSMessageT> rclcpp::Node::create_subscription(const string&, const rclcpp::QoS&, CallbackT&&, const rclcpp::SubscriptionOptionsWithAllocator<AllocatorT>&, typename MessageMemoryStrategyT::SharedPtr) [with MessageT = ff_msgs::action::Motion_FeedbackMessage_<std::allocator<void> >; CallbackT = std::_Bind<void (executive_teleop::*(std::shared_ptr<rclcpp::Node>, std::_Placeholder<1>))(const ff_msgs::action::Motion_FeedbackMessage_<std::allocator<void> >&)>; AllocatorT = std::allocator<void>; SubscriptionT = rclcpp::Subscription<ff_msgs::action::Motion_FeedbackMessage_<std::allocator<void> >, std::allocator<void>, ff_msgs::action::Motion_FeedbackMessage_<std::allocator<void> >, ff_msgs::action::Motion_FeedbackMessage_<std::allocator<void> >, rclcpp::message_memory_strategy::MessageMemoryStrategy<ff_msgs::action::Motion_FeedbackMessage_<std::allocator<void> >, std::allocator<void> > >; MessageMemoryStrategyT = rclcpp::message_memory_strategy::MessageMemoryStrategy<ff_msgs::action::Motion_FeedbackMessage_<std::allocator<void> >, std::allocator<void> >; std::string = std::__cxx11::basic_string<char>; typename MessageMemoryStrategyT::SharedPtr = std::shared_ptr<rclcpp::message_memory_strategy::MessageMemoryStrategy<ff_msgs::action::Motion_FeedbackMessage_<std::allocator<void> >, std::allocator<void> > >][m[K’
[4.923s] [01m[K/home/zyme/ros_ws/executive_teleop/executive_teleop/src/teleop_tool.cc:838:82:[m[K   required from here
[4.923s] [01m[K/opt/ros/humble/include/rclcpp/rclcpp/any_subscription_callback.hpp:394:27:[m[K [01;31m[Kerror: [m[Kno matching function for call to ‘[01m[Kstd::function<void(const ff_msgs::action::Motion_FeedbackMessage_<std::allocator<void> >&)>::function(std::_Bind<void (executive_teleop::*(std::shared_ptr<rclcpp::Node>, std::_Placeholder<1>))(const ff_msgs::action::Motion_FeedbackMessage_<std::allocator<void> >&)>&)[m[K’
[4.923s]   394 |       callback_variant_ = [01;31m[Kstatic_cast<typename scbth::callback_type>(callback)[m[K;
[4.923s]       |                           [01;31m[K^~~~~~~~~~~~~~~~~~~~~~~~~~~~~~~~~~~~~~~~~~~~~~~~~~~~[m[K
[4.923s] In file included from [01m[K/usr/include/c++/11/functional:59[m[K,
[4.924s]                  from [01m[K/home/zyme/ros_ws/executive_teleop/executive_teleop/src/teleop_tool.cc:20[m[K:
[4.924s] [01m[K/usr/include/c++/11/bits/std_function.h:435:9:[m[K [01;36m[Knote: [m[Kcandidate: ‘[01m[Ktemplate<class _Functor, class _Constraints> std::function<_Res(_ArgTypes ...)>::function(_Functor&&) [with _Functor = _Functor; _Constraints = _Constraints; _Res = void; _ArgTypes = {const ff_msgs::action::Motion_FeedbackMessage_<std::allocator<void> >&}][m[K’
[4.924s]   435 |         [01;36m[Kfunction[m[K(_Functor&& __f)
[4.924s]       |         [01;36m[K^~~~~~~~[m[K
[4.924s] [01m[K/usr/include/c++/11/bits/std_function.h:435:9:[m[K [01;36m[Knote: [m[K  template argument deduction/substitution failed:
[4.924s] [01m[K/usr/include/c++/11/bits/std_function.h:404:7:[m[K [01;36m[Knote: [m[Kcandidate: ‘[01m[Kstd::function<_Res(_ArgTypes ...)>::function(std::function<_Res(_ArgTypes ...)>&&) [with _Res = void; _ArgTypes = {const ff_msgs::action::Motion_FeedbackMessage_<std::allocator<void> >&}][m[K’
[4.924s]   404 |       [01;36m[Kfunction[m[K(function&& __x) noexcept
[4.924s]       |       [01;36m[K^~~~~~~~[m[K
[4.924s] [01m[K/usr/include/c++/11/bits/std_function.h:404:27:[m[K [01;36m[Knote: [m[K  no known conversion for argument 1 from ‘[01m[Kstd::_Bind<void (executive_teleop::*(std::shared_ptr<rclcpp::Node>, std::_Placeholder<1>))(const ff_msgs::action::Motion_FeedbackMessage_<std::allocator<void> >&)>[m[K’ to ‘[01m[Kstd::function<void(const ff_msgs::action::Motion_FeedbackMessage_<std::allocator<void> >&)>&&[m[K’
[4.924s]   404 |       function([01;36m[Kfunction&& __x[m[K) noexcept
[4.924s]       |                [01;36m[K~~~~~~~~~~~^~~[m[K
[4.924s] [01m[K/usr/include/c++/11/bits/std_function.h:386:7:[m[K [01;36m[Knote: [m[Kcandidate: ‘[01m[Kstd::function<_Res(_ArgTypes ...)>::function(const std::function<_Res(_ArgTypes ...)>&) [with _Res = void; _ArgTypes = {const ff_msgs::action::Motion_FeedbackMessage_<std::allocator<void> >&}][m[K’
[4.924s]   386 |       [01;36m[Kfunction[m[K(const function& __x)
[4.924s]       |       [01;36m[K^~~~~~~~[m[K
[4.924s] [01m[K/usr/include/c++/11/bits/std_function.h:386:32:[m[K [01;36m[Knote: [m[K  no known conversion for argument 1 from ‘[01m[Kstd::_Bind<void (executive_teleop::*(std::shared_ptr<rclcpp::Node>, std::_Placeholder<1>))(const ff_msgs::action::Motion_FeedbackMessage_<std::allocator<void> >&)>[m[K’ to ‘[01m[Kconst std::function<void(const ff_msgs::action::Motion_FeedbackMessage_<std::allocator<void> >&)>&[m[K’
[4.924s]   386 |       function([01;36m[Kconst function& __x[m[K)
[4.924s]       |                [01;36m[K~~~~~~~~~~~~~~~~^~~[m[K
[4.924s] [01m[K/usr/include/c++/11/bits/std_function.h:375:7:[m[K [01;36m[Knote: [m[Kcandidate: ‘[01m[Kstd::function<_Res(_ArgTypes ...)>::function(std::nullptr_t) [with _Res = void; _ArgTypes = {const ff_msgs::action::Motion_FeedbackMessage_<std::allocator<void> >&}; std::nullptr_t = std::nullptr_t][m[K’
[4.924s]   375 |       [01;36m[Kfunction[m[K(nullptr_t) noexcept
[4.924s]       |       [01;36m[K^~~~~~~~[m[K
[4.924s] [01m[K/usr/include/c++/11/bits/std_function.h:375:16:[m[K [01;36m[Knote: [m[K  no known conversion for argument 1 from ‘[01m[Kstd::_Bind<void (executive_teleop::*(std::shared_ptr<rclcpp::Node>, std::_Placeholder<1>))(const ff_msgs::action::Motion_FeedbackMessage_<std::allocator<void> >&)>[m[K’ to ‘[01m[Kstd::nullptr_t[m[K’
[4.925s]   375 |       function([01;36m[Knullptr_t[m[K) noexcept
[4.925s]       |                [01;36m[K^~~~~~~~~[m[K
[4.925s] [01m[K/usr/include/c++/11/bits/std_function.h:368:7:[m[K [01;36m[Knote: [m[Kcandidate: ‘[01m[Kstd::function<_Res(_ArgTypes ...)>::function() [with _Res = void; _ArgTypes = {const ff_msgs::action::Motion_FeedbackMessage_<std::allocator<void> >&}][m[K’
[4.925s]   368 |       [01;36m[Kfunction[m[K() noexcept
[4.925s]       |       [01;36m[K^~~~~~~~[m[K
[4.925s] [01m[K/usr/include/c++/11/bits/std_function.h:368:7:[m[K [01;36m[Knote: [m[K  candidate expects 0 arguments, 1 provided
[8.725s] gmake[2]: *** [CMakeFiles/teleop_tool.dir/build.make:76: CMakeFiles/teleop_tool.dir/src/teleop_tool.cc.o] Error 1
[8.725s] gmake[1]: *** [CMakeFiles/Makefile2:137: CMakeFiles/teleop_tool.dir/all] Error 2
[8.725s] gmake: *** [Makefile:146: all] Error 2
[8.728s] Invoked command in '/home/zyme/ros_ws/executive_teleop/executive_teleop/build/executive_teleop' returned '2': CMAKE_PREFIX_PATH=/home/zyme/ros_ws/astrobee/install/states:/home/zyme/ros_ws/astrobee/install/light_flow:/home/zyme/ros_ws/astrobee/install/signal_lights:/home/zyme/ros_ws/astrobee/install/fam:/home/zyme/ros_ws/astrobee/install/astrobee_gazebo:/opt/ros/humble:/home/zyme/ros_ws/astrobee/install/pmc:/home/zyme/ros_ws/astrobee/install/perch:/home/zyme/ros_ws/astrobee/install/framestore:/home/zyme/ros_ws/astrobee/install/dock:/home/zyme/ros_ws/astrobee/install/ctl:/home/zyme/ros_ws/astrobee/install/arm:/home/zyme/ros_ws/astrobee/install/access_control:/home/zyme/ros_ws/astrobee/install/ff_util:/home/zyme/ros_ws/astrobee/install/msg_conversions:/home/zyme/ros_ws/astrobee/install/jsonloader:/home/zyme/ros_ws/astrobee/install/ff_msgs:/home/zyme/ros_ws/astrobee/install/ff_hw_msgs:/home/zyme/ros_ws/astrobee/install/camera:/home/zyme/ros_ws/astrobee/install/config_reader:/home/zyme/ros_ws/astrobee/install/ff_common:/home/zyme/ros_ws/astrobee/install/description:/home/zyme/ros_ws/astrobee/install/astrobee_iss:/home/zyme/ros_ws/astrobee/install/astrobee_handrail_8_5:/home/zyme/ros_ws/astrobee/install/astrobee_handrail_41_5:/home/zyme/ros_ws/astrobee/install/astrobee_handrail_30:/home/zyme/ros_ws/astrobee/install/astrobee_handrail_21_5:/home/zyme/ros_ws/astrobee/install/astrobee_granite:/home/zyme/ros_ws/astrobee/install/astrobee_freeflyer:/home/zyme/ros_ws/astrobee/install/astrobee_dock:/home/zyme/ros_ws/astrobee/install/astrobee /usr/bin/cmake --build /home/zyme/ros_ws/executive_teleop/executive_teleop/build/executive_teleop -- -j12 -l12
