[2.210s] DEBUG:colcon:Command line arguments: ['/usr/bin/colcon', 'build']
[2.210s] DEBUG:colcon:Parsed command line arguments: Namespace(log_base=None, log_level=None, verb_name='build', build_base='build', install_base='install', merge_install=False, symlink_install=False, test_result_base=None, continue_on_error=False, executor='parallel', parallel_workers=12, event_handlers=None, ignore_user_meta=False, metas=['./colcon.meta'], base_paths=['.'], packages_ignore=None, packages_ignore_regex=None, paths=None, packages_up_to=None, packages_up_to_regex=None, packages_above=None, packages_above_and_dependencies=None, packages_above_depth=None, packages_select_by_dep=None, packages_skip_by_dep=None, packages_skip_up_to=None, packages_select_build_failed=False, packages_skip_build_finished=False, packages_select_test_failures=False, packages_skip_test_passed=False, packages_select=None, packages_skip=None, packages_select_regex=None, packages_skip_regex=None, packages_start=None, packages_end=None, allow_overriding=[], cmake_args=None, cmake_target=None, cmake_target_skip_unavailable=False, cmake_clean_cache=False, cmake_clean_first=False, cmake_force_configure=False, ament_cmake_args=None, catkin_cmake_args=None, catkin_skip_building_tests=False, verb_parser=<colcon_defaults.argument_parser.defaults.DefaultArgumentsDecorator object at 0x72962c44b820>, verb_extension=<colcon_core.verb.build.BuildVerb object at 0x72962c449ea0>, main=<bound method BuildVerb.main of <colcon_core.verb.build.BuildVerb object at 0x72962c449ea0>>)
[2.310s] Level 1:colcon.colcon_core.package_discovery:discover_packages(colcon_meta) check parameters
[2.310s] Level 1:colcon.colcon_core.package_discovery:discover_packages(recursive) check parameters
[2.310s] Level 1:colcon.colcon_core.package_discovery:discover_packages(ignore) check parameters
[2.310s] Level 1:colcon.colcon_core.package_discovery:discover_packages(path) check parameters
[2.310s] Level 1:colcon.colcon_core.package_discovery:discover_packages(colcon_meta) discover
[2.311s] Level 1:colcon.colcon_core.package_discovery:discover_packages(recursive) discover
[2.311s] INFO:colcon.colcon_core.package_discovery:Crawling recursively for packages in '/home/zyme/ros_ws/executive_teleop/executive_teleop'
[2.311s] Level 1:colcon.colcon_core.package_identification:_identify(.) by extensions ['ignore', 'ignore_ament_install']
[2.311s] Level 1:colcon.colcon_core.package_identification:_identify(.) by extension 'ignore'
[2.312s] Level 1:colcon.colcon_core.package_identification:_identify(.) by extension 'ignore_ament_install'
[2.312s] Level 1:colcon.colcon_core.package_identification:_identify(.) by extensions ['colcon_pkg']
[2.312s] Level 1:colcon.colcon_core.package_identification:_identify(.) by extension 'colcon_pkg'
[2.312s] Level 1:colcon.colcon_core.package_identification:_identify(.) by extensions ['colcon_meta']
[2.312s] Level 1:colcon.colcon_core.package_identification:_identify(.) by extension 'colcon_meta'
[2.312s] Level 1:colcon.colcon_core.package_identification:_identify(.) by extensions ['ros']
[2.312s] Level 1:colcon.colcon_core.package_identification:_identify(.) by extension 'ros'
[2.339s] DEBUG:colcon.colcon_core.package_identification:Package '.' with type 'ros.ament_cmake' and name 'executive_teleop'
[2.339s] Level 1:colcon.colcon_core.package_discovery:discover_packages(recursive) using defaults
[2.339s] Level 1:colcon.colcon_core.package_discovery:discover_packages(ignore) discover
[2.339s] Level 1:colcon.colcon_core.package_discovery:discover_packages(ignore) using defaults
[2.339s] Level 1:colcon.colcon_core.package_discovery:discover_packages(path) discover
[2.339s] Level 1:colcon.colcon_core.package_discovery:discover_packages(path) using defaults
[2.540s] Level 1:colcon.colcon_core.package_discovery:discover_packages(prefix_path) check parameters
[2.540s] Level 1:colcon.colcon_core.package_discovery:discover_packages(prefix_path) discover
[2.610s] DEBUG:colcon.colcon_installed_package_information.package_discovery:Found 1 installed packages in /home/zyme/ros_ws/executive_teleop/executive_teleop/install
[2.644s] DEBUG:colcon.colcon_installed_package_information.package_discovery:Found 30 installed packages in /home/zyme/ros_ws/astrobee/install
[2.680s] DEBUG:colcon.colcon_installed_package_information.package_discovery:Found 451 installed packages in /opt/ros/humble
[2.695s] Level 1:colcon.colcon_core.package_discovery:discover_packages(prefix_path) using defaults
[2.931s] Level 5:colcon.colcon_core.verb:set package 'executive_teleop' build argument 'cmake_args' from command line to 'None'
[2.931s] Level 5:colcon.colcon_core.verb:set package 'executive_teleop' build argument 'cmake_target' from command line to 'None'
[2.931s] Level 5:colcon.colcon_core.verb:set package 'executive_teleop' build argument 'cmake_target_skip_unavailable' from command line to 'False'
[2.931s] Level 5:colcon.colcon_core.verb:set package 'executive_teleop' build argument 'cmake_clean_cache' from command line to 'False'
[2.931s] Level 5:colcon.colcon_core.verb:set package 'executive_teleop' build argument 'cmake_clean_first' from command line to 'False'
[2.931s] Level 5:colcon.colcon_core.verb:set package 'executive_teleop' build argument 'cmake_force_configure' from command line to 'False'
[2.931s] Level 5:colcon.colcon_core.verb:set package 'executive_teleop' build argument 'ament_cmake_args' from command line to 'None'
[2.931s] Level 5:colcon.colcon_core.verb:set package 'executive_teleop' build argument 'catkin_cmake_args' from command line to 'None'
[2.931s] Level 5:colcon.colcon_core.verb:set package 'executive_teleop' build argument 'catkin_skip_building_tests' from command line to 'False'
[2.931s] DEBUG:colcon.colcon_core.verb:Building package 'executive_teleop' with the following arguments: {'ament_cmake_args': None, 'build_base': '/home/zyme/ros_ws/executive_teleop/executive_teleop/build/executive_teleop', 'catkin_cmake_args': None, 'catkin_skip_building_tests': False, 'cmake_args': None, 'cmake_clean_cache': False, 'cmake_clean_first': False, 'cmake_force_configure': False, 'cmake_target': None, 'cmake_target_skip_unavailable': False, 'install_base': '/home/zyme/ros_ws/executive_teleop/executive_teleop/install/executive_teleop', 'merge_install': False, 'path': '/home/zyme/ros_ws/executive_teleop/executive_teleop', 'symlink_install': False, 'test_result_base': None}
[2.964s] INFO:colcon.colcon_core.executor:Executing jobs using 'parallel' executor
[2.998s] DEBUG:colcon.colcon_parallel_executor.executor.parallel:run_until_complete
[2.998s] INFO:colcon.colcon_ros.task.ament_cmake.build:Building ROS package in '/home/zyme/ros_ws/executive_teleop/executive_teleop' with build type 'ament_cmake'
[2.998s] INFO:colcon.colcon_cmake.task.cmake.build:Building CMake package in '/home/zyme/ros_ws/executive_teleop/executive_teleop'
[3.036s] INFO:colcon.colcon_core.plugin_system:Skipping extension 'colcon_core.shell.bat': Not used on non-Windows systems
[3.036s] INFO:colcon.colcon_core.shell:Skip shell extension 'powershell' for command environment: Not usable outside of PowerShell
[3.036s] DEBUG:colcon.colcon_core.shell:Skip shell extension 'dsv' for command environment
[3.190s] DEBUG:colcon.colcon_core.event_handler.log_command:Invoking command in '/home/zyme/ros_ws/executive_teleop/executive_teleop/build/executive_teleop': CMAKE_PREFIX_PATH=/home/zyme/ros_ws/astrobee/install/states:/home/zyme/ros_ws/astrobee/install/light_flow:/home/zyme/ros_ws/astrobee/install/signal_lights:/home/zyme/ros_ws/astrobee/install/fam:/home/zyme/ros_ws/astrobee/install/astrobee_gazebo:/opt/ros/humble:/home/zyme/ros_ws/astrobee/install/pmc:/home/zyme/ros_ws/astrobee/install/perch:/home/zyme/ros_ws/astrobee/install/framestore:/home/zyme/ros_ws/astrobee/install/dock:/home/zyme/ros_ws/astrobee/install/ctl:/home/zyme/ros_ws/astrobee/install/arm:/home/zyme/ros_ws/astrobee/install/access_control:/home/zyme/ros_ws/astrobee/install/ff_util:/home/zyme/ros_ws/astrobee/install/msg_conversions:/home/zyme/ros_ws/astrobee/install/jsonloader:/home/zyme/ros_ws/astrobee/install/ff_msgs:/home/zyme/ros_ws/astrobee/install/ff_hw_msgs:/home/zyme/ros_ws/astrobee/install/camera:/home/zyme/ros_ws/astrobee/install/config_reader:/home/zyme/ros_ws/astrobee/install/ff_common:/home/zyme/ros_ws/astrobee/install/description:/home/zyme/ros_ws/astrobee/install/astrobee_iss:/home/zyme/ros_ws/astrobee/install/astrobee_handrail_8_5:/home/zyme/ros_ws/astrobee/install/astrobee_handrail_41_5:/home/zyme/ros_ws/astrobee/install/astrobee_handrail_30:/home/zyme/ros_ws/astrobee/install/astrobee_handrail_21_5:/home/zyme/ros_ws/astrobee/install/astrobee_granite:/home/zyme/ros_ws/astrobee/install/astrobee_freeflyer:/home/zyme/ros_ws/astrobee/install/astrobee_dock:/home/zyme/ros_ws/astrobee/install/astrobee /usr/bin/cmake --build /home/zyme/ros_ws/executive_teleop/executive_teleop/build/executive_teleop -- -j12 -l12
[19.430s] DEBUG:colcon.colcon_core.event_handler.log_command:Invoked command in '/home/zyme/ros_ws/executive_teleop/executive_teleop/build/executive_teleop' returned '2': CMAKE_PREFIX_PATH=/home/zyme/ros_ws/astrobee/install/states:/home/zyme/ros_ws/astrobee/install/light_flow:/home/zyme/ros_ws/astrobee/install/signal_lights:/home/zyme/ros_ws/astrobee/install/fam:/home/zyme/ros_ws/astrobee/install/astrobee_gazebo:/opt/ros/humble:/home/zyme/ros_ws/astrobee/install/pmc:/home/zyme/ros_ws/astrobee/install/perch:/home/zyme/ros_ws/astrobee/install/framestore:/home/zyme/ros_ws/astrobee/install/dock:/home/zyme/ros_ws/astrobee/install/ctl:/home/zyme/ros_ws/astrobee/install/arm:/home/zyme/ros_ws/astrobee/install/access_control:/home/zyme/ros_ws/astrobee/install/ff_util:/home/zyme/ros_ws/astrobee/install/msg_conversions:/home/zyme/ros_ws/astrobee/install/jsonloader:/home/zyme/ros_ws/astrobee/install/ff_msgs:/home/zyme/ros_ws/astrobee/install/ff_hw_msgs:/home/zyme/ros_ws/astrobee/install/camera:/home/zyme/ros_ws/astrobee/install/config_reader:/home/zyme/ros_ws/astrobee/install/ff_common:/home/zyme/ros_ws/astrobee/install/description:/home/zyme/ros_ws/astrobee/install/astrobee_iss:/home/zyme/ros_ws/astrobee/install/astrobee_handrail_8_5:/home/zyme/ros_ws/astrobee/install/astrobee_handrail_41_5:/home/zyme/ros_ws/astrobee/install/astrobee_handrail_30:/home/zyme/ros_ws/astrobee/install/astrobee_handrail_21_5:/home/zyme/ros_ws/astrobee/install/astrobee_granite:/home/zyme/ros_ws/astrobee/install/astrobee_freeflyer:/home/zyme/ros_ws/astrobee/install/astrobee_dock:/home/zyme/ros_ws/astrobee/install/astrobee /usr/bin/cmake --build /home/zyme/ros_ws/executive_teleop/executive_teleop/build/executive_teleop -- -j12 -l12
[19.529s] Level 1:colcon.colcon_core.environment:create_environment_scripts_only(executive_teleop)
[19.564s] Level 1:colcon.colcon_core.environment:checking '/home/zyme/ros_ws/executive_teleop/executive_teleop/install/executive_teleop' for CMake module files
[19.565s] Level 1:colcon.colcon_core.environment:checking '/home/zyme/ros_ws/executive_teleop/executive_teleop/install/executive_teleop' for CMake config files
[19.566s] Level 1:colcon.colcon_core.environment:checking '/home/zyme/ros_ws/executive_teleop/executive_teleop/install/executive_teleop/bin'
[19.566s] Level 1:colcon.colcon_core.environment:checking '/home/zyme/ros_ws/executive_teleop/executive_teleop/install/executive_teleop/lib/pkgconfig/executive_teleop.pc'
[19.566s] Level 1:colcon.colcon_core.environment:checking '/home/zyme/ros_ws/executive_teleop/executive_teleop/install/executive_teleop/lib/python3.10/site-packages'
[19.567s] Level 1:colcon.colcon_core.environment:checking '/home/zyme/ros_ws/executive_teleop/executive_teleop/install/executive_teleop/bin'
[19.600s] INFO:colcon.colcon_core.shell:Creating package script '/home/zyme/ros_ws/executive_teleop/executive_teleop/install/executive_teleop/share/executive_teleop/package.ps1'
[19.601s] INFO:colcon.colcon_core.shell:Creating package descriptor '/home/zyme/ros_ws/executive_teleop/executive_teleop/install/executive_teleop/share/executive_teleop/package.dsv'
[19.602s] INFO:colcon.colcon_core.shell:Creating package script '/home/zyme/ros_ws/executive_teleop/executive_teleop/install/executive_teleop/share/executive_teleop/package.sh'
[19.603s] INFO:colcon.colcon_core.shell:Creating package script '/home/zyme/ros_ws/executive_teleop/executive_teleop/install/executive_teleop/share/executive_teleop/package.bash'
[19.605s] INFO:colcon.colcon_core.shell:Creating package script '/home/zyme/ros_ws/executive_teleop/executive_teleop/install/executive_teleop/share/executive_teleop/package.zsh'
[19.606s] Level 1:colcon.colcon_core.environment:create_file_with_runtime_dependencies(/home/zyme/ros_ws/executive_teleop/executive_teleop/install/executive_teleop/share/colcon-core/packages/executive_teleop)
[19.616s] DEBUG:colcon.colcon_parallel_executor.executor.parallel:closing loop
[19.617s] DEBUG:colcon.colcon_parallel_executor.executor.parallel:loop closed
[19.617s] DEBUG:colcon.colcon_parallel_executor.executor.parallel:run_until_complete finished with '2'
[19.617s] DEBUG:colcon.colcon_core.event_reactor:joining thread
[19.661s] INFO:colcon.colcon_core.plugin_system:Skipping extension 'colcon_notification.desktop_notification.notify_send': Could not find 'notify-send'
[19.661s] INFO:colcon.colcon_core.plugin_system:Skipping extension 'colcon_notification.desktop_notification.terminal_notifier': Not used on non-Darwin systems
[19.662s] INFO:colcon.colcon_core.plugin_system:Skipping extension 'colcon_notification.desktop_notification.win32': Not used on non-Windows systems
[19.662s] INFO:colcon.colcon_notification.desktop_notification:Sending desktop notification using 'notify2'
[19.679s] DEBUG:colcon.colcon_core.event_reactor:joined thread
[19.713s] INFO:colcon.colcon_core.shell:Creating prefix script '/home/zyme/ros_ws/executive_teleop/executive_teleop/install/local_setup.ps1'
[19.715s] INFO:colcon.colcon_core.shell:Creating prefix util module '/home/zyme/ros_ws/executive_teleop/executive_teleop/install/_local_setup_util_ps1.py'
[19.717s] INFO:colcon.colcon_core.shell:Creating prefix chain script '/home/zyme/ros_ws/executive_teleop/executive_teleop/install/setup.ps1'
[19.754s] INFO:colcon.colcon_core.shell:Creating prefix script '/home/zyme/ros_ws/executive_teleop/executive_teleop/install/local_setup.sh'
[19.755s] INFO:colcon.colcon_core.shell:Creating prefix util module '/home/zyme/ros_ws/executive_teleop/executive_teleop/install/_local_setup_util_sh.py'
[19.756s] INFO:colcon.colcon_core.shell:Creating prefix chain script '/home/zyme/ros_ws/executive_teleop/executive_teleop/install/setup.sh'
[19.793s] INFO:colcon.colcon_core.shell:Creating prefix script '/home/zyme/ros_ws/executive_teleop/executive_teleop/install/local_setup.bash'
[19.793s] INFO:colcon.colcon_core.shell:Creating prefix chain script '/home/zyme/ros_ws/executive_teleop/executive_teleop/install/setup.bash'
[19.830s] INFO:colcon.colcon_core.shell:Creating prefix script '/home/zyme/ros_ws/executive_teleop/executive_teleop/install/local_setup.zsh'
[19.831s] INFO:colcon.colcon_core.shell:Creating prefix chain script '/home/zyme/ros_ws/executive_teleop/executive_teleop/install/setup.zsh'
