[0.084s] Invoking command in '/home/zyme/ros_ws/executive_teleop/executive_teleop/build/executive_teleop': CMAKE_PREFIX_PATH=/home/zyme/ros_ws/astrobee/install/states:/home/zyme/ros_ws/astrobee/install/light_flow:/home/zyme/ros_ws/astrobee/install/signal_lights:/home/zyme/ros_ws/astrobee/install/fam:/home/zyme/ros_ws/astrobee/install/astrobee_gazebo:/opt/ros/humble:/home/zyme/ros_ws/astrobee/install/pmc:/home/zyme/ros_ws/astrobee/install/perch:/home/zyme/ros_ws/astrobee/install/framestore:/home/zyme/ros_ws/astrobee/install/dock:/home/zyme/ros_ws/astrobee/install/ctl:/home/zyme/ros_ws/astrobee/install/arm:/home/zyme/ros_ws/astrobee/install/access_control:/home/zyme/ros_ws/astrobee/install/ff_util:/home/zyme/ros_ws/astrobee/install/msg_conversions:/home/zyme/ros_ws/astrobee/install/jsonloader:/home/zyme/ros_ws/astrobee/install/ff_msgs:/home/zyme/ros_ws/astrobee/install/ff_hw_msgs:/home/zyme/ros_ws/astrobee/install/camera:/home/zyme/ros_ws/astrobee/install/config_reader:/home/zyme/ros_ws/astrobee/install/ff_common:/home/zyme/ros_ws/astrobee/install/description:/home/zyme/ros_ws/astrobee/install/astrobee_iss:/home/zyme/ros_ws/astrobee/install/astrobee_handrail_8_5:/home/zyme/ros_ws/astrobee/install/astrobee_handrail_41_5:/home/zyme/ros_ws/astrobee/install/astrobee_handrail_30:/home/zyme/ros_ws/astrobee/install/astrobee_handrail_21_5:/home/zyme/ros_ws/astrobee/install/astrobee_granite:/home/zyme/ros_ws/astrobee/install/astrobee_freeflyer:/home/zyme/ros_ws/astrobee/install/astrobee_dock:/home/zyme/ros_ws/astrobee/install/astrobee /usr/bin/cmake /home/zyme/ros_ws/executive_teleop/executive_teleop -DCMAKE_INSTALL_PREFIX=/home/zyme/ros_ws/executive_teleop/executive_teleop/install/executive_teleop
[0.247s] -- The C compiler identification is GNU 11.4.0
[0.350s] -- The CXX compiler identification is GNU 11.4.0
[0.361s] -- Detecting C compiler ABI info
[0.442s] -- Detecting C compiler ABI info - done
[0.449s] -- Check for working C compiler: /usr/bin/cc - skipped
[0.449s] -- Detecting C compile features
[0.450s] -- Detecting C compile features - done
[0.453s] -- Detecting CXX compiler ABI info
[0.538s] -- Detecting CXX compiler ABI info - done
[0.544s] -- Check for working CXX compiler: /usr/bin/c++ - skipped
[0.545s] -- Detecting CXX compile features
[0.545s] -- Detecting CXX compile features - done
[0.555s] -- Found ament_cmake: 1.3.7 (/opt/ros/humble/share/ament_cmake/cmake)
[0.727s] -- Found Python3: /usr/bin/python3.10 (found version "3.10.12") found components: Interpreter 
[0.839s] -- Found rclcpp: 16.0.8 (/opt/ros/humble/share/rclcpp/cmake)
[0.907s] -- Found rosidl_generator_c: 3.1.5 (/opt/ros/humble/share/rosidl_generator_c/cmake)
[0.915s] -- Found rosidl_adapter: 3.1.5 (/opt/ros/humble/share/rosidl_adapter/cmake)
[0.928s] -- Found rosidl_generator_cpp: 3.1.5 (/opt/ros/humble/share/rosidl_generator_cpp/cmake)
[0.949s] -- Using all available rosidl_typesupport_c: rosidl_typesupport_fastrtps_c;rosidl_typesupport_introspection_c
[0.976s] -- Using all available rosidl_typesupport_cpp: rosidl_typesupport_fastrtps_cpp;rosidl_typesupport_introspection_cpp
[1.084s] -- Found rmw_implementation_cmake: 6.1.1 (/opt/ros/humble/share/rmw_implementation_cmake/cmake)
[1.091s] -- Found rmw_fastrtps_cpp: 6.2.6 (/opt/ros/humble/share/rmw_fastrtps_cpp/cmake)
[1.227s] -- Found OpenSSL: /usr/lib/x86_64-linux-gnu/libcrypto.so (found version "3.0.2")  
[1.261s] -- Found FastRTPS: /opt/ros/humble/include  
[1.321s] -- Using RMW implementation 'rmw_fastrtps_cpp' as default
[1.340s] -- Looking for pthread.h
[1.433s] -- Looking for pthread.h - found
[1.433s] -- Performing Test CMAKE_HAVE_LIBC_PTHREAD
[1.516s] -- Performing Test CMAKE_HAVE_LIBC_PTHREAD - Success
[1.517s] -- Found Threads: TRUE  
[1.708s] -- Found tf2: 0.25.5 (/opt/ros/humble/share/tf2/cmake)
[1.783s] -- Found tf2_ros: 0.25.6 (/opt/ros/humble/share/tf2_ros/cmake)
[2.149s] -- Found ff_msgs: 0.0.0 (/home/zyme/ros_ws/astrobee/install/ff_msgs/share/ff_msgs/cmake)
[2.497s] -- Found eigen3_cmake_module: 0.1.1 (/opt/ros/humble/share/eigen3_cmake_module/cmake)
[2.498s] -- Found Eigen3: TRUE (found version "3.4.0") 
[2.498s] -- Ensuring Eigen3 include directory is part of orocos-kdl CMake target
[2.644s] -- Found ff_util: 1.0.0 (/home/zyme/ros_ws/astrobee/install/ff_util/share/ff_util/cmake)
[2.676s] -- Found ament_lint_auto: 0.12.10 (/opt/ros/humble/share/ament_lint_auto/cmake)
[2.772s] -- Added test 'cppcheck' to perform static code analysis on C / C++ code
[2.773s] -- Configured cppcheck include dirs: 
[2.773s] -- Configured cppcheck exclude dirs and/or files: 
[2.775s] -- Added test 'lint_cmake' to check CMake code style
[2.781s] -- Added test 'uncrustify' to check C / C++ code style
[2.781s] -- Configured uncrustify additional arguments: 
[2.782s] -- Added test 'xmllint' to check XML markup files
[2.784s] -- Configuring done
[2.802s] -- Generating done
[2.803s] -- Build files have been written to: /home/zyme/ros_ws/executive_teleop/executive_teleop/build/executive_teleop
[2.813s] Invoked command in '/home/zyme/ros_ws/executive_teleop/executive_teleop/build/executive_teleop' returned '0': CMAKE_PREFIX_PATH=/home/zyme/ros_ws/astrobee/install/states:/home/zyme/ros_ws/astrobee/install/light_flow:/home/zyme/ros_ws/astrobee/install/signal_lights:/home/zyme/ros_ws/astrobee/install/fam:/home/zyme/ros_ws/astrobee/install/astrobee_gazebo:/opt/ros/humble:/home/zyme/ros_ws/astrobee/install/pmc:/home/zyme/ros_ws/astrobee/install/perch:/home/zyme/ros_ws/astrobee/install/framestore:/home/zyme/ros_ws/astrobee/install/dock:/home/zyme/ros_ws/astrobee/install/ctl:/home/zyme/ros_ws/astrobee/install/arm:/home/zyme/ros_ws/astrobee/install/access_control:/home/zyme/ros_ws/astrobee/install/ff_util:/home/zyme/ros_ws/astrobee/install/msg_conversions:/home/zyme/ros_ws/astrobee/install/jsonloader:/home/zyme/ros_ws/astrobee/install/ff_msgs:/home/zyme/ros_ws/astrobee/install/ff_hw_msgs:/home/zyme/ros_ws/astrobee/install/camera:/home/zyme/ros_ws/astrobee/install/config_reader:/home/zyme/ros_ws/astrobee/install/ff_common:/home/zyme/ros_ws/astrobee/install/description:/home/zyme/ros_ws/astrobee/install/astrobee_iss:/home/zyme/ros_ws/astrobee/install/astrobee_handrail_8_5:/home/zyme/ros_ws/astrobee/install/astrobee_handrail_41_5:/home/zyme/ros_ws/astrobee/install/astrobee_handrail_30:/home/zyme/ros_ws/astrobee/install/astrobee_handrail_21_5:/home/zyme/ros_ws/astrobee/install/astrobee_granite:/home/zyme/ros_ws/astrobee/install/astrobee_freeflyer:/home/zyme/ros_ws/astrobee/install/astrobee_dock:/home/zyme/ros_ws/astrobee/install/astrobee /usr/bin/cmake /home/zyme/ros_ws/executive_teleop/executive_teleop -DCMAKE_INSTALL_PREFIX=/home/zyme/ros_ws/executive_teleop/executive_teleop/install/executive_teleop
[2.815s] Invoking command in '/home/zyme/ros_ws/executive_teleop/executive_teleop/build/executive_teleop': CMAKE_PREFIX_PATH=/home/zyme/ros_ws/astrobee/install/states:/home/zyme/ros_ws/astrobee/install/light_flow:/home/zyme/ros_ws/astrobee/install/signal_lights:/home/zyme/ros_ws/astrobee/install/fam:/home/zyme/ros_ws/astrobee/install/astrobee_gazebo:/opt/ros/humble:/home/zyme/ros_ws/astrobee/install/pmc:/home/zyme/ros_ws/astrobee/install/perch:/home/zyme/ros_ws/astrobee/install/framestore:/home/zyme/ros_ws/astrobee/install/dock:/home/zyme/ros_ws/astrobee/install/ctl:/home/zyme/ros_ws/astrobee/install/arm:/home/zyme/ros_ws/astrobee/install/access_control:/home/zyme/ros_ws/astrobee/install/ff_util:/home/zyme/ros_ws/astrobee/install/msg_conversions:/home/zyme/ros_ws/astrobee/install/jsonloader:/home/zyme/ros_ws/astrobee/install/ff_msgs:/home/zyme/ros_ws/astrobee/install/ff_hw_msgs:/home/zyme/ros_ws/astrobee/install/camera:/home/zyme/ros_ws/astrobee/install/config_reader:/home/zyme/ros_ws/astrobee/install/ff_common:/home/zyme/ros_ws/astrobee/install/description:/home/zyme/ros_ws/astrobee/install/astrobee_iss:/home/zyme/ros_ws/astrobee/install/astrobee_handrail_8_5:/home/zyme/ros_ws/astrobee/install/astrobee_handrail_41_5:/home/zyme/ros_ws/astrobee/install/astrobee_handrail_30:/home/zyme/ros_ws/astrobee/install/astrobee_handrail_21_5:/home/zyme/ros_ws/astrobee/install/astrobee_granite:/home/zyme/ros_ws/astrobee/install/astrobee_freeflyer:/home/zyme/ros_ws/astrobee/install/astrobee_dock:/home/zyme/ros_ws/astrobee/install/astrobee /usr/bin/cmake --build /home/zyme/ros_ws/executive_teleop/executive_teleop/build/executive_teleop -- -j12 -l12
[2.874s] [ 50%] [32mBuilding CXX object CMakeFiles/teleop_tool.dir/src/teleop_tool.cc.o[0m
[6.089s] [01m[K/home/zyme/ros_ws/executive_teleop/executive_teleop/src/teleop_tool.cc:[m[K In function ‘[01m[Kint main(int, char**)[m[K’:
[6.089s] [01m[K/home/zyme/ros_ws/executive_teleop/executive_teleop/src/teleop_tool.cc:775:3:[m[K [01;31m[Kerror: [m[K‘[01m[Kack_sub[m[K’ was not declared in this scope
[6.089s]   775 |   [01;31m[Kack_sub[m[K = node->create_subscription<ff_msgs::msg::AckStamped>(TOPIC_MANAGEMENT_ACK, 10,std::bind(&executive_teleop::AckCallback,node,std::placeholders::_1));
[6.089s]       |   [01;31m[K^~~~~~~[m[K
[6.089s] [01m[K/home/zyme/ros_ws/executive_teleop/executive_teleop/src/teleop_tool.cc:775:119:[m[K [01;31m[Kerror: [m[K‘[01m[Kvoid executive_teleop::AckCallback(const AckStamped&)[m[K’ is private within this context
[6.089s]   775 | mped>(TOPIC_MANAGEMENT_ACK, 10,std::bind(&executive_teleop::[01;31m[KAckCallback[m[K,node,std::placeholders::_1));
[6.089s]       |                                                             [01;31m[K^~~~~~~~~~~[m[K
[6.089s] 
[6.089s] [01m[K/home/zyme/ros_ws/executive_teleop/executive_teleop/src/teleop_tool.cc:584:6:[m[K [01;36m[Knote: [m[Kdeclared private here
[6.089s]   584 | void [01;36m[KAckCallback[m[K(ff_msgs::msg::AckStamped const& ack) {
[6.089s]       |      [01;36m[K^~~~~~~~~~~[m[K
[6.138s] [01m[K/home/zyme/ros_ws/executive_teleop/executive_teleop/src/teleop_tool.cc:823:5:[m[K [01;31m[Kerror: [m[K‘[01m[Kagent_state_sub[m[K’ was not declared in this scope
[6.138s]   823 |     [01;31m[Kagent_state_sub[m[K = node->create_subscription<ff_msgs::msg::AgentStateStamped >(TOPIC_MANAGEMENT_EXEC_AGENT_STATE,
[6.138s]       |     [01;31m[K^~~~~~~~~~~~~~~[m[K
[6.138s] [01m[K/home/zyme/ros_ws/executive_teleop/executive_teleop/src/teleop_tool.cc:825:65:[m[K [01;31m[Kerror: [m[K‘[01m[Kvoid executive_teleop::AgentStateCallback(const AgentStateStamped&)[m[K’ is private within this context
[6.139s]   825 |                                std::bind(&executive_teleop::[01;31m[KAgentStateCallback[m[K,node,std::placeholders::_1));
[6.139s]       |                                                             [01;31m[K^~~~~~~~~~~~~~~~~~[m[K
[6.139s] 
[6.139s] [01m[K/home/zyme/ros_ws/executive_teleop/executive_teleop/src/teleop_tool.cc:119:6:[m[K [01;36m[Knote: [m[Kdeclared private here
[6.139s]   119 | void [01;36m[KAgentStateCallback[m[K(ff_msgs::msg::AgentStateStamped const& state) {
[6.139s]       |      [01;36m[K^~~~~~~~~~~~~~~~~~[m[K
[6.203s] [01m[K/home/zyme/ros_ws/executive_teleop/executive_teleop/src/teleop_tool.cc:830:5:[m[K [01;31m[Kerror: [m[K‘[01m[Kfault_state_sub[m[K’ was not declared in this scope
[6.203s]   830 |     [01;31m[Kfault_state_sub[m[K = node->create_subscription<ff_msgs::msg::FaultState>(TOPIC_MANAGEMENT_SYS_MONITOR_STATE,
[6.203s]       |     [01;31m[K^~~~~~~~~~~~~~~[m[K
[6.203s] [01m[K/home/zyme/ros_ws/executive_teleop/executive_teleop/src/teleop_tool.cc:832:66:[m[K [01;31m[Kerror: [m[K‘[01m[Kvoid executive_teleop::FaultStateCallback(const FaultState&)[m[K’ is private within this context
[6.203s]   832 |                                std::bind(&executive_teleop::[01;31m[KFaultStateCallback[m[K,node,std::placeholders::_1));
[6.204s]       |                                                             [01;31m[K^~~~~~~~~~~~~~~~~~[m[K
[6.204s] 
[6.204s] [01m[K/home/zyme/ros_ws/executive_teleop/executive_teleop/src/teleop_tool.cc:230:6:[m[K [01;36m[Knote: [m[Kdeclared private here
[6.204s]   230 | void [01;36m[KFaultStateCallback[m[K(ff_msgs::msg::FaultState const& state) {
[6.204s]       |      [01;36m[K^~~~~~~~~~~~~~~~~~[m[K
[6.246s] [01m[K/home/zyme/ros_ws/executive_teleop/executive_teleop/src/teleop_tool.cc:838:5:[m[K [01;31m[Kerror: [m[K‘[01m[Kmove_sub[m[K’ was not declared in this scope
[6.246s]   838 |     [01;31m[Kmove_sub[m[K = node->create_subscription<ff_msgs::action::Motion_FeedbackMessage>(topic_name, 10, std::bind(&executive_teleop::MoveFeedbackCallback,node,std::placeholders::_1));
[6.246s]       |     [01;31m[K^~~~~~~~[m[K
[6.246s] [01m[K/home/zyme/ros_ws/executive_teleop/executive_teleop/src/teleop_tool.cc:838:128:[m[K [01;31m[Kerror: [m[K‘[01m[Kvoid executive_teleop::MoveFeedbackCallback(const Motion_FeedbackMessage&)[m[K’ is private within this context
[6.246s]   838 | edbackMessage>(topic_name, 10, std::bind(&executive_teleop::[01;31m[KMoveFeedbackCallback[m[K,node,std::placeholders::_1));
[6.246s]       |                                                             [01;31m[K^~~~~~~~~~~~~~~~~~~~[m[K
[6.246s] 
[6.246s] [01m[K/home/zyme/ros_ws/executive_teleop/executive_teleop/src/teleop_tool.cc:619:6:[m[K [01;36m[Knote: [m[Kdeclared private here
[6.246s]   619 | void [01;36m[KMoveFeedbackCallback[m[K(ff_msgs::action::Motion_FeedbackMessage const& fb) {
[6.246s]       |      [01;36m[K^~~~~~~~~~~~~~~~~~~~[m[K
[6.290s] [01m[K/home/zyme/ros_ws/executive_teleop/executive_teleop/src/teleop_tool.cc:844:5:[m[K [01;31m[Kerror: [m[K‘[01m[Kdock_sub[m[K’ was not declared in this scope
[6.290s]   844 |     [01;31m[Kdock_sub[m[K = node->create_subscription<ff_msgs::action::Dock_FeedbackMessage>(topic_name, 10, std::bind(&executive_teleop::DockFeedbbackCallback,node,std::placeholders::_1));
[6.290s]       |     [01;31m[K^~~~~~~~[m[K
[6.290s] [01m[K/home/zyme/ros_ws/executive_teleop/executive_teleop/src/teleop_tool.cc:844:126:[m[K [01;31m[Kerror: [m[K‘[01m[KDockFeedbbackCallback[m[K’ is not a member of ‘[01m[Kexecutive_teleop[m[K’
[6.290s]   844 | edbackMessage>(topic_name, 10, std::bind(&executive_teleop::[01;31m[KDockFeedbbackCallback[m[K,node,std::placeholders::_1));
[6.290s]       |                                                             [01;31m[K^~~~~~~~~~~~~~~~~~~~~[m[K
[6.290s] 
[6.295s] [01m[K/home/zyme/ros_ws/executive_teleop/executive_teleop/src/teleop_tool.cc:859:8:[m[K [01;31m[Kerror: [m[K‘[01m[KSendNextCommand[m[K’ was not declared in this scope
[6.296s]   859 |   if (![01;31m[KSendNextCommand[m[K()) {
[6.296s]       |        [01;31m[K^~~~~~~~~~~~~~~[m[K
[6.296s] [01m[K/home/zyme/ros_ws/executive_teleop/executive_teleop/src/teleop_tool.cc:864:15:[m[K [01;31m[Kerror: [m[Kno matching function for call to ‘[01m[Kspin()[m[K’
[6.296s]   864 |   [01;31m[Krclcpp::spin()[m[K;
[6.296s]       |   [01;31m[K~~~~~~~~~~~~^~[m[K
[6.296s] In file included from [01m[K/opt/ros/humble/include/rclcpp/rclcpp/rclcpp.hpp:155[m[K,
[6.296s]                  from [01m[K/home/zyme/ros_ws/executive_teleop/executive_teleop/src/teleop_tool.cc:29[m[K:
[6.296s] [01m[K/opt/ros/humble/include/rclcpp/rclcpp/executors.hpp:45:1:[m[K [01;36m[Knote: [m[Kcandidate: ‘[01m[Kvoid rclcpp::spin(rclcpp::node_interfaces::NodeBaseInterface::SharedPtr)[m[K’
[6.296s]    45 | [01;36m[Kspin[m[K(rclcpp::node_interfaces::NodeBaseInterface::SharedPtr node_ptr);
[6.296s]       | [01;36m[K^~~~[m[K
[6.296s] [01m[K/opt/ros/humble/include/rclcpp/rclcpp/executors.hpp:45:1:[m[K [01;36m[Knote: [m[K  candidate expects 1 argument, 0 provided
[6.296s] [01m[K/opt/ros/humble/include/rclcpp/rclcpp/executors.hpp:49:1:[m[K [01;36m[Knote: [m[Kcandidate: ‘[01m[Kvoid rclcpp::spin(rclcpp::Node::SharedPtr)[m[K’
[6.296s]    49 | [01;36m[Kspin[m[K(rclcpp::Node::SharedPtr node_ptr);
[6.296s]       | [01;36m[K^~~~[m[K
[6.296s] [01m[K/opt/ros/humble/include/rclcpp/rclcpp/executors.hpp:49:1:[m[K [01;36m[Knote: [m[K  candidate expects 1 argument, 0 provided
[7.302s] In file included from [01m[K/opt/ros/humble/include/rclcpp/rclcpp/subscription_base.hpp:32[m[K,
[7.302s]                  from [01m[K/opt/ros/humble/include/rclcpp/rclcpp/callback_group.hpp:29[m[K,
[7.302s]                  from [01m[K/opt/ros/humble/include/rclcpp/rclcpp/any_executable.hpp:20[m[K,
[7.302s]                  from [01m[K/opt/ros/humble/include/rclcpp/rclcpp/memory_strategy.hpp:25[m[K,
[7.303s]                  from [01m[K/opt/ros/humble/include/rclcpp/rclcpp/memory_strategies.hpp:18[m[K,
[7.303s]                  from [01m[K/opt/ros/humble/include/rclcpp/rclcpp/executor_options.hpp:20[m[K,
[7.303s]                  from [01m[K/opt/ros/humble/include/rclcpp/rclcpp/executor.hpp:37[m[K,
[7.303s]                  from [01m[K/opt/ros/humble/include/rclcpp/rclcpp/executors/multi_threaded_executor.hpp:25[m[K,
[7.303s]                  from [01m[K/opt/ros/humble/include/rclcpp/rclcpp/executors.hpp:21[m[K,
[7.303s]                  from [01m[K/opt/ros/humble/include/rclcpp/rclcpp/rclcpp.hpp:155[m[K,
[7.303s]                  from [01m[K/home/zyme/ros_ws/executive_teleop/executive_teleop/src/teleop_tool.cc:29[m[K:
[7.303s] /opt/ros/humble/include/rclcpp/rclcpp/any_subscription_callback.hpp: In instantiation of ‘[01m[Krclcpp::AnySubscriptionCallback<MessageT, AllocatorT> rclcpp::AnySubscriptionCallback<MessageT, AllocatorT>::set(CallbackT) [with CallbackT = std::_Bind<void (executive_teleop::*(std::shared_ptr<rclcpp::Node>, std::_Placeholder<1>))(const ff_msgs::msg::AckStamped_<std::allocator<void> >&)>; MessageT = ff_msgs::msg::AckStamped_<std::allocator<void> >; AllocatorT = std::allocator<void>][m[K’:
[7.303s] [01m[K/opt/ros/humble/include/rclcpp/rclcpp/subscription_factory.hpp:94:32:[m[K   required from ‘[01m[Krclcpp::SubscriptionFactory rclcpp::create_subscription_factory(CallbackT&&, const rclcpp::SubscriptionOptionsWithAllocator<AllocatorT>&, typename MessageMemoryStrategyT::SharedPtr, std::shared_ptr<rclcpp::topic_statistics::SubscriptionTopicStatistics<ROSMessageType> >) [with MessageT = ff_msgs::msg::AckStamped_<std::allocator<void> >; CallbackT = std::_Bind<void (executive_teleop::*(std::shared_ptr<rclcpp::Node>, std::_Placeholder<1>))(const ff_msgs::msg::AckStamped_<std::allocator<void> >&)>; AllocatorT = std::allocator<void>; SubscriptionT = rclcpp::Subscription<ff_msgs::msg::AckStamped_<std::allocator<void> >, std::allocator<void>, ff_msgs::msg::AckStamped_<std::allocator<void> >, ff_msgs::msg::AckStamped_<std::allocator<void> >, rclcpp::message_memory_strategy::MessageMemoryStrategy<ff_msgs::msg::AckStamped_<std::allocator<void> >, std::allocator<void> > >; MessageMemoryStrategyT = rclcpp::message_memory_strategy::MessageMemoryStrategy<ff_msgs::msg::AckStamped_<std::allocator<void> >, std::allocator<void> >; ROSMessageType = ff_msgs::msg::AckStamped_<std::allocator<void> >; typename MessageMemoryStrategyT::SharedPtr = std::shared_ptr<rclcpp::message_memory_strategy::MessageMemoryStrategy<ff_msgs::msg::AckStamped_<std::allocator<void> >, std::allocator<void> > >][m[K’
[7.303s] [01m[K/opt/ros/humble/include/rclcpp/rclcpp/create_subscription.hpp:122:63:[m[K   required from ‘[01m[Kstd::shared_ptr<ROSMessageT> rclcpp::detail::create_subscription(NodeParametersT&, NodeTopicsT&, const string&, const rclcpp::QoS&, CallbackT&&, const rclcpp::SubscriptionOptionsWithAllocator<AllocatorT>&, typename MessageMemoryStrategyT::SharedPtr) [with MessageT = ff_msgs::msg::AckStamped_<std::allocator<void> >; CallbackT = std::_Bind<void (executive_teleop::*(std::shared_ptr<rclcpp::Node>, std::_Placeholder<1>))(const ff_msgs::msg::AckStamped_<std::allocator<void> >&)>; AllocatorT = std::allocator<void>; SubscriptionT = rclcpp::Subscription<ff_msgs::msg::AckStamped_<std::allocator<void> >, std::allocator<void>, ff_msgs::msg::AckStamped_<std::allocator<void> >, ff_msgs::msg::AckStamped_<std::allocator<void> >, rclcpp::message_memory_strategy::MessageMemoryStrategy<ff_msgs::msg::AckStamped_<std::allocator<void> >, std::allocator<void> > >; MessageMemoryStrategyT = rclcpp::message_memory_strategy::MessageMemoryStrategy<ff_msgs::msg::AckStamped_<std::allocator<void> >, std::allocator<void> >; NodeParametersT = rclcpp::Node; NodeTopicsT = rclcpp::Node; ROSMessageType = ff_msgs::msg::AckStamped_<std::allocator<void> >; std::string = std::__cxx11::basic_string<char>; typename MessageMemoryStrategyT::SharedPtr = std::shared_ptr<rclcpp::message_memory_strategy::MessageMemoryStrategy<ff_msgs::msg::AckStamped_<std::allocator<void> >, std::allocator<void> > >][m[K’
[7.303s] [01m[K/opt/ros/humble/include/rclcpp/rclcpp/create_subscription.hpp:191:76:[m[K   required from ‘[01m[Kstd::shared_ptr<ROSMessageT> rclcpp::create_subscription(NodeT&, const string&, const rclcpp::QoS&, CallbackT&&, const rclcpp::SubscriptionOptionsWithAllocator<AllocatorT>&, typename MessageMemoryStrategyT::SharedPtr) [with MessageT = ff_msgs::msg::AckStamped_<std::allocator<void> >; CallbackT = std::_Bind<void (executive_teleop::*(std::shared_ptr<rclcpp::Node>, std::_Placeholder<1>))(const ff_msgs::msg::AckStamped_<std::allocator<void> >&)>; AllocatorT = std::allocator<void>; SubscriptionT = rclcpp::Subscription<ff_msgs::msg::AckStamped_<std::allocator<void> >, std::allocator<void>, ff_msgs::msg::AckStamped_<std::allocator<void> >, ff_msgs::msg::AckStamped_<std::allocator<void> >, rclcpp::message_memory_strategy::MessageMemoryStrategy<ff_msgs::msg::AckStamped_<std::allocator<void> >, std::allocator<void> > >; MessageMemoryStrategyT = rclcpp::message_memory_strategy::MessageMemoryStrategy<ff_msgs::msg::AckStamped_<std::allocator<void> >, std::allocator<void> >; NodeT = rclcpp::Node; std::string = std::__cxx11::basic_string<char>; typename MessageMemoryStrategyT::SharedPtr = std::shared_ptr<rclcpp::message_memory_strategy::MessageMemoryStrategy<ff_msgs::msg::AckStamped_<std::allocator<void> >, std::allocator<void> > >][m[K’
[7.303s] [01m[K/opt/ros/humble/include/rclcpp/rclcpp/node_impl.hpp:99:47:[m[K   required from ‘[01m[Kstd::shared_ptr<ROSMessageT> rclcpp::Node::create_subscription(const string&, const rclcpp::QoS&, CallbackT&&, const rclcpp::SubscriptionOptionsWithAllocator<AllocatorT>&, typename MessageMemoryStrategyT::SharedPtr) [with MessageT = ff_msgs::msg::AckStamped_<std::allocator<void> >; CallbackT = std::_Bind<void (executive_teleop::*(std::shared_ptr<rclcpp::Node>, std::_Placeholder<1>))(const ff_msgs::msg::AckStamped_<std::allocator<void> >&)>; AllocatorT = std::allocator<void>; SubscriptionT = rclcpp::Subscription<ff_msgs::msg::AckStamped_<std::allocator<void> >, std::allocator<void>, ff_msgs::msg::AckStamped_<std::allocator<void> >, ff_msgs::msg::AckStamped_<std::allocator<void> >, rclcpp::message_memory_strategy::MessageMemoryStrategy<ff_msgs::msg::AckStamped_<std::allocator<void> >, std::allocator<void> > >; MessageMemoryStrategyT = rclcpp::message_memory_strategy::MessageMemoryStrategy<ff_msgs::msg::AckStamped_<std::allocator<void> >, std::allocator<void> >; std::string = std::__cxx11::basic_string<char>; typename MessageMemoryStrategyT::SharedPtr = std::shared_ptr<rclcpp::message_memory_strategy::MessageMemoryStrategy<ff_msgs::msg::AckStamped_<std::allocator<void> >, std::allocator<void> > >][m[K’
[7.303s] [01m[K/home/zyme/ros_ws/executive_teleop/executive_teleop/src/teleop_tool.cc:775:64:[m[K   required from here
[7.303s] [01m[K/opt/ros/humble/include/rclcpp/rclcpp/any_subscription_callback.hpp:394:27:[m[K [01;31m[Kerror: [m[Kno matching function for call to ‘[01m[Kstd::function<void(const ff_msgs::msg::AckStamped_<std::allocator<void> >&)>::function(std::_Bind<void (executive_teleop::*(std::shared_ptr<rclcpp::Node>, std::_Placeholder<1>))(const ff_msgs::msg::AckStamped_<std::allocator<void> >&)>&)[m[K’
[7.303s]   394 |       callback_variant_ = [01;31m[Kstatic_cast<typename scbth::callback_type>(callback)[m[K;
[7.303s]       |                           [01;31m[K^~~~~~~~~~~~~~~~~~~~~~~~~~~~~~~~~~~~~~~~~~~~~~~~~~~~[m[K
[7.303s] In file included from [01m[K/usr/include/c++/11/functional:59[m[K,
[7.303s]                  from [01m[K/home/zyme/ros_ws/executive_teleop/executive_teleop/src/teleop_tool.cc:20[m[K:
[7.303s] [01m[K/usr/include/c++/11/bits/std_function.h:435:9:[m[K [01;36m[Knote: [m[Kcandidate: ‘[01m[Ktemplate<class _Functor, class _Constraints> std::function<_Res(_ArgTypes ...)>::function(_Functor&&) [with _Functor = _Functor; _Constraints = _Constraints; _Res = void; _ArgTypes = {const ff_msgs::msg::AckStamped_<std::allocator<void> >&}][m[K’
[7.304s]   435 |         [01;36m[Kfunction[m[K(_Functor&& __f)
[7.304s]       |         [01;36m[K^~~~~~~~[m[K
[7.304s] [01m[K/usr/include/c++/11/bits/std_function.h:435:9:[m[K [01;36m[Knote: [m[K  template argument deduction/substitution failed:
[7.304s] In file included from [01m[K/usr/include/c++/11/ratio:39[m[K,
[7.304s]                  from [01m[K/usr/include/c++/11/chrono:39[m[K,
[7.304s]                  from [01m[K/home/zyme/ros_ws/executive_teleop/executive_teleop/src/teleop_tool.cc:19[m[K:
[7.304s] /usr/include/c++/11/type_traits: In substitution of ‘[01m[Ktemplate<bool _Cond, class _Tp> using __enable_if_t = typename std::enable_if::type [with bool _Cond = false; _Tp = void][m[K’:
[7.304s] [01m[K/usr/include/c++/11/bits/std_function.h:353:8:[m[K   required by substitution of ‘[01m[Ktemplate<class _Res, class ... _ArgTypes> template<class _Cond, class _Tp> using _Requires = std::__enable_if_t<_Cond::value, _Tp> [with _Cond = std::function<void(const ff_msgs::msg::AckStamped_<std::allocator<void> >&)>::_Callable<std::_Bind<void (executive_teleop::*(std::shared_ptr<rclcpp::Node>, std::_Placeholder<1>))(const ff_msgs::msg::AckStamped_<std::allocator<void> >&)>&, std::_Bind<void (executive_teleop::*(std::shared_ptr<rclcpp::Node>, std::_Placeholder<1>))(const ff_msgs::msg::AckStamped_<std::allocator<void> >&)>, std::__invoke_result<std::_Bind<void (executive_teleop::*(std::shared_ptr<rclcpp::Node>, std::_Placeholder<1>))(const ff_msgs::msg::AckStamped_<std::allocator<void> >&)>&, const ff_msgs::msg::AckStamped_<std::allocator<void> >&> >; _Tp = void; _Res = void; _ArgTypes = {const ff_msgs::msg::AckStamped_<std::allocator<void> >&}][m[K’
[7.304s] [01m[K/usr/include/c++/11/bits/std_function.h:434:9:[m[K   required from ‘[01m[Krclcpp::AnySubscriptionCallback<MessageT, AllocatorT> rclcpp::AnySubscriptionCallback<MessageT, AllocatorT>::set(CallbackT) [with CallbackT = std::_Bind<void (executive_teleop::*(std::shared_ptr<rclcpp::Node>, std::_Placeholder<1>))(const ff_msgs::msg::AckStamped_<std::allocator<void> >&)>; MessageT = ff_msgs::msg::AckStamped_<std::allocator<void> >; AllocatorT = std::allocator<void>][m[K’
[7.304s] [01m[K/opt/ros/humble/include/rclcpp/rclcpp/subscription_factory.hpp:94:32:[m[K   required from ‘[01m[Krclcpp::SubscriptionFactory rclcpp::create_subscription_factory(CallbackT&&, const rclcpp::SubscriptionOptionsWithAllocator<AllocatorT>&, typename MessageMemoryStrategyT::SharedPtr, std::shared_ptr<rclcpp::topic_statistics::SubscriptionTopicStatistics<ROSMessageType> >) [with MessageT = ff_msgs::msg::AckStamped_<std::allocator<void> >; CallbackT = std::_Bind<void (executive_teleop::*(std::shared_ptr<rclcpp::Node>, std::_Placeholder<1>))(const ff_msgs::msg::AckStamped_<std::allocator<void> >&)>; AllocatorT = std::allocator<void>; SubscriptionT = rclcpp::Subscription<ff_msgs::msg::AckStamped_<std::allocator<void> >, std::allocator<void>, ff_msgs::msg::AckStamped_<std::allocator<void> >, ff_msgs::msg::AckStamped_<std::allocator<void> >, rclcpp::message_memory_strategy::MessageMemoryStrategy<ff_msgs::msg::AckStamped_<std::allocator<void> >, std::allocator<void> > >; MessageMemoryStrategyT = rclcpp::message_memory_strategy::MessageMemoryStrategy<ff_msgs::msg::AckStamped_<std::allocator<void> >, std::allocator<void> >; ROSMessageType = ff_msgs::msg::AckStamped_<std::allocator<void> >; typename MessageMemoryStrategyT::SharedPtr = std::shared_ptr<rclcpp::message_memory_strategy::MessageMemoryStrategy<ff_msgs::msg::AckStamped_<std::allocator<void> >, std::allocator<void> > >][m[K’
[7.304s] [01m[K/opt/ros/humble/include/rclcpp/rclcpp/create_subscription.hpp:122:63:[m[K   required from ‘[01m[Kstd::shared_ptr<ROSMessageT> rclcpp::detail::create_subscription(NodeParametersT&, NodeTopicsT&, const string&, const rclcpp::QoS&, CallbackT&&, const rclcpp::SubscriptionOptionsWithAllocator<AllocatorT>&, typename MessageMemoryStrategyT::SharedPtr) [with MessageT = ff_msgs::msg::AckStamped_<std::allocator<void> >; CallbackT = std::_Bind<void (executive_teleop::*(std::shared_ptr<rclcpp::Node>, std::_Placeholder<1>))(const ff_msgs::msg::AckStamped_<std::allocator<void> >&)>; AllocatorT = std::allocator<void>; SubscriptionT = rclcpp::Subscription<ff_msgs::msg::AckStamped_<std::allocator<void> >, std::allocator<void>, ff_msgs::msg::AckStamped_<std::allocator<void> >, ff_msgs::msg::AckStamped_<std::allocator<void> >, rclcpp::message_memory_strategy::MessageMemoryStrategy<ff_msgs::msg::AckStamped_<std::allocator<void> >, std::allocator<void> > >; MessageMemoryStrategyT = rclcpp::message_memory_strategy::MessageMemoryStrategy<ff_msgs::msg::AckStamped_<std::allocator<void> >, std::allocator<void> >; NodeParametersT = rclcpp::Node; NodeTopicsT = rclcpp::Node; ROSMessageType = ff_msgs::msg::AckStamped_<std::allocator<void> >; std::string = std::__cxx11::basic_string<char>; typename MessageMemoryStrategyT::SharedPtr = std::shared_ptr<rclcpp::message_memory_strategy::MessageMemoryStrategy<ff_msgs::msg::AckStamped_<std::allocator<void> >, std::allocator<void> > >][m[K’
[7.304s] [01m[K/opt/ros/humble/include/rclcpp/rclcpp/create_subscription.hpp:191:76:[m[K   required from ‘[01m[Kstd::shared_ptr<ROSMessageT> rclcpp::create_subscription(NodeT&, const string&, const rclcpp::QoS&, CallbackT&&, const rclcpp::SubscriptionOptionsWithAllocator<AllocatorT>&, typename MessageMemoryStrategyT::SharedPtr) [with MessageT = ff_msgs::msg::AckStamped_<std::allocator<void> >; CallbackT = std::_Bind<void (executive_teleop::*(std::shared_ptr<rclcpp::Node>, std::_Placeholder<1>))(const ff_msgs::msg::AckStamped_<std::allocator<void> >&)>; AllocatorT = std::allocator<void>; SubscriptionT = rclcpp::Subscription<ff_msgs::msg::AckStamped_<std::allocator<void> >, std::allocator<void>, ff_msgs::msg::AckStamped_<std::allocator<void> >, ff_msgs::msg::AckStamped_<std::allocator<void> >, rclcpp::message_memory_strategy::MessageMemoryStrategy<ff_msgs::msg::AckStamped_<std::allocator<void> >, std::allocator<void> > >; MessageMemoryStrategyT = rclcpp::message_memory_strategy::MessageMemoryStrategy<ff_msgs::msg::AckStamped_<std::allocator<void> >, std::allocator<void> >; NodeT = rclcpp::Node; std::string = std::__cxx11::basic_string<char>; typename MessageMemoryStrategyT::SharedPtr = std::shared_ptr<rclcpp::message_memory_strategy::MessageMemoryStrategy<ff_msgs::msg::AckStamped_<std::allocator<void> >, std::allocator<void> > >][m[K’
[7.304s] [01m[K/opt/ros/humble/include/rclcpp/rclcpp/node_impl.hpp:99:47:[m[K   required from ‘[01m[Kstd::shared_ptr<ROSMessageT> rclcpp::Node::create_subscription(const string&, const rclcpp::QoS&, CallbackT&&, const rclcpp::SubscriptionOptionsWithAllocator<AllocatorT>&, typename MessageMemoryStrategyT::SharedPtr) [with MessageT = ff_msgs::msg::AckStamped_<std::allocator<void> >; CallbackT = std::_Bind<void (executive_teleop::*(std::shared_ptr<rclcpp::Node>, std::_Placeholder<1>))(const ff_msgs::msg::AckStamped_<std::allocator<void> >&)>; AllocatorT = std::allocator<void>; SubscriptionT = rclcpp::Subscription<ff_msgs::msg::AckStamped_<std::allocator<void> >, std::allocator<void>, ff_msgs::msg::AckStamped_<std::allocator<void> >, ff_msgs::msg::AckStamped_<std::allocator<void> >, rclcpp::message_memory_strategy::MessageMemoryStrategy<ff_msgs::msg::AckStamped_<std::allocator<void> >, std::allocator<void> > >; MessageMemoryStrategyT = rclcpp::message_memory_strategy::MessageMemoryStrategy<ff_msgs::msg::AckStamped_<std::allocator<void> >, std::allocator<void> >; std::string = std::__cxx11::basic_string<char>; typename MessageMemoryStrategyT::SharedPtr = std::shared_ptr<rclcpp::message_memory_strategy::MessageMemoryStrategy<ff_msgs::msg::AckStamped_<std::allocator<void> >, std::allocator<void> > >][m[K’
[7.304s] [01m[K/home/zyme/ros_ws/executive_teleop/executive_teleop/src/teleop_tool.cc:775:64:[m[K   required from here
[7.304s] [01m[K/usr/include/c++/11/type_traits:2205:11:[m[K [01;31m[Kerror: [m[Kno type named ‘[01m[Ktype[m[K’ in ‘[01m[Kstruct std::enable_if<false, void>[m[K’
[7.304s]  2205 |     using [01;31m[K__enable_if_t[m[K = typename enable_if<_Cond, _Tp>::type;
[7.304s]       |           [01;31m[K^~~~~~~~~~~~~[m[K
[7.304s] In file included from [01m[K/usr/include/c++/11/functional:59[m[K,
[7.304s]                  from [01m[K/home/zyme/ros_ws/executive_teleop/executive_teleop/src/teleop_tool.cc:20[m[K:
[7.305s] /opt/ros/humble/include/rclcpp/rclcpp/any_subscription_callback.hpp: In instantiation of ‘[01m[Krclcpp::AnySubscriptionCallback<MessageT, AllocatorT> rclcpp::AnySubscriptionCallback<MessageT, AllocatorT>::set(CallbackT) [with CallbackT = std::_Bind<void (executive_teleop::*(std::shared_ptr<rclcpp::Node>, std::_Placeholder<1>))(const ff_msgs::msg::AckStamped_<std::allocator<void> >&)>; MessageT = ff_msgs::msg::AckStamped_<std::allocator<void> >; AllocatorT = std::allocator<void>][m[K’:
[7.305s] [01m[K/opt/ros/humble/include/rclcpp/rclcpp/subscription_factory.hpp:94:32:[m[K   required from ‘[01m[Krclcpp::SubscriptionFactory rclcpp::create_subscription_factory(CallbackT&&, const rclcpp::SubscriptionOptionsWithAllocator<AllocatorT>&, typename MessageMemoryStrategyT::SharedPtr, std::shared_ptr<rclcpp::topic_statistics::SubscriptionTopicStatistics<ROSMessageType> >) [with MessageT = ff_msgs::msg::AckStamped_<std::allocator<void> >; CallbackT = std::_Bind<void (executive_teleop::*(std::shared_ptr<rclcpp::Node>, std::_Placeholder<1>))(const ff_msgs::msg::AckStamped_<std::allocator<void> >&)>; AllocatorT = std::allocator<void>; SubscriptionT = rclcpp::Subscription<ff_msgs::msg::AckStamped_<std::allocator<void> >, std::allocator<void>, ff_msgs::msg::AckStamped_<std::allocator<void> >, ff_msgs::msg::AckStamped_<std::allocator<void> >, rclcpp::message_memory_strategy::MessageMemoryStrategy<ff_msgs::msg::AckStamped_<std::allocator<void> >, std::allocator<void> > >; MessageMemoryStrategyT = rclcpp::message_memory_strategy::MessageMemoryStrategy<ff_msgs::msg::AckStamped_<std::allocator<void> >, std::allocator<void> >; ROSMessageType = ff_msgs::msg::AckStamped_<std::allocator<void> >; typename MessageMemoryStrategyT::SharedPtr = std::shared_ptr<rclcpp::message_memory_strategy::MessageMemoryStrategy<ff_msgs::msg::AckStamped_<std::allocator<void> >, std::allocator<void> > >][m[K’
[7.305s] [01m[K/opt/ros/humble/include/rclcpp/rclcpp/create_subscription.hpp:122:63:[m[K   required from ‘[01m[Kstd::shared_ptr<ROSMessageT> rclcpp::detail::create_subscription(NodeParametersT&, NodeTopicsT&, const string&, const rclcpp::QoS&, CallbackT&&, const rclcpp::SubscriptionOptionsWithAllocator<AllocatorT>&, typename MessageMemoryStrategyT::SharedPtr) [with MessageT = ff_msgs::msg::AckStamped_<std::allocator<void> >; CallbackT = std::_Bind<void (executive_teleop::*(std::shared_ptr<rclcpp::Node>, std::_Placeholder<1>))(const ff_msgs::msg::AckStamped_<std::allocator<void> >&)>; AllocatorT = std::allocator<void>; SubscriptionT = rclcpp::Subscription<ff_msgs::msg::AckStamped_<std::allocator<void> >, std::allocator<void>, ff_msgs::msg::AckStamped_<std::allocator<void> >, ff_msgs::msg::AckStamped_<std::allocator<void> >, rclcpp::message_memory_strategy::MessageMemoryStrategy<ff_msgs::msg::AckStamped_<std::allocator<void> >, std::allocator<void> > >; MessageMemoryStrategyT = rclcpp::message_memory_strategy::MessageMemoryStrategy<ff_msgs::msg::AckStamped_<std::allocator<void> >, std::allocator<void> >; NodeParametersT = rclcpp::Node; NodeTopicsT = rclcpp::Node; ROSMessageType = ff_msgs::msg::AckStamped_<std::allocator<void> >; std::string = std::__cxx11::basic_string<char>; typename MessageMemoryStrategyT::SharedPtr = std::shared_ptr<rclcpp::message_memory_strategy::MessageMemoryStrategy<ff_msgs::msg::AckStamped_<std::allocator<void> >, std::allocator<void> > >][m[K’
[7.305s] [01m[K/opt/ros/humble/include/rclcpp/rclcpp/create_subscription.hpp:191:76:[m[K   required from ‘[01m[Kstd::shared_ptr<ROSMessageT> rclcpp::create_subscription(NodeT&, const string&, const rclcpp::QoS&, CallbackT&&, const rclcpp::SubscriptionOptionsWithAllocator<AllocatorT>&, typename MessageMemoryStrategyT::SharedPtr) [with MessageT = ff_msgs::msg::AckStamped_<std::allocator<void> >; CallbackT = std::_Bind<void (executive_teleop::*(std::shared_ptr<rclcpp::Node>, std::_Placeholder<1>))(const ff_msgs::msg::AckStamped_<std::allocator<void> >&)>; AllocatorT = std::allocator<void>; SubscriptionT = rclcpp::Subscription<ff_msgs::msg::AckStamped_<std::allocator<void> >, std::allocator<void>, ff_msgs::msg::AckStamped_<std::allocator<void> >, ff_msgs::msg::AckStamped_<std::allocator<void> >, rclcpp::message_memory_strategy::MessageMemoryStrategy<ff_msgs::msg::AckStamped_<std::allocator<void> >, std::allocator<void> > >; MessageMemoryStrategyT = rclcpp::message_memory_strategy::MessageMemoryStrategy<ff_msgs::msg::AckStamped_<std::allocator<void> >, std::allocator<void> >; NodeT = rclcpp::Node; std::string = std::__cxx11::basic_string<char>; typename MessageMemoryStrategyT::SharedPtr = std::shared_ptr<rclcpp::message_memory_strategy::MessageMemoryStrategy<ff_msgs::msg::AckStamped_<std::allocator<void> >, std::allocator<void> > >][m[K’
[7.305s] [01m[K/opt/ros/humble/include/rclcpp/rclcpp/node_impl.hpp:99:47:[m[K   required from ‘[01m[Kstd::shared_ptr<ROSMessageT> rclcpp::Node::create_subscription(const string&, const rclcpp::QoS&, CallbackT&&, const rclcpp::SubscriptionOptionsWithAllocator<AllocatorT>&, typename MessageMemoryStrategyT::SharedPtr) [with MessageT = ff_msgs::msg::AckStamped_<std::allocator<void> >; CallbackT = std::_Bind<void (executive_teleop::*(std::shared_ptr<rclcpp::Node>, std::_Placeholder<1>))(const ff_msgs::msg::AckStamped_<std::allocator<void> >&)>; AllocatorT = std::allocator<void>; SubscriptionT = rclcpp::Subscription<ff_msgs::msg::AckStamped_<std::allocator<void> >, std::allocator<void>, ff_msgs::msg::AckStamped_<std::allocator<void> >, ff_msgs::msg::AckStamped_<std::allocator<void> >, rclcpp::message_memory_strategy::MessageMemoryStrategy<ff_msgs::msg::AckStamped_<std::allocator<void> >, std::allocator<void> > >; MessageMemoryStrategyT = rclcpp::message_memory_strategy::MessageMemoryStrategy<ff_msgs::msg::AckStamped_<std::allocator<void> >, std::allocator<void> >; std::string = std::__cxx11::basic_string<char>; typename MessageMemoryStrategyT::SharedPtr = std::shared_ptr<rclcpp::message_memory_strategy::MessageMemoryStrategy<ff_msgs::msg::AckStamped_<std::allocator<void> >, std::allocator<void> > >][m[K’
[7.305s] [01m[K/home/zyme/ros_ws/executive_teleop/executive_teleop/src/teleop_tool.cc:775:64:[m[K   required from here
[7.305s] [01m[K/usr/include/c++/11/bits/std_function.h:404:7:[m[K [01;36m[Knote: [m[Kcandidate: ‘[01m[Kstd::function<_Res(_ArgTypes ...)>::function(std::function<_Res(_ArgTypes ...)>&&) [with _Res = void; _ArgTypes = {const ff_msgs::msg::AckStamped_<std::allocator<void> >&}][m[K’
[7.305s]   404 |       [01;36m[Kfunction[m[K(function&& __x) noexcept
[7.305s]       |       [01;36m[K^~~~~~~~[m[K
[7.305s] [01m[K/usr/include/c++/11/bits/std_function.h:404:27:[m[K [01;36m[Knote: [m[K  no known conversion for argument 1 from ‘[01m[Kstd::_Bind<void (executive_teleop::*(std::shared_ptr<rclcpp::Node>, std::_Placeholder<1>))(const ff_msgs::msg::AckStamped_<std::allocator<void> >&)>[m[K’ to ‘[01m[Kstd::function<void(const ff_msgs::msg::AckStamped_<std::allocator<void> >&)>&&[m[K’
[7.305s]   404 |       function([01;36m[Kfunction&& __x[m[K) noexcept
[7.305s]       |                [01;36m[K~~~~~~~~~~~^~~[m[K
[7.305s] [01m[K/usr/include/c++/11/bits/std_function.h:386:7:[m[K [01;36m[Knote: [m[Kcandidate: ‘[01m[Kstd::function<_Res(_ArgTypes ...)>::function(const std::function<_Res(_ArgTypes ...)>&) [with _Res = void; _ArgTypes = {const ff_msgs::msg::AckStamped_<std::allocator<void> >&}][m[K’
[7.305s]   386 |       [01;36m[Kfunction[m[K(const function& __x)
[7.305s]       |       [01;36m[K^~~~~~~~[m[K
[7.305s] [01m[K/usr/include/c++/11/bits/std_function.h:386:32:[m[K [01;36m[Knote: [m[K  no known conversion for argument 1 from ‘[01m[Kstd::_Bind<void (executive_teleop::*(std::shared_ptr<rclcpp::Node>, std::_Placeholder<1>))(const ff_msgs::msg::AckStamped_<std::allocator<void> >&)>[m[K’ to ‘[01m[Kconst std::function<void(const ff_msgs::msg::AckStamped_<std::allocator<void> >&)>&[m[K’
[7.305s]   386 |       function([01;36m[Kconst function& __x[m[K)
[7.305s]       |                [01;36m[K~~~~~~~~~~~~~~~~^~~[m[K
[7.305s] [01m[K/usr/include/c++/11/bits/std_function.h:375:7:[m[K [01;36m[Knote: [m[Kcandidate: ‘[01m[Kstd::function<_Res(_ArgTypes ...)>::function(std::nullptr_t) [with _Res = void; _ArgTypes = {const ff_msgs::msg::AckStamped_<std::allocator<void> >&}; std::nullptr_t = std::nullptr_t][m[K’
[7.305s]   375 |       [01;36m[Kfunction[m[K(nullptr_t) noexcept
[7.306s]       |       [01;36m[K^~~~~~~~[m[K
[7.306s] [01m[K/usr/include/c++/11/bits/std_function.h:375:16:[m[K [01;36m[Knote: [m[K  no known conversion for argument 1 from ‘[01m[Kstd::_Bind<void (executive_teleop::*(std::shared_ptr<rclcpp::Node>, std::_Placeholder<1>))(const ff_msgs::msg::AckStamped_<std::allocator<void> >&)>[m[K’ to ‘[01m[Kstd::nullptr_t[m[K’
[7.306s]   375 |       function([01;36m[Knullptr_t[m[K) noexcept
[7.306s]       |                [01;36m[K^~~~~~~~~[m[K
[7.306s] [01m[K/usr/include/c++/11/bits/std_function.h:368:7:[m[K [01;36m[Knote: [m[Kcandidate: ‘[01m[Kstd::function<_Res(_ArgTypes ...)>::function() [with _Res = void; _ArgTypes = {const ff_msgs::msg::AckStamped_<std::allocator<void> >&}][m[K’
[7.306s]   368 |       [01;36m[Kfunction[m[K() noexcept
[7.306s]       |       [01;36m[K^~~~~~~~[m[K
[7.306s] [01m[K/usr/include/c++/11/bits/std_function.h:368:7:[m[K [01;36m[Knote: [m[K  candidate expects 0 arguments, 1 provided
[7.324s] In file included from [01m[K/opt/ros/humble/include/rclcpp/rclcpp/subscription_base.hpp:32[m[K,
[7.324s]                  from [01m[K/opt/ros/humble/include/rclcpp/rclcpp/callback_group.hpp:29[m[K,
[7.324s]                  from [01m[K/opt/ros/humble/include/rclcpp/rclcpp/any_executable.hpp:20[m[K,
[7.325s]                  from [01m[K/opt/ros/humble/include/rclcpp/rclcpp/memory_strategy.hpp:25[m[K,
[7.325s]                  from [01m[K/opt/ros/humble/include/rclcpp/rclcpp/memory_strategies.hpp:18[m[K,
[7.325s]                  from [01m[K/opt/ros/humble/include/rclcpp/rclcpp/executor_options.hpp:20[m[K,
[7.325s]                  from [01m[K/opt/ros/humble/include/rclcpp/rclcpp/executor.hpp:37[m[K,
[7.325s]                  from [01m[K/opt/ros/humble/include/rclcpp/rclcpp/executors/multi_threaded_executor.hpp:25[m[K,
[7.325s]                  from [01m[K/opt/ros/humble/include/rclcpp/rclcpp/executors.hpp:21[m[K,
[7.325s]                  from [01m[K/opt/ros/humble/include/rclcpp/rclcpp/rclcpp.hpp:155[m[K,
[7.325s]                  from [01m[K/home/zyme/ros_ws/executive_teleop/executive_teleop/src/teleop_tool.cc:29[m[K:
[7.325s] /opt/ros/humble/include/rclcpp/rclcpp/any_subscription_callback.hpp: In instantiation of ‘[01m[Krclcpp::AnySubscriptionCallback<MessageT, AllocatorT> rclcpp::AnySubscriptionCallback<MessageT, AllocatorT>::set(CallbackT) [with CallbackT = std::_Bind<void (executive_teleop::*(std::shared_ptr<rclcpp::Node>, std::_Placeholder<1>))(const ff_msgs::msg::AgentStateStamped_<std::allocator<void> >&)>; MessageT = ff_msgs::msg::AgentStateStamped_<std::allocator<void> >; AllocatorT = std::allocator<void>][m[K’:
[7.325s] [01m[K/opt/ros/humble/include/rclcpp/rclcpp/subscription_factory.hpp:94:32:[m[K   required from ‘[01m[Krclcpp::SubscriptionFactory rclcpp::create_subscription_factory(CallbackT&&, const rclcpp::SubscriptionOptionsWithAllocator<AllocatorT>&, typename MessageMemoryStrategyT::SharedPtr, std::shared_ptr<rclcpp::topic_statistics::SubscriptionTopicStatistics<ROSMessageType> >) [with MessageT = ff_msgs::msg::AgentStateStamped_<std::allocator<void> >; CallbackT = std::_Bind<void (executive_teleop::*(std::shared_ptr<rclcpp::Node>, std::_Placeholder<1>))(const ff_msgs::msg::AgentStateStamped_<std::allocator<void> >&)>; AllocatorT = std::allocator<void>; SubscriptionT = rclcpp::Subscription<ff_msgs::msg::AgentStateStamped_<std::allocator<void> >, std::allocator<void>, ff_msgs::msg::AgentStateStamped_<std::allocator<void> >, ff_msgs::msg::AgentStateStamped_<std::allocator<void> >, rclcpp::message_memory_strategy::MessageMemoryStrategy<ff_msgs::msg::AgentStateStamped_<std::allocator<void> >, std::allocator<void> > >; MessageMemoryStrategyT = rclcpp::message_memory_strategy::MessageMemoryStrategy<ff_msgs::msg::AgentStateStamped_<std::allocator<void> >, std::allocator<void> >; ROSMessageType = ff_msgs::msg::AgentStateStamped_<std::allocator<void> >; typename MessageMemoryStrategyT::SharedPtr = std::shared_ptr<rclcpp::message_memory_strategy::MessageMemoryStrategy<ff_msgs::msg::AgentStateStamped_<std::allocator<void> >, std::allocator<void> > >][m[K’
[7.325s] [01m[K/opt/ros/humble/include/rclcpp/rclcpp/create_subscription.hpp:122:63:[m[K   required from ‘[01m[Kstd::shared_ptr<ROSMessageT> rclcpp::detail::create_subscription(NodeParametersT&, NodeTopicsT&, const string&, const rclcpp::QoS&, CallbackT&&, const rclcpp::SubscriptionOptionsWithAllocator<AllocatorT>&, typename MessageMemoryStrategyT::SharedPtr) [with MessageT = ff_msgs::msg::AgentStateStamped_<std::allocator<void> >; CallbackT = std::_Bind<void (executive_teleop::*(std::shared_ptr<rclcpp::Node>, std::_Placeholder<1>))(const ff_msgs::msg::AgentStateStamped_<std::allocator<void> >&)>; AllocatorT = std::allocator<void>; SubscriptionT = rclcpp::Subscription<ff_msgs::msg::AgentStateStamped_<std::allocator<void> >, std::allocator<void>, ff_msgs::msg::AgentStateStamped_<std::allocator<void> >, ff_msgs::msg::AgentStateStamped_<std::allocator<void> >, rclcpp::message_memory_strategy::MessageMemoryStrategy<ff_msgs::msg::AgentStateStamped_<std::allocator<void> >, std::allocator<void> > >; MessageMemoryStrategyT = rclcpp::message_memory_strategy::MessageMemoryStrategy<ff_msgs::msg::AgentStateStamped_<std::allocator<void> >, std::allocator<void> >; NodeParametersT = rclcpp::Node; NodeTopicsT = rclcpp::Node; ROSMessageType = ff_msgs::msg::AgentStateStamped_<std::allocator<void> >; std::string = std::__cxx11::basic_string<char>; typename MessageMemoryStrategyT::SharedPtr = std::shared_ptr<rclcpp::message_memory_strategy::MessageMemoryStrategy<ff_msgs::msg::AgentStateStamped_<std::allocator<void> >, std::allocator<void> > >][m[K’
[7.325s] [01m[K/opt/ros/humble/include/rclcpp/rclcpp/create_subscription.hpp:191:76:[m[K   required from ‘[01m[Kstd::shared_ptr<ROSMessageT> rclcpp::create_subscription(NodeT&, const string&, const rclcpp::QoS&, CallbackT&&, const rclcpp::SubscriptionOptionsWithAllocator<AllocatorT>&, typename MessageMemoryStrategyT::SharedPtr) [with MessageT = ff_msgs::msg::AgentStateStamped_<std::allocator<void> >; CallbackT = std::_Bind<void (executive_teleop::*(std::shared_ptr<rclcpp::Node>, std::_Placeholder<1>))(const ff_msgs::msg::AgentStateStamped_<std::allocator<void> >&)>; AllocatorT = std::allocator<void>; SubscriptionT = rclcpp::Subscription<ff_msgs::msg::AgentStateStamped_<std::allocator<void> >, std::allocator<void>, ff_msgs::msg::AgentStateStamped_<std::allocator<void> >, ff_msgs::msg::AgentStateStamped_<std::allocator<void> >, rclcpp::message_memory_strategy::MessageMemoryStrategy<ff_msgs::msg::AgentStateStamped_<std::allocator<void> >, std::allocator<void> > >; MessageMemoryStrategyT = rclcpp::message_memory_strategy::MessageMemoryStrategy<ff_msgs::msg::AgentStateStamped_<std::allocator<void> >, std::allocator<void> >; NodeT = rclcpp::Node; std::string = std::__cxx11::basic_string<char>; typename MessageMemoryStrategyT::SharedPtr = std::shared_ptr<rclcpp::message_memory_strategy::MessageMemoryStrategy<ff_msgs::msg::AgentStateStamped_<std::allocator<void> >, std::allocator<void> > >][m[K’
[7.325s] [01m[K/opt/ros/humble/include/rclcpp/rclcpp/node_impl.hpp:99:47:[m[K   required from ‘[01m[Kstd::shared_ptr<ROSMessageT> rclcpp::Node::create_subscription(const string&, const rclcpp::QoS&, CallbackT&&, const rclcpp::SubscriptionOptionsWithAllocator<AllocatorT>&, typename MessageMemoryStrategyT::SharedPtr) [with MessageT = ff_msgs::msg::AgentStateStamped_<std::allocator<void> >; CallbackT = std::_Bind<void (executive_teleop::*(std::shared_ptr<rclcpp::Node>, std::_Placeholder<1>))(const ff_msgs::msg::AgentStateStamped_<std::allocator<void> >&)>; AllocatorT = std::allocator<void>; SubscriptionT = rclcpp::Subscription<ff_msgs::msg::AgentStateStamped_<std::allocator<void> >, std::allocator<void>, ff_msgs::msg::AgentStateStamped_<std::allocator<void> >, ff_msgs::msg::AgentStateStamped_<std::allocator<void> >, rclcpp::message_memory_strategy::MessageMemoryStrategy<ff_msgs::msg::AgentStateStamped_<std::allocator<void> >, std::allocator<void> > >; MessageMemoryStrategyT = rclcpp::message_memory_strategy::MessageMemoryStrategy<ff_msgs::msg::AgentStateStamped_<std::allocator<void> >, std::allocator<void> >; std::string = std::__cxx11::basic_string<char>; typename MessageMemoryStrategyT::SharedPtr = std::shared_ptr<rclcpp::message_memory_strategy::MessageMemoryStrategy<ff_msgs::msg::AgentStateStamped_<std::allocator<void> >, std::allocator<void> > >][m[K’
[7.325s] [01m[K/home/zyme/ros_ws/executive_teleop/executive_teleop/src/teleop_tool.cc:823:82:[m[K   required from here
[7.325s] [01m[K/opt/ros/humble/include/rclcpp/rclcpp/any_subscription_callback.hpp:394:27:[m[K [01;31m[Kerror: [m[Kno matching function for call to ‘[01m[Kstd::function<void(const ff_msgs::msg::AgentStateStamped_<std::allocator<void> >&)>::function(std::_Bind<void (executive_teleop::*(std::shared_ptr<rclcpp::Node>, std::_Placeholder<1>))(const ff_msgs::msg::AgentStateStamped_<std::allocator<void> >&)>&)[m[K’
[7.325s]   394 |       callback_variant_ = [01;31m[Kstatic_cast<typename scbth::callback_type>(callback)[m[K;
[7.325s]       |                           [01;31m[K^~~~~~~~~~~~~~~~~~~~~~~~~~~~~~~~~~~~~~~~~~~~~~~~~~~~[m[K
[7.325s] In file included from [01m[K/usr/include/c++/11/functional:59[m[K,
[7.326s]                  from [01m[K/home/zyme/ros_ws/executive_teleop/executive_teleop/src/teleop_tool.cc:20[m[K:
[7.326s] [01m[K/usr/include/c++/11/bits/std_function.h:435:9:[m[K [01;36m[Knote: [m[Kcandidate: ‘[01m[Ktemplate<class _Functor, class _Constraints> std::function<_Res(_ArgTypes ...)>::function(_Functor&&) [with _Functor = _Functor; _Constraints = _Constraints; _Res = void; _ArgTypes = {const ff_msgs::msg::AgentStateStamped_<std::allocator<void> >&}][m[K’
[7.326s]   435 |         [01;36m[Kfunction[m[K(_Functor&& __f)
[7.326s]       |         [01;36m[K^~~~~~~~[m[K
[7.326s] [01m[K/usr/include/c++/11/bits/std_function.h:435:9:[m[K [01;36m[Knote: [m[K  template argument deduction/substitution failed:
[7.326s] [01m[K/usr/include/c++/11/bits/std_function.h:404:7:[m[K [01;36m[Knote: [m[Kcandidate: ‘[01m[Kstd::function<_Res(_ArgTypes ...)>::function(std::function<_Res(_ArgTypes ...)>&&) [with _Res = void; _ArgTypes = {const ff_msgs::msg::AgentStateStamped_<std::allocator<void> >&}][m[K’
[7.326s]   404 |       [01;36m[Kfunction[m[K(function&& __x) noexcept
[7.326s]       |       [01;36m[K^~~~~~~~[m[K
[7.326s] [01m[K/usr/include/c++/11/bits/std_function.h:404:27:[m[K [01;36m[Knote: [m[K  no known conversion for argument 1 from ‘[01m[Kstd::_Bind<void (executive_teleop::*(std::shared_ptr<rclcpp::Node>, std::_Placeholder<1>))(const ff_msgs::msg::AgentStateStamped_<std::allocator<void> >&)>[m[K’ to ‘[01m[Kstd::function<void(const ff_msgs::msg::AgentStateStamped_<std::allocator<void> >&)>&&[m[K’
[7.326s]   404 |       function([01;36m[Kfunction&& __x[m[K) noexcept
[7.326s]       |                [01;36m[K~~~~~~~~~~~^~~[m[K
[7.326s] [01m[K/usr/include/c++/11/bits/std_function.h:386:7:[m[K [01;36m[Knote: [m[Kcandidate: ‘[01m[Kstd::function<_Res(_ArgTypes ...)>::function(const std::function<_Res(_ArgTypes ...)>&) [with _Res = void; _ArgTypes = {const ff_msgs::msg::AgentStateStamped_<std::allocator<void> >&}][m[K’
[7.326s]   386 |       [01;36m[Kfunction[m[K(const function& __x)
[7.326s]       |       [01;36m[K^~~~~~~~[m[K
[7.326s] [01m[K/usr/include/c++/11/bits/std_function.h:386:32:[m[K [01;36m[Knote: [m[K  no known conversion for argument 1 from ‘[01m[Kstd::_Bind<void (executive_teleop::*(std::shared_ptr<rclcpp::Node>, std::_Placeholder<1>))(const ff_msgs::msg::AgentStateStamped_<std::allocator<void> >&)>[m[K’ to ‘[01m[Kconst std::function<void(const ff_msgs::msg::AgentStateStamped_<std::allocator<void> >&)>&[m[K’
[7.326s]   386 |       function([01;36m[Kconst function& __x[m[K)
[7.326s]       |                [01;36m[K~~~~~~~~~~~~~~~~^~~[m[K
[7.326s] [01m[K/usr/include/c++/11/bits/std_function.h:375:7:[m[K [01;36m[Knote: [m[Kcandidate: ‘[01m[Kstd::function<_Res(_ArgTypes ...)>::function(std::nullptr_t) [with _Res = void; _ArgTypes = {const ff_msgs::msg::AgentStateStamped_<std::allocator<void> >&}; std::nullptr_t = std::nullptr_t][m[K’
[7.326s]   375 |       [01;36m[Kfunction[m[K(nullptr_t) noexcept
[7.326s]       |       [01;36m[K^~~~~~~~[m[K
[7.326s] [01m[K/usr/include/c++/11/bits/std_function.h:375:16:[m[K [01;36m[Knote: [m[K  no known conversion for argument 1 from ‘[01m[Kstd::_Bind<void (executive_teleop::*(std::shared_ptr<rclcpp::Node>, std::_Placeholder<1>))(const ff_msgs::msg::AgentStateStamped_<std::allocator<void> >&)>[m[K’ to ‘[01m[Kstd::nullptr_t[m[K’
[7.327s]   375 |       function([01;36m[Knullptr_t[m[K) noexcept
[7.327s]       |                [01;36m[K^~~~~~~~~[m[K
[7.327s] [01m[K/usr/include/c++/11/bits/std_function.h:368:7:[m[K [01;36m[Knote: [m[Kcandidate: ‘[01m[Kstd::function<_Res(_ArgTypes ...)>::function() [with _Res = void; _ArgTypes = {const ff_msgs::msg::AgentStateStamped_<std::allocator<void> >&}][m[K’
[7.327s]   368 |       [01;36m[Kfunction[m[K() noexcept
[7.327s]       |       [01;36m[K^~~~~~~~[m[K
[7.327s] [01m[K/usr/include/c++/11/bits/std_function.h:368:7:[m[K [01;36m[Knote: [m[K  candidate expects 0 arguments, 1 provided
[7.340s] In file included from [01m[K/opt/ros/humble/include/rclcpp/rclcpp/subscription_base.hpp:32[m[K,
[7.340s]                  from [01m[K/opt/ros/humble/include/rclcpp/rclcpp/callback_group.hpp:29[m[K,
[7.340s]                  from [01m[K/opt/ros/humble/include/rclcpp/rclcpp/any_executable.hpp:20[m[K,
[7.341s]                  from [01m[K/opt/ros/humble/include/rclcpp/rclcpp/memory_strategy.hpp:25[m[K,
[7.341s]                  from [01m[K/opt/ros/humble/include/rclcpp/rclcpp/memory_strategies.hpp:18[m[K,
[7.341s]                  from [01m[K/opt/ros/humble/include/rclcpp/rclcpp/executor_options.hpp:20[m[K,
[7.341s]                  from [01m[K/opt/ros/humble/include/rclcpp/rclcpp/executor.hpp:37[m[K,
[7.341s]                  from [01m[K/opt/ros/humble/include/rclcpp/rclcpp/executors/multi_threaded_executor.hpp:25[m[K,
[7.341s]                  from [01m[K/opt/ros/humble/include/rclcpp/rclcpp/executors.hpp:21[m[K,
[7.341s]                  from [01m[K/opt/ros/humble/include/rclcpp/rclcpp/rclcpp.hpp:155[m[K,
[7.341s]                  from [01m[K/home/zyme/ros_ws/executive_teleop/executive_teleop/src/teleop_tool.cc:29[m[K:
[7.341s] /opt/ros/humble/include/rclcpp/rclcpp/any_subscription_callback.hpp: In instantiation of ‘[01m[Krclcpp::AnySubscriptionCallback<MessageT, AllocatorT> rclcpp::AnySubscriptionCallback<MessageT, AllocatorT>::set(CallbackT) [with CallbackT = std::_Bind<void (executive_teleop::*(std::shared_ptr<rclcpp::Node>, std::_Placeholder<1>))(const ff_msgs::msg::FaultState_<std::allocator<void> >&)>; MessageT = ff_msgs::msg::FaultState_<std::allocator<void> >; AllocatorT = std::allocator<void>][m[K’:
[7.341s] [01m[K/opt/ros/humble/include/rclcpp/rclcpp/subscription_factory.hpp:94:32:[m[K   required from ‘[01m[Krclcpp::SubscriptionFactory rclcpp::create_subscription_factory(CallbackT&&, const rclcpp::SubscriptionOptionsWithAllocator<AllocatorT>&, typename MessageMemoryStrategyT::SharedPtr, std::shared_ptr<rclcpp::topic_statistics::SubscriptionTopicStatistics<ROSMessageType> >) [with MessageT = ff_msgs::msg::FaultState_<std::allocator<void> >; CallbackT = std::_Bind<void (executive_teleop::*(std::shared_ptr<rclcpp::Node>, std::_Placeholder<1>))(const ff_msgs::msg::FaultState_<std::allocator<void> >&)>; AllocatorT = std::allocator<void>; SubscriptionT = rclcpp::Subscription<ff_msgs::msg::FaultState_<std::allocator<void> >, std::allocator<void>, ff_msgs::msg::FaultState_<std::allocator<void> >, ff_msgs::msg::FaultState_<std::allocator<void> >, rclcpp::message_memory_strategy::MessageMemoryStrategy<ff_msgs::msg::FaultState_<std::allocator<void> >, std::allocator<void> > >; MessageMemoryStrategyT = rclcpp::message_memory_strategy::MessageMemoryStrategy<ff_msgs::msg::FaultState_<std::allocator<void> >, std::allocator<void> >; ROSMessageType = ff_msgs::msg::FaultState_<std::allocator<void> >; typename MessageMemoryStrategyT::SharedPtr = std::shared_ptr<rclcpp::message_memory_strategy::MessageMemoryStrategy<ff_msgs::msg::FaultState_<std::allocator<void> >, std::allocator<void> > >][m[K’
[7.341s] [01m[K/opt/ros/humble/include/rclcpp/rclcpp/create_subscription.hpp:122:63:[m[K   required from ‘[01m[Kstd::shared_ptr<ROSMessageT> rclcpp::detail::create_subscription(NodeParametersT&, NodeTopicsT&, const string&, const rclcpp::QoS&, CallbackT&&, const rclcpp::SubscriptionOptionsWithAllocator<AllocatorT>&, typename MessageMemoryStrategyT::SharedPtr) [with MessageT = ff_msgs::msg::FaultState_<std::allocator<void> >; CallbackT = std::_Bind<void (executive_teleop::*(std::shared_ptr<rclcpp::Node>, std::_Placeholder<1>))(const ff_msgs::msg::FaultState_<std::allocator<void> >&)>; AllocatorT = std::allocator<void>; SubscriptionT = rclcpp::Subscription<ff_msgs::msg::FaultState_<std::allocator<void> >, std::allocator<void>, ff_msgs::msg::FaultState_<std::allocator<void> >, ff_msgs::msg::FaultState_<std::allocator<void> >, rclcpp::message_memory_strategy::MessageMemoryStrategy<ff_msgs::msg::FaultState_<std::allocator<void> >, std::allocator<void> > >; MessageMemoryStrategyT = rclcpp::message_memory_strategy::MessageMemoryStrategy<ff_msgs::msg::FaultState_<std::allocator<void> >, std::allocator<void> >; NodeParametersT = rclcpp::Node; NodeTopicsT = rclcpp::Node; ROSMessageType = ff_msgs::msg::FaultState_<std::allocator<void> >; std::string = std::__cxx11::basic_string<char>; typename MessageMemoryStrategyT::SharedPtr = std::shared_ptr<rclcpp::message_memory_strategy::MessageMemoryStrategy<ff_msgs::msg::FaultState_<std::allocator<void> >, std::allocator<void> > >][m[K’
[7.341s] [01m[K/opt/ros/humble/include/rclcpp/rclcpp/create_subscription.hpp:191:76:[m[K   required from ‘[01m[Kstd::shared_ptr<ROSMessageT> rclcpp::create_subscription(NodeT&, const string&, const rclcpp::QoS&, CallbackT&&, const rclcpp::SubscriptionOptionsWithAllocator<AllocatorT>&, typename MessageMemoryStrategyT::SharedPtr) [with MessageT = ff_msgs::msg::FaultState_<std::allocator<void> >; CallbackT = std::_Bind<void (executive_teleop::*(std::shared_ptr<rclcpp::Node>, std::_Placeholder<1>))(const ff_msgs::msg::FaultState_<std::allocator<void> >&)>; AllocatorT = std::allocator<void>; SubscriptionT = rclcpp::Subscription<ff_msgs::msg::FaultState_<std::allocator<void> >, std::allocator<void>, ff_msgs::msg::FaultState_<std::allocator<void> >, ff_msgs::msg::FaultState_<std::allocator<void> >, rclcpp::message_memory_strategy::MessageMemoryStrategy<ff_msgs::msg::FaultState_<std::allocator<void> >, std::allocator<void> > >; MessageMemoryStrategyT = rclcpp::message_memory_strategy::MessageMemoryStrategy<ff_msgs::msg::FaultState_<std::allocator<void> >, std::allocator<void> >; NodeT = rclcpp::Node; std::string = std::__cxx11::basic_string<char>; typename MessageMemoryStrategyT::SharedPtr = std::shared_ptr<rclcpp::message_memory_strategy::MessageMemoryStrategy<ff_msgs::msg::FaultState_<std::allocator<void> >, std::allocator<void> > >][m[K’
[7.341s] [01m[K/opt/ros/humble/include/rclcpp/rclcpp/node_impl.hpp:99:47:[m[K   required from ‘[01m[Kstd::shared_ptr<ROSMessageT> rclcpp::Node::create_subscription(const string&, const rclcpp::QoS&, CallbackT&&, const rclcpp::SubscriptionOptionsWithAllocator<AllocatorT>&, typename MessageMemoryStrategyT::SharedPtr) [with MessageT = ff_msgs::msg::FaultState_<std::allocator<void> >; CallbackT = std::_Bind<void (executive_teleop::*(std::shared_ptr<rclcpp::Node>, std::_Placeholder<1>))(const ff_msgs::msg::FaultState_<std::allocator<void> >&)>; AllocatorT = std::allocator<void>; SubscriptionT = rclcpp::Subscription<ff_msgs::msg::FaultState_<std::allocator<void> >, std::allocator<void>, ff_msgs::msg::FaultState_<std::allocator<void> >, ff_msgs::msg::FaultState_<std::allocator<void> >, rclcpp::message_memory_strategy::MessageMemoryStrategy<ff_msgs::msg::FaultState_<std::allocator<void> >, std::allocator<void> > >; MessageMemoryStrategyT = rclcpp::message_memory_strategy::MessageMemoryStrategy<ff_msgs::msg::FaultState_<std::allocator<void> >, std::allocator<void> >; std::string = std::__cxx11::basic_string<char>; typename MessageMemoryStrategyT::SharedPtr = std::shared_ptr<rclcpp::message_memory_strategy::MessageMemoryStrategy<ff_msgs::msg::FaultState_<std::allocator<void> >, std::allocator<void> > >][m[K’
[7.341s] [01m[K/home/zyme/ros_ws/executive_teleop/executive_teleop/src/teleop_tool.cc:830:74:[m[K   required from here
[7.341s] [01m[K/opt/ros/humble/include/rclcpp/rclcpp/any_subscription_callback.hpp:394:27:[m[K [01;31m[Kerror: [m[Kno matching function for call to ‘[01m[Kstd::function<void(const ff_msgs::msg::FaultState_<std::allocator<void> >&)>::function(std::_Bind<void (executive_teleop::*(std::shared_ptr<rclcpp::Node>, std::_Placeholder<1>))(const ff_msgs::msg::FaultState_<std::allocator<void> >&)>&)[m[K’
[7.341s]   394 |       callback_variant_ = [01;31m[Kstatic_cast<typename scbth::callback_type>(callback)[m[K;
[7.341s]       |                           [01;31m[K^~~~~~~~~~~~~~~~~~~~~~~~~~~~~~~~~~~~~~~~~~~~~~~~~~~~[m[K
[7.341s] In file included from [01m[K/usr/include/c++/11/functional:59[m[K,
[7.341s]                  from [01m[K/home/zyme/ros_ws/executive_teleop/executive_teleop/src/teleop_tool.cc:20[m[K:
[7.341s] [01m[K/usr/include/c++/11/bits/std_function.h:435:9:[m[K [01;36m[Knote: [m[Kcandidate: ‘[01m[Ktemplate<class _Functor, class _Constraints> std::function<_Res(_ArgTypes ...)>::function(_Functor&&) [with _Functor = _Functor; _Constraints = _Constraints; _Res = void; _ArgTypes = {const ff_msgs::msg::FaultState_<std::allocator<void> >&}][m[K’
[7.342s]   435 |         [01;36m[Kfunction[m[K(_Functor&& __f)
[7.342s]       |         [01;36m[K^~~~~~~~[m[K
[7.342s] [01m[K/usr/include/c++/11/bits/std_function.h:435:9:[m[K [01;36m[Knote: [m[K  template argument deduction/substitution failed:
[7.342s] [01m[K/usr/include/c++/11/bits/std_function.h:404:7:[m[K [01;36m[Knote: [m[Kcandidate: ‘[01m[Kstd::function<_Res(_ArgTypes ...)>::function(std::function<_Res(_ArgTypes ...)>&&) [with _Res = void; _ArgTypes = {const ff_msgs::msg::FaultState_<std::allocator<void> >&}][m[K’
[7.342s]   404 |       [01;36m[Kfunction[m[K(function&& __x) noexcept
[7.342s]       |       [01;36m[K^~~~~~~~[m[K
[7.342s] [01m[K/usr/include/c++/11/bits/std_function.h:404:27:[m[K [01;36m[Knote: [m[K  no known conversion for argument 1 from ‘[01m[Kstd::_Bind<void (executive_teleop::*(std::shared_ptr<rclcpp::Node>, std::_Placeholder<1>))(const ff_msgs::msg::FaultState_<std::allocator<void> >&)>[m[K’ to ‘[01m[Kstd::function<void(const ff_msgs::msg::FaultState_<std::allocator<void> >&)>&&[m[K’
[7.342s]   404 |       function([01;36m[Kfunction&& __x[m[K) noexcept
[7.342s]       |                [01;36m[K~~~~~~~~~~~^~~[m[K
[7.342s] [01m[K/usr/include/c++/11/bits/std_function.h:386:7:[m[K [01;36m[Knote: [m[Kcandidate: ‘[01m[Kstd::function<_Res(_ArgTypes ...)>::function(const std::function<_Res(_ArgTypes ...)>&) [with _Res = void; _ArgTypes = {const ff_msgs::msg::FaultState_<std::allocator<void> >&}][m[K’
[7.342s]   386 |       [01;36m[Kfunction[m[K(const function& __x)
[7.342s]       |       [01;36m[K^~~~~~~~[m[K
[7.342s] [01m[K/usr/include/c++/11/bits/std_function.h:386:32:[m[K [01;36m[Knote: [m[K  no known conversion for argument 1 from ‘[01m[Kstd::_Bind<void (executive_teleop::*(std::shared_ptr<rclcpp::Node>, std::_Placeholder<1>))(const ff_msgs::msg::FaultState_<std::allocator<void> >&)>[m[K’ to ‘[01m[Kconst std::function<void(const ff_msgs::msg::FaultState_<std::allocator<void> >&)>&[m[K’
[7.342s]   386 |       function([01;36m[Kconst function& __x[m[K)
[7.342s]       |                [01;36m[K~~~~~~~~~~~~~~~~^~~[m[K
[7.342s] [01m[K/usr/include/c++/11/bits/std_function.h:375:7:[m[K [01;36m[Knote: [m[Kcandidate: ‘[01m[Kstd::function<_Res(_ArgTypes ...)>::function(std::nullptr_t) [with _Res = void; _ArgTypes = {const ff_msgs::msg::FaultState_<std::allocator<void> >&}; std::nullptr_t = std::nullptr_t][m[K’
[7.342s]   375 |       [01;36m[Kfunction[m[K(nullptr_t) noexcept
[7.342s]       |       [01;36m[K^~~~~~~~[m[K
[7.342s] [01m[K/usr/include/c++/11/bits/std_function.h:375:16:[m[K [01;36m[Knote: [m[K  no known conversion for argument 1 from ‘[01m[Kstd::_Bind<void (executive_teleop::*(std::shared_ptr<rclcpp::Node>, std::_Placeholder<1>))(const ff_msgs::msg::FaultState_<std::allocator<void> >&)>[m[K’ to ‘[01m[Kstd::nullptr_t[m[K’
[7.342s]   375 |       function([01;36m[Knullptr_t[m[K) noexcept
[7.343s]       |                [01;36m[K^~~~~~~~~[m[K
[7.343s] [01m[K/usr/include/c++/11/bits/std_function.h:368:7:[m[K [01;36m[Knote: [m[Kcandidate: ‘[01m[Kstd::function<_Res(_ArgTypes ...)>::function() [with _Res = void; _ArgTypes = {const ff_msgs::msg::FaultState_<std::allocator<void> >&}][m[K’
[7.343s]   368 |       [01;36m[Kfunction[m[K() noexcept
[7.343s]       |       [01;36m[K^~~~~~~~[m[K
[7.343s] [01m[K/usr/include/c++/11/bits/std_function.h:368:7:[m[K [01;36m[Knote: [m[K  candidate expects 0 arguments, 1 provided
[7.356s] In file included from [01m[K/opt/ros/humble/include/rclcpp/rclcpp/subscription_base.hpp:32[m[K,
[7.357s]                  from [01m[K/opt/ros/humble/include/rclcpp/rclcpp/callback_group.hpp:29[m[K,
[7.357s]                  from [01m[K/opt/ros/humble/include/rclcpp/rclcpp/any_executable.hpp:20[m[K,
[7.357s]                  from [01m[K/opt/ros/humble/include/rclcpp/rclcpp/memory_strategy.hpp:25[m[K,
[7.357s]                  from [01m[K/opt/ros/humble/include/rclcpp/rclcpp/memory_strategies.hpp:18[m[K,
[7.357s]                  from [01m[K/opt/ros/humble/include/rclcpp/rclcpp/executor_options.hpp:20[m[K,
[7.357s]                  from [01m[K/opt/ros/humble/include/rclcpp/rclcpp/executor.hpp:37[m[K,
[7.357s]                  from [01m[K/opt/ros/humble/include/rclcpp/rclcpp/executors/multi_threaded_executor.hpp:25[m[K,
[7.357s]                  from [01m[K/opt/ros/humble/include/rclcpp/rclcpp/executors.hpp:21[m[K,
[7.357s]                  from [01m[K/opt/ros/humble/include/rclcpp/rclcpp/rclcpp.hpp:155[m[K,
[7.357s]                  from [01m[K/home/zyme/ros_ws/executive_teleop/executive_teleop/src/teleop_tool.cc:29[m[K:
[7.357s] /opt/ros/humble/include/rclcpp/rclcpp/any_subscription_callback.hpp: In instantiation of ‘[01m[Krclcpp::AnySubscriptionCallback<MessageT, AllocatorT> rclcpp::AnySubscriptionCallback<MessageT, AllocatorT>::set(CallbackT) [with CallbackT = std::_Bind<void (executive_teleop::*(std::shared_ptr<rclcpp::Node>, std::_Placeholder<1>))(const ff_msgs::action::Motion_FeedbackMessage_<std::allocator<void> >&)>; MessageT = ff_msgs::action::Motion_FeedbackMessage_<std::allocator<void> >; AllocatorT = std::allocator<void>][m[K’:
[7.357s] [01m[K/opt/ros/humble/include/rclcpp/rclcpp/subscription_factory.hpp:94:32:[m[K   required from ‘[01m[Krclcpp::SubscriptionFactory rclcpp::create_subscription_factory(CallbackT&&, const rclcpp::SubscriptionOptionsWithAllocator<AllocatorT>&, typename MessageMemoryStrategyT::SharedPtr, std::shared_ptr<rclcpp::topic_statistics::SubscriptionTopicStatistics<ROSMessageType> >) [with MessageT = ff_msgs::action::Motion_FeedbackMessage_<std::allocator<void> >; CallbackT = std::_Bind<void (executive_teleop::*(std::shared_ptr<rclcpp::Node>, std::_Placeholder<1>))(const ff_msgs::action::Motion_FeedbackMessage_<std::allocator<void> >&)>; AllocatorT = std::allocator<void>; SubscriptionT = rclcpp::Subscription<ff_msgs::action::Motion_FeedbackMessage_<std::allocator<void> >, std::allocator<void>, ff_msgs::action::Motion_FeedbackMessage_<std::allocator<void> >, ff_msgs::action::Motion_FeedbackMessage_<std::allocator<void> >, rclcpp::message_memory_strategy::MessageMemoryStrategy<ff_msgs::action::Motion_FeedbackMessage_<std::allocator<void> >, std::allocator<void> > >; MessageMemoryStrategyT = rclcpp::message_memory_strategy::MessageMemoryStrategy<ff_msgs::action::Motion_FeedbackMessage_<std::allocator<void> >, std::allocator<void> >; ROSMessageType = ff_msgs::action::Motion_FeedbackMessage_<std::allocator<void> >; typename MessageMemoryStrategyT::SharedPtr = std::shared_ptr<rclcpp::message_memory_strategy::MessageMemoryStrategy<ff_msgs::action::Motion_FeedbackMessage_<std::allocator<void> >, std::allocator<void> > >][m[K’
[7.357s] [01m[K/opt/ros/humble/include/rclcpp/rclcpp/create_subscription.hpp:122:63:[m[K   required from ‘[01m[Kstd::shared_ptr<ROSMessageT> rclcpp::detail::create_subscription(NodeParametersT&, NodeTopicsT&, const string&, const rclcpp::QoS&, CallbackT&&, const rclcpp::SubscriptionOptionsWithAllocator<AllocatorT>&, typename MessageMemoryStrategyT::SharedPtr) [with MessageT = ff_msgs::action::Motion_FeedbackMessage_<std::allocator<void> >; CallbackT = std::_Bind<void (executive_teleop::*(std::shared_ptr<rclcpp::Node>, std::_Placeholder<1>))(const ff_msgs::action::Motion_FeedbackMessage_<std::allocator<void> >&)>; AllocatorT = std::allocator<void>; SubscriptionT = rclcpp::Subscription<ff_msgs::action::Motion_FeedbackMessage_<std::allocator<void> >, std::allocator<void>, ff_msgs::action::Motion_FeedbackMessage_<std::allocator<void> >, ff_msgs::action::Motion_FeedbackMessage_<std::allocator<void> >, rclcpp::message_memory_strategy::MessageMemoryStrategy<ff_msgs::action::Motion_FeedbackMessage_<std::allocator<void> >, std::allocator<void> > >; MessageMemoryStrategyT = rclcpp::message_memory_strategy::MessageMemoryStrategy<ff_msgs::action::Motion_FeedbackMessage_<std::allocator<void> >, std::allocator<void> >; NodeParametersT = rclcpp::Node; NodeTopicsT = rclcpp::Node; ROSMessageType = ff_msgs::action::Motion_FeedbackMessage_<std::allocator<void> >; std::string = std::__cxx11::basic_string<char>; typename MessageMemoryStrategyT::SharedPtr = std::shared_ptr<rclcpp::message_memory_strategy::MessageMemoryStrategy<ff_msgs::action::Motion_FeedbackMessage_<std::allocator<void> >, std::allocator<void> > >][m[K’
[7.357s] [01m[K/opt/ros/humble/include/rclcpp/rclcpp/create_subscription.hpp:191:76:[m[K   required from ‘[01m[Kstd::shared_ptr<ROSMessageT> rclcpp::create_subscription(NodeT&, const string&, const rclcpp::QoS&, CallbackT&&, const rclcpp::SubscriptionOptionsWithAllocator<AllocatorT>&, typename MessageMemoryStrategyT::SharedPtr) [with MessageT = ff_msgs::action::Motion_FeedbackMessage_<std::allocator<void> >; CallbackT = std::_Bind<void (executive_teleop::*(std::shared_ptr<rclcpp::Node>, std::_Placeholder<1>))(const ff_msgs::action::Motion_FeedbackMessage_<std::allocator<void> >&)>; AllocatorT = std::allocator<void>; SubscriptionT = rclcpp::Subscription<ff_msgs::action::Motion_FeedbackMessage_<std::allocator<void> >, std::allocator<void>, ff_msgs::action::Motion_FeedbackMessage_<std::allocator<void> >, ff_msgs::action::Motion_FeedbackMessage_<std::allocator<void> >, rclcpp::message_memory_strategy::MessageMemoryStrategy<ff_msgs::action::Motion_FeedbackMessage_<std::allocator<void> >, std::allocator<void> > >; MessageMemoryStrategyT = rclcpp::message_memory_strategy::MessageMemoryStrategy<ff_msgs::action::Motion_FeedbackMessage_<std::allocator<void> >, std::allocator<void> >; NodeT = rclcpp::Node; std::string = std::__cxx11::basic_string<char>; typename MessageMemoryStrategyT::SharedPtr = std::shared_ptr<rclcpp::message_memory_strategy::MessageMemoryStrategy<ff_msgs::action::Motion_FeedbackMessage_<std::allocator<void> >, std::allocator<void> > >][m[K’
[7.357s] [01m[K/opt/ros/humble/include/rclcpp/rclcpp/node_impl.hpp:99:47:[m[K   required from ‘[01m[Kstd::shared_ptr<ROSMessageT> rclcpp::Node::create_subscription(const string&, const rclcpp::QoS&, CallbackT&&, const rclcpp::SubscriptionOptionsWithAllocator<AllocatorT>&, typename MessageMemoryStrategyT::SharedPtr) [with MessageT = ff_msgs::action::Motion_FeedbackMessage_<std::allocator<void> >; CallbackT = std::_Bind<void (executive_teleop::*(std::shared_ptr<rclcpp::Node>, std::_Placeholder<1>))(const ff_msgs::action::Motion_FeedbackMessage_<std::allocator<void> >&)>; AllocatorT = std::allocator<void>; SubscriptionT = rclcpp::Subscription<ff_msgs::action::Motion_FeedbackMessage_<std::allocator<void> >, std::allocator<void>, ff_msgs::action::Motion_FeedbackMessage_<std::allocator<void> >, ff_msgs::action::Motion_FeedbackMessage_<std::allocator<void> >, rclcpp::message_memory_strategy::MessageMemoryStrategy<ff_msgs::action::Motion_FeedbackMessage_<std::allocator<void> >, std::allocator<void> > >; MessageMemoryStrategyT = rclcpp::message_memory_strategy::MessageMemoryStrategy<ff_msgs::action::Motion_FeedbackMessage_<std::allocator<void> >, std::allocator<void> >; std::string = std::__cxx11::basic_string<char>; typename MessageMemoryStrategyT::SharedPtr = std::shared_ptr<rclcpp::message_memory_strategy::MessageMemoryStrategy<ff_msgs::action::Motion_FeedbackMessage_<std::allocator<void> >, std::allocator<void> > >][m[K’
[7.358s] [01m[K/home/zyme/ros_ws/executive_teleop/executive_teleop/src/teleop_tool.cc:838:82:[m[K   required from here
[7.358s] [01m[K/opt/ros/humble/include/rclcpp/rclcpp/any_subscription_callback.hpp:394:27:[m[K [01;31m[Kerror: [m[Kno matching function for call to ‘[01m[Kstd::function<void(const ff_msgs::action::Motion_FeedbackMessage_<std::allocator<void> >&)>::function(std::_Bind<void (executive_teleop::*(std::shared_ptr<rclcpp::Node>, std::_Placeholder<1>))(const ff_msgs::action::Motion_FeedbackMessage_<std::allocator<void> >&)>&)[m[K’
[7.358s]   394 |       callback_variant_ = [01;31m[Kstatic_cast<typename scbth::callback_type>(callback)[m[K;
[7.358s]       |                           [01;31m[K^~~~~~~~~~~~~~~~~~~~~~~~~~~~~~~~~~~~~~~~~~~~~~~~~~~~[m[K
[7.358s] In file included from [01m[K/usr/include/c++/11/functional:59[m[K,
[7.358s]                  from [01m[K/home/zyme/ros_ws/executive_teleop/executive_teleop/src/teleop_tool.cc:20[m[K:
[7.358s] [01m[K/usr/include/c++/11/bits/std_function.h:435:9:[m[K [01;36m[Knote: [m[Kcandidate: ‘[01m[Ktemplate<class _Functor, class _Constraints> std::function<_Res(_ArgTypes ...)>::function(_Functor&&) [with _Functor = _Functor; _Constraints = _Constraints; _Res = void; _ArgTypes = {const ff_msgs::action::Motion_FeedbackMessage_<std::allocator<void> >&}][m[K’
[7.358s]   435 |         [01;36m[Kfunction[m[K(_Functor&& __f)
[7.358s]       |         [01;36m[K^~~~~~~~[m[K
[7.358s] [01m[K/usr/include/c++/11/bits/std_function.h:435:9:[m[K [01;36m[Knote: [m[K  template argument deduction/substitution failed:
[7.358s] [01m[K/usr/include/c++/11/bits/std_function.h:404:7:[m[K [01;36m[Knote: [m[Kcandidate: ‘[01m[Kstd::function<_Res(_ArgTypes ...)>::function(std::function<_Res(_ArgTypes ...)>&&) [with _Res = void; _ArgTypes = {const ff_msgs::action::Motion_FeedbackMessage_<std::allocator<void> >&}][m[K’
[7.358s]   404 |       [01;36m[Kfunction[m[K(function&& __x) noexcept
[7.358s]       |       [01;36m[K^~~~~~~~[m[K
[7.358s] [01m[K/usr/include/c++/11/bits/std_function.h:404:27:[m[K [01;36m[Knote: [m[K  no known conversion for argument 1 from ‘[01m[Kstd::_Bind<void (executive_teleop::*(std::shared_ptr<rclcpp::Node>, std::_Placeholder<1>))(const ff_msgs::action::Motion_FeedbackMessage_<std::allocator<void> >&)>[m[K’ to ‘[01m[Kstd::function<void(const ff_msgs::action::Motion_FeedbackMessage_<std::allocator<void> >&)>&&[m[K’
[7.358s]   404 |       function([01;36m[Kfunction&& __x[m[K) noexcept
[7.358s]       |                [01;36m[K~~~~~~~~~~~^~~[m[K
[7.358s] [01m[K/usr/include/c++/11/bits/std_function.h:386:7:[m[K [01;36m[Knote: [m[Kcandidate: ‘[01m[Kstd::function<_Res(_ArgTypes ...)>::function(const std::function<_Res(_ArgTypes ...)>&) [with _Res = void; _ArgTypes = {const ff_msgs::action::Motion_FeedbackMessage_<std::allocator<void> >&}][m[K’
[7.358s]   386 |       [01;36m[Kfunction[m[K(const function& __x)
[7.358s]       |       [01;36m[K^~~~~~~~[m[K
[7.358s] [01m[K/usr/include/c++/11/bits/std_function.h:386:32:[m[K [01;36m[Knote: [m[K  no known conversion for argument 1 from ‘[01m[Kstd::_Bind<void (executive_teleop::*(std::shared_ptr<rclcpp::Node>, std::_Placeholder<1>))(const ff_msgs::action::Motion_FeedbackMessage_<std::allocator<void> >&)>[m[K’ to ‘[01m[Kconst std::function<void(const ff_msgs::action::Motion_FeedbackMessage_<std::allocator<void> >&)>&[m[K’
[7.358s]   386 |       function([01;36m[Kconst function& __x[m[K)
[7.358s]       |                [01;36m[K~~~~~~~~~~~~~~~~^~~[m[K
[7.359s] [01m[K/usr/include/c++/11/bits/std_function.h:375:7:[m[K [01;36m[Knote: [m[Kcandidate: ‘[01m[Kstd::function<_Res(_ArgTypes ...)>::function(std::nullptr_t) [with _Res = void; _ArgTypes = {const ff_msgs::action::Motion_FeedbackMessage_<std::allocator<void> >&}; std::nullptr_t = std::nullptr_t][m[K’
[7.359s]   375 |       [01;36m[Kfunction[m[K(nullptr_t) noexcept
[7.359s]       |       [01;36m[K^~~~~~~~[m[K
[7.359s] [01m[K/usr/include/c++/11/bits/std_function.h:375:16:[m[K [01;36m[Knote: [m[K  no known conversion for argument 1 from ‘[01m[Kstd::_Bind<void (executive_teleop::*(std::shared_ptr<rclcpp::Node>, std::_Placeholder<1>))(const ff_msgs::action::Motion_FeedbackMessage_<std::allocator<void> >&)>[m[K’ to ‘[01m[Kstd::nullptr_t[m[K’
[7.359s]   375 |       function([01;36m[Knullptr_t[m[K) noexcept
[7.359s]       |                [01;36m[K^~~~~~~~~[m[K
[7.359s] [01m[K/usr/include/c++/11/bits/std_function.h:368:7:[m[K [01;36m[Knote: [m[Kcandidate: ‘[01m[Kstd::function<_Res(_ArgTypes ...)>::function() [with _Res = void; _ArgTypes = {const ff_msgs::action::Motion_FeedbackMessage_<std::allocator<void> >&}][m[K’
[7.359s]   368 |       [01;36m[Kfunction[m[K() noexcept
[7.359s]       |       [01;36m[K^~~~~~~~[m[K
[7.359s] [01m[K/usr/include/c++/11/bits/std_function.h:368:7:[m[K [01;36m[Knote: [m[K  candidate expects 0 arguments, 1 provided
[11.147s] gmake[2]: *** [CMakeFiles/teleop_tool.dir/build.make:76: CMakeFiles/teleop_tool.dir/src/teleop_tool.cc.o] Error 1
[11.147s] gmake[1]: *** [CMakeFiles/Makefile2:137: CMakeFiles/teleop_tool.dir/all] Error 2
[11.147s] gmake: *** [Makefile:146: all] Error 2
[11.149s] Invoked command in '/home/zyme/ros_ws/executive_teleop/executive_teleop/build/executive_teleop' returned '2': CMAKE_PREFIX_PATH=/home/zyme/ros_ws/astrobee/install/states:/home/zyme/ros_ws/astrobee/install/light_flow:/home/zyme/ros_ws/astrobee/install/signal_lights:/home/zyme/ros_ws/astrobee/install/fam:/home/zyme/ros_ws/astrobee/install/astrobee_gazebo:/opt/ros/humble:/home/zyme/ros_ws/astrobee/install/pmc:/home/zyme/ros_ws/astrobee/install/perch:/home/zyme/ros_ws/astrobee/install/framestore:/home/zyme/ros_ws/astrobee/install/dock:/home/zyme/ros_ws/astrobee/install/ctl:/home/zyme/ros_ws/astrobee/install/arm:/home/zyme/ros_ws/astrobee/install/access_control:/home/zyme/ros_ws/astrobee/install/ff_util:/home/zyme/ros_ws/astrobee/install/msg_conversions:/home/zyme/ros_ws/astrobee/install/jsonloader:/home/zyme/ros_ws/astrobee/install/ff_msgs:/home/zyme/ros_ws/astrobee/install/ff_hw_msgs:/home/zyme/ros_ws/astrobee/install/camera:/home/zyme/ros_ws/astrobee/install/config_reader:/home/zyme/ros_ws/astrobee/install/ff_common:/home/zyme/ros_ws/astrobee/install/description:/home/zyme/ros_ws/astrobee/install/astrobee_iss:/home/zyme/ros_ws/astrobee/install/astrobee_handrail_8_5:/home/zyme/ros_ws/astrobee/install/astrobee_handrail_41_5:/home/zyme/ros_ws/astrobee/install/astrobee_handrail_30:/home/zyme/ros_ws/astrobee/install/astrobee_handrail_21_5:/home/zyme/ros_ws/astrobee/install/astrobee_granite:/home/zyme/ros_ws/astrobee/install/astrobee_freeflyer:/home/zyme/ros_ws/astrobee/install/astrobee_dock:/home/zyme/ros_ws/astrobee/install/astrobee /usr/bin/cmake --build /home/zyme/ros_ws/executive_teleop/executive_teleop/build/executive_teleop -- -j12 -l12
