[01m[K/home/zyme/ros_ws/executive_teleop/executive_teleop/src/teleop_tool.cc:[m[K In constructor ‘[01m[Kexecutive_teleop::executive_teleop(int, char**)[m[K’:
[01m[K/home/zyme/ros_ws/executive_teleop/executive_teleop/src/teleop_tool.cc:209:50:[m[K [01;31m[Kerror: [m[Kinvalid use of non-static member function ‘[01m[Krclcpp::Time rclcpp::Node::now() const[m[K’
  209 |   tf2_buffer = std::make_shared<tf2_ros::Buffer>([01;31m[Know[m[K);
      |                                                  [01;31m[K^~~[m[K
In file included from [01m[K/opt/ros/humble/include/rclcpp/rclcpp/executors/single_threaded_executor.hpp:28[m[K,
                 from [01m[K/opt/ros/humble/include/rclcpp/rclcpp/executors.hpp:22[m[K,
                 from [01m[K/opt/ros/humble/include/rclcpp/rclcpp/rclcpp.hpp:155[m[K,
                 from [01m[K/home/zyme/ros_ws/executive_teleop/executive_teleop/src/teleop_tool.cc:29[m[K:
[01m[K/opt/ros/humble/include/rclcpp/rclcpp/node.hpp:1126:3:[m[K [01;36m[Knote: [m[Kdeclared here
 1126 |   [01;36m[Know[m[K() const;
      |   [01;36m[K^~~[m[K
[01m[K/home/zyme/ros_ws/executive_teleop/executive_teleop/src/teleop_tool.cc:220:158:[m[K [01;31m[Kerror: [m[Kno match for ‘[01m[Koperator=[m[K’ (operand types are ‘[01m[Kstd::shared_ptr<ff_msgs::msg::AckStamped_<std::allocator<void> > >[m[K’ and ‘[01m[Kstd::shared_ptr<rclcpp::Subscription<ff_msgs::msg::AckStamped_<std::allocator<void> >, std::allocator<void>, ff_msgs::msg::AckStamped_<std::allocator<void> >, ff_msgs::msg::AckStamped_<std::allocator<void> >, rclcpp::message_memory_strategy::MessageMemoryStrategy<ff_msgs::msg::AckStamped_<std::allocator<void> >, std::allocator<void> > > >[m[K’)
  220 | ption<ff_msgs::msg::AckStamped>(TOPIC_MANAGEMENT_ACK, 10,std::bind(&executive_teleop::AckCallback,this,std::placeholders::_1)[01;31m[K)[m[K;
      |                                                                                                                              [01;31m[K^[m[K

In file included from [01m[K/usr/include/c++/11/memory:77[m[K,
                 from [01m[K/home/zyme/ros_ws/executive_teleop/executive_teleop/src/teleop_tool.cc:21[m[K:
[01m[K/usr/include/c++/11/bits/shared_ptr.h:363:9:[m[K [01;36m[Knote: [m[Kcandidate: ‘[01m[Ktemplate<class _Yp> std::shared_ptr<_Tp>::_Assignable<const std::shared_ptr<_Yp>&> std::shared_ptr<_Tp>::operator=(const std::shared_ptr<_Yp>&) [with _Yp = _Yp; _Tp = ff_msgs::msg::AckStamped_<std::allocator<void> >][m[K’
  363 |         [01;36m[Koperator[m[K=(const shared_ptr<_Yp>& __r) noexcept
      |         [01;36m[K^~~~~~~~[m[K
[01m[K/usr/include/c++/11/bits/shared_ptr.h:363:9:[m[K [01;36m[Knote: [m[K  template argument deduction/substitution failed:
/usr/include/c++/11/bits/shared_ptr.h: In substitution of ‘[01m[Ktemplate<class _Tp> template<class _Arg> using _Assignable = typename std::enable_if<std::is_assignable<std::__shared_ptr<_Tp>&, _Arg>::value, std::shared_ptr<_Tp>&>::type [with _Arg = const std::shared_ptr<rclcpp::Subscription<ff_msgs::msg::AckStamped_<std::allocator<void> >, std::allocator<void>, ff_msgs::msg::AckStamped_<std::allocator<void> >, ff_msgs::msg::AckStamped_<std::allocator<void> >, rclcpp::message_memory_strategy::MessageMemoryStrategy<ff_msgs::msg::AckStamped_<std::allocator<void> >, std::allocator<void> > > >&; _Tp = ff_msgs::msg::AckStamped_<std::allocator<void> >][m[K’:
[01m[K/usr/include/c++/11/bits/shared_ptr.h:363:2:[m[K   required by substitution of ‘[01m[Ktemplate<class _Yp> std::shared_ptr<ff_msgs::msg::AckStamped_<std::allocator<void> > >::_Assignable<const std::shared_ptr<_Tp>&> std::shared_ptr<ff_msgs::msg::AckStamped_<std::allocator<void> > >::operator=<_Yp>(const std::shared_ptr<_Tp>&) [with _Yp = rclcpp::Subscription<ff_msgs::msg::AckStamped_<std::allocator<void> >, std::allocator<void>, ff_msgs::msg::AckStamped_<std::allocator<void> >, ff_msgs::msg::AckStamped_<std::allocator<void> >, rclcpp::message_memory_strategy::MessageMemoryStrategy<ff_msgs::msg::AckStamped_<std::allocator<void> >, std::allocator<void> > >][m[K’
[01m[K/home/zyme/ros_ws/executive_teleop/executive_teleop/src/teleop_tool.cc:220:158:[m[K   required from here
[01m[K/usr/include/c++/11/bits/shared_ptr.h:130:15:[m[K [01;31m[Kerror: [m[Kno type named ‘[01m[Ktype[m[K’ in ‘[01m[Kstruct std::enable_if<false, std::shared_ptr<ff_msgs::msg::AckStamped_<std::allocator<void> > >&>[m[K’
  130 |         using [01;31m[K_Assignable[m[K = typename enable_if<
      |               [01;31m[K^~~~~~~~~~~[m[K
[01m[K/usr/include/c++/11/bits/shared_ptr.h:374:9:[m[K [01;36m[Knote: [m[Kcandidate: ‘[01m[Ktemplate<class _Yp> std::shared_ptr<_Tp>::_Assignable<std::auto_ptr<_Up> > std::shared_ptr<_Tp>::operator=(std::auto_ptr<_Up>&&) [with _Yp = _Yp; _Tp = ff_msgs::msg::AckStamped_<std::allocator<void> >][m[K’
  374 |         [01;36m[Koperator[m[K=(auto_ptr<_Yp>&& __r)
      |         [01;36m[K^~~~~~~~[m[K
[01m[K/usr/include/c++/11/bits/shared_ptr.h:374:9:[m[K [01;36m[Knote: [m[K  template argument deduction/substitution failed:
[01m[K/home/zyme/ros_ws/executive_teleop/executive_teleop/src/teleop_tool.cc:220:158:[m[K [01;36m[Knote: [m[K  ‘[01m[Kstd::shared_ptr<rclcpp::Subscription<ff_msgs::msg::AckStamped_<std::allocator<void> >, std::allocator<void>, ff_msgs::msg::AckStamped_<std::allocator<void> >, ff_msgs::msg::AckStamped_<std::allocator<void> >, rclcpp::message_memory_strategy::MessageMemoryStrategy<ff_msgs::msg::AckStamped_<std::allocator<void> >, std::allocator<void> > > >[m[K’ is not derived from ‘[01m[Kstd::auto_ptr<_Up>[m[K’
  220 | ption<ff_msgs::msg::AckStamped>(TOPIC_MANAGEMENT_ACK, 10,std::bind(&executive_teleop::AckCallback,this,std::placeholders::_1)[01;36m[K)[m[K;
      |                                                                                                                              [01;36m[K^[m[K

In file included from [01m[K/usr/include/c++/11/memory:77[m[K,
                 from [01m[K/home/zyme/ros_ws/executive_teleop/executive_teleop/src/teleop_tool.cc:21[m[K:
[01m[K/usr/include/c++/11/bits/shared_ptr.h:391:9:[m[K [01;36m[Knote: [m[Kcandidate: ‘[01m[Ktemplate<class _Yp> std::shared_ptr<_Tp>::_Assignable<std::shared_ptr<_Yp> > std::shared_ptr<_Tp>::operator=(std::shared_ptr<_Yp>&&) [with _Yp = _Yp; _Tp = ff_msgs::msg::AckStamped_<std::allocator<void> >][m[K’
  391 |         [01;36m[Koperator[m[K=(shared_ptr<_Yp>&& __r) noexcept
      |         [01;36m[K^~~~~~~~[m[K
[01m[K/usr/include/c++/11/bits/shared_ptr.h:391:9:[m[K [01;36m[Knote: [m[K  template argument deduction/substitution failed:
/usr/include/c++/11/bits/shared_ptr.h: In substitution of ‘[01m[Ktemplate<class _Tp> template<class _Arg> using _Assignable = typename std::enable_if<std::is_assignable<std::__shared_ptr<_Tp>&, _Arg>::value, std::shared_ptr<_Tp>&>::type [with _Arg = std::shared_ptr<rclcpp::Subscription<ff_msgs::msg::AckStamped_<std::allocator<void> >, std::allocator<void>, ff_msgs::msg::AckStamped_<std::allocator<void> >, ff_msgs::msg::AckStamped_<std::allocator<void> >, rclcpp::message_memory_strategy::MessageMemoryStrategy<ff_msgs::msg::AckStamped_<std::allocator<void> >, std::allocator<void> > > >; _Tp = ff_msgs::msg::AckStamped_<std::allocator<void> >][m[K’:
[01m[K/usr/include/c++/11/bits/shared_ptr.h:391:2:[m[K   required by substitution of ‘[01m[Ktemplate<class _Yp> std::shared_ptr<ff_msgs::msg::AckStamped_<std::allocator<void> > >::_Assignable<std::shared_ptr<_Tp> > std::shared_ptr<ff_msgs::msg::AckStamped_<std::allocator<void> > >::operator=<_Yp>(std::shared_ptr<_Tp>&&) [with _Yp = rclcpp::Subscription<ff_msgs::msg::AckStamped_<std::allocator<void> >, std::allocator<void>, ff_msgs::msg::AckStamped_<std::allocator<void> >, ff_msgs::msg::AckStamped_<std::allocator<void> >, rclcpp::message_memory_strategy::MessageMemoryStrategy<ff_msgs::msg::AckStamped_<std::allocator<void> >, std::allocator<void> > >][m[K’
[01m[K/home/zyme/ros_ws/executive_teleop/executive_teleop/src/teleop_tool.cc:220:158:[m[K   required from here
[01m[K/usr/include/c++/11/bits/shared_ptr.h:130:15:[m[K [01;31m[Kerror: [m[Kno type named ‘[01m[Ktype[m[K’ in ‘[01m[Kstruct std::enable_if<false, std::shared_ptr<ff_msgs::msg::AckStamped_<std::allocator<void> > >&>[m[K’
  130 |         using [01;31m[K_Assignable[m[K = typename enable_if<
      |               [01;31m[K^~~~~~~~~~~[m[K
[01m[K/usr/include/c++/11/bits/shared_ptr.h:399:9:[m[K [01;36m[Knote: [m[Kcandidate: ‘[01m[Ktemplate<class _Yp, class _Del> std::shared_ptr<_Tp>::_Assignable<std::unique_ptr<_Up, _Ep> > std::shared_ptr<_Tp>::operator=(std::unique_ptr<_Up, _Ep>&&) [with _Yp = _Yp; _Del = _Del; _Tp = ff_msgs::msg::AckStamped_<std::allocator<void> >][m[K’
  399 |         [01;36m[Koperator[m[K=(unique_ptr<_Yp, _Del>&& __r)
      |         [01;36m[K^~~~~~~~[m[K
[01m[K/usr/include/c++/11/bits/shared_ptr.h:399:9:[m[K [01;36m[Knote: [m[K  template argument deduction/substitution failed:
[01m[K/home/zyme/ros_ws/executive_teleop/executive_teleop/src/teleop_tool.cc:220:158:[m[K [01;36m[Knote: [m[K  ‘[01m[Kstd::shared_ptr<rclcpp::Subscription<ff_msgs::msg::AckStamped_<std::allocator<void> >, std::allocator<void>, ff_msgs::msg::AckStamped_<std::allocator<void> >, ff_msgs::msg::AckStamped_<std::allocator<void> >, rclcpp::message_memory_strategy::MessageMemoryStrategy<ff_msgs::msg::AckStamped_<std::allocator<void> >, std::allocator<void> > > >[m[K’ is not derived from ‘[01m[Kstd::unique_ptr<_Tp, _Dp>[m[K’
  220 | ption<ff_msgs::msg::AckStamped>(TOPIC_MANAGEMENT_ACK, 10,std::bind(&executive_teleop::AckCallback,this,std::placeholders::_1)[01;36m[K)[m[K;
      |                                                                                                                              [01;36m[K^[m[K

In file included from [01m[K/usr/include/c++/11/memory:77[m[K,
                 from [01m[K/home/zyme/ros_ws/executive_teleop/executive_teleop/src/teleop_tool.cc:21[m[K:
[01m[K/usr/include/c++/11/bits/shared_ptr.h:359:19:[m[K [01;36m[Knote: [m[Kcandidate: ‘[01m[Kstd::shared_ptr<_Tp>& std::shared_ptr<_Tp>::operator=(const std::shared_ptr<_Tp>&) [with _Tp = ff_msgs::msg::AckStamped_<std::allocator<void> >][m[K’
  359 |       shared_ptr& [01;36m[Koperator[m[K=(const shared_ptr&) noexcept = default;
      |                   [01;36m[K^~~~~~~~[m[K
[01m[K/usr/include/c++/11/bits/shared_ptr.h:359:29:[m[K [01;36m[Knote: [m[K  no known conversion for argument 1 from ‘[01m[Kstd::shared_ptr<rclcpp::Subscription<ff_msgs::msg::AckStamped_<std::allocator<void> >, std::allocator<void>, ff_msgs::msg::AckStamped_<std::allocator<void> >, ff_msgs::msg::AckStamped_<std::allocator<void> >, rclcpp::message_memory_strategy::MessageMemoryStrategy<ff_msgs::msg::AckStamped_<std::allocator<void> >, std::allocator<void> > > >[m[K’ to ‘[01m[Kconst std::shared_ptr<ff_msgs::msg::AckStamped_<std::allocator<void> > >&[m[K’
  359 |       shared_ptr& operator=([01;36m[Kconst shared_ptr&[m[K) noexcept = default;
      |                             [01;36m[K^~~~~~~~~~~~~~~~~[m[K
[01m[K/usr/include/c++/11/bits/shared_ptr.h:383:7:[m[K [01;36m[Knote: [m[Kcandidate: ‘[01m[Kstd::shared_ptr<_Tp>& std::shared_ptr<_Tp>::operator=(std::shared_ptr<_Tp>&&) [with _Tp = ff_msgs::msg::AckStamped_<std::allocator<void> >][m[K’
  383 |       [01;36m[Koperator[m[K=(shared_ptr&& __r) noexcept
      |       [01;36m[K^~~~~~~~[m[K
[01m[K/usr/include/c++/11/bits/shared_ptr.h:383:30:[m[K [01;36m[Knote: [m[K  no known conversion for argument 1 from ‘[01m[Kstd::shared_ptr<rclcpp::Subscription<ff_msgs::msg::AckStamped_<std::allocator<void> >, std::allocator<void>, ff_msgs::msg::AckStamped_<std::allocator<void> >, ff_msgs::msg::AckStamped_<std::allocator<void> >, rclcpp::message_memory_strategy::MessageMemoryStrategy<ff_msgs::msg::AckStamped_<std::allocator<void> >, std::allocator<void> > > >[m[K’ to ‘[01m[Kstd::shared_ptr<ff_msgs::msg::AckStamped_<std::allocator<void> > >&&[m[K’
  383 |       operator=([01;36m[Kshared_ptr&& __r[m[K) noexcept
      |                 [01;36m[K~~~~~~~~~~~~~^~~[m[K
[01m[K/home/zyme/ros_ws/executive_teleop/executive_teleop/src/teleop_tool.cc:225:18:[m[K [01;31m[Kerror: [m[K‘[01m[Kclass std::shared_ptr<ff_msgs::msg::AckStamped_<std::allocator<void> > >[m[K’ has no member named ‘[01m[KgetNumPublishers[m[K’
  225 |   while (ack_sub.[01;31m[KgetNumPublishers[m[K() == 0) {
      |                  [01;31m[K^~~~~~~~~~~~~~~~[m[K
[01m[K/home/zyme/ros_ws/executive_teleop/executive_teleop/src/teleop_tool.cc:270:111:[m[K [01;31m[Kerror: [m[Kno match for ‘[01m[Koperator=[m[K’ (operand types are ‘[01m[Kstd::shared_ptr<ff_msgs::msg::AgentStateStamped_<std::allocator<void> > >[m[K’ and ‘[01m[Kstd::shared_ptr<rclcpp::Subscription<ff_msgs::msg::AgentStateStamped_<std::allocator<void> >, std::allocator<void>, ff_msgs::msg::AgentStateStamped_<std::allocator<void> >, ff_msgs::msg::AgentStateStamped_<std::allocator<void> >, rclcpp::message_memory_strategy::MessageMemoryStrategy<ff_msgs::msg::AgentStateStamped_<std::allocator<void> >, std::allocator<void> > > >[m[K’)
  270 |                                    std::bind(&executive_teleop::AgentStateCallback,this,std::placeholders::_1)[01;31m[K)[m[K;
      |                                                                                                               [01;31m[K^[m[K
In file included from [01m[K/usr/include/c++/11/memory:77[m[K,
                 from [01m[K/home/zyme/ros_ws/executive_teleop/executive_teleop/src/teleop_tool.cc:21[m[K:
[01m[K/usr/include/c++/11/bits/shared_ptr.h:363:9:[m[K [01;36m[Knote: [m[Kcandidate: ‘[01m[Ktemplate<class _Yp> std::shared_ptr<_Tp>::_Assignable<const std::shared_ptr<_Yp>&> std::shared_ptr<_Tp>::operator=(const std::shared_ptr<_Yp>&) [with _Yp = _Yp; _Tp = ff_msgs::msg::AgentStateStamped_<std::allocator<void> >][m[K’
  363 |         [01;36m[Koperator[m[K=(const shared_ptr<_Yp>& __r) noexcept
      |         [01;36m[K^~~~~~~~[m[K
[01m[K/usr/include/c++/11/bits/shared_ptr.h:363:9:[m[K [01;36m[Knote: [m[K  template argument deduction/substitution failed:
/usr/include/c++/11/bits/shared_ptr.h: In substitution of ‘[01m[Ktemplate<class _Tp> template<class _Arg> using _Assignable = typename std::enable_if<std::is_assignable<std::__shared_ptr<_Tp>&, _Arg>::value, std::shared_ptr<_Tp>&>::type [with _Arg = const std::shared_ptr<rclcpp::Subscription<ff_msgs::msg::AgentStateStamped_<std::allocator<void> >, std::allocator<void>, ff_msgs::msg::AgentStateStamped_<std::allocator<void> >, ff_msgs::msg::AgentStateStamped_<std::allocator<void> >, rclcpp::message_memory_strategy::MessageMemoryStrategy<ff_msgs::msg::AgentStateStamped_<std::allocator<void> >, std::allocator<void> > > >&; _Tp = ff_msgs::msg::AgentStateStamped_<std::allocator<void> >][m[K’:
[01m[K/usr/include/c++/11/bits/shared_ptr.h:363:2:[m[K   required by substitution of ‘[01m[Ktemplate<class _Yp> std::shared_ptr<ff_msgs::msg::AgentStateStamped_<std::allocator<void> > >::_Assignable<const std::shared_ptr<_Tp>&> std::shared_ptr<ff_msgs::msg::AgentStateStamped_<std::allocator<void> > >::operator=<_Yp>(const std::shared_ptr<_Tp>&) [with _Yp = rclcpp::Subscription<ff_msgs::msg::AgentStateStamped_<std::allocator<void> >, std::allocator<void>, ff_msgs::msg::AgentStateStamped_<std::allocator<void> >, ff_msgs::msg::AgentStateStamped_<std::allocator<void> >, rclcpp::message_memory_strategy::MessageMemoryStrategy<ff_msgs::msg::AgentStateStamped_<std::allocator<void> >, std::allocator<void> > >][m[K’
[01m[K/home/zyme/ros_ws/executive_teleop/executive_teleop/src/teleop_tool.cc:270:111:[m[K   required from here
[01m[K/usr/include/c++/11/bits/shared_ptr.h:130:15:[m[K [01;31m[Kerror: [m[Kno type named ‘[01m[Ktype[m[K’ in ‘[01m[Kstruct std::enable_if<false, std::shared_ptr<ff_msgs::msg::AgentStateStamped_<std::allocator<void> > >&>[m[K’
  130 |         using [01;31m[K_Assignable[m[K = typename enable_if<
      |               [01;31m[K^~~~~~~~~~~[m[K
[01m[K/usr/include/c++/11/bits/shared_ptr.h:374:9:[m[K [01;36m[Knote: [m[Kcandidate: ‘[01m[Ktemplate<class _Yp> std::shared_ptr<_Tp>::_Assignable<std::auto_ptr<_Up> > std::shared_ptr<_Tp>::operator=(std::auto_ptr<_Up>&&) [with _Yp = _Yp; _Tp = ff_msgs::msg::AgentStateStamped_<std::allocator<void> >][m[K’
  374 |         [01;36m[Koperator[m[K=(auto_ptr<_Yp>&& __r)
      |         [01;36m[K^~~~~~~~[m[K
[01m[K/usr/include/c++/11/bits/shared_ptr.h:374:9:[m[K [01;36m[Knote: [m[K  template argument deduction/substitution failed:
[01m[K/home/zyme/ros_ws/executive_teleop/executive_teleop/src/teleop_tool.cc:270:111:[m[K [01;36m[Knote: [m[K  ‘[01m[Kstd::shared_ptr<rclcpp::Subscription<ff_msgs::msg::AgentStateStamped_<std::allocator<void> >, std::allocator<void>, ff_msgs::msg::AgentStateStamped_<std::allocator<void> >, ff_msgs::msg::AgentStateStamped_<std::allocator<void> >, rclcpp::message_memory_strategy::MessageMemoryStrategy<ff_msgs::msg::AgentStateStamped_<std::allocator<void> >, std::allocator<void> > > >[m[K’ is not derived from ‘[01m[Kstd::auto_ptr<_Up>[m[K’
  270 |                                    std::bind(&executive_teleop::AgentStateCallback,this,std::placeholders::_1)[01;36m[K)[m[K;
      |                                                                                                               [01;36m[K^[m[K
In file included from [01m[K/usr/include/c++/11/memory:77[m[K,
                 from [01m[K/home/zyme/ros_ws/executive_teleop/executive_teleop/src/teleop_tool.cc:21[m[K:
[01m[K/usr/include/c++/11/bits/shared_ptr.h:391:9:[m[K [01;36m[Knote: [m[Kcandidate: ‘[01m[Ktemplate<class _Yp> std::shared_ptr<_Tp>::_Assignable<std::shared_ptr<_Yp> > std::shared_ptr<_Tp>::operator=(std::shared_ptr<_Yp>&&) [with _Yp = _Yp; _Tp = ff_msgs::msg::AgentStateStamped_<std::allocator<void> >][m[K’
  391 |         [01;36m[Koperator[m[K=(shared_ptr<_Yp>&& __r) noexcept
      |         [01;36m[K^~~~~~~~[m[K
[01m[K/usr/include/c++/11/bits/shared_ptr.h:391:9:[m[K [01;36m[Knote: [m[K  template argument deduction/substitution failed:
/usr/include/c++/11/bits/shared_ptr.h: In substitution of ‘[01m[Ktemplate<class _Tp> template<class _Arg> using _Assignable = typename std::enable_if<std::is_assignable<std::__shared_ptr<_Tp>&, _Arg>::value, std::shared_ptr<_Tp>&>::type [with _Arg = std::shared_ptr<rclcpp::Subscription<ff_msgs::msg::AgentStateStamped_<std::allocator<void> >, std::allocator<void>, ff_msgs::msg::AgentStateStamped_<std::allocator<void> >, ff_msgs::msg::AgentStateStamped_<std::allocator<void> >, rclcpp::message_memory_strategy::MessageMemoryStrategy<ff_msgs::msg::AgentStateStamped_<std::allocator<void> >, std::allocator<void> > > >; _Tp = ff_msgs::msg::AgentStateStamped_<std::allocator<void> >][m[K’:
[01m[K/usr/include/c++/11/bits/shared_ptr.h:391:2:[m[K   required by substitution of ‘[01m[Ktemplate<class _Yp> std::shared_ptr<ff_msgs::msg::AgentStateStamped_<std::allocator<void> > >::_Assignable<std::shared_ptr<_Tp> > std::shared_ptr<ff_msgs::msg::AgentStateStamped_<std::allocator<void> > >::operator=<_Yp>(std::shared_ptr<_Tp>&&) [with _Yp = rclcpp::Subscription<ff_msgs::msg::AgentStateStamped_<std::allocator<void> >, std::allocator<void>, ff_msgs::msg::AgentStateStamped_<std::allocator<void> >, ff_msgs::msg::AgentStateStamped_<std::allocator<void> >, rclcpp::message_memory_strategy::MessageMemoryStrategy<ff_msgs::msg::AgentStateStamped_<std::allocator<void> >, std::allocator<void> > >][m[K’
[01m[K/home/zyme/ros_ws/executive_teleop/executive_teleop/src/teleop_tool.cc:270:111:[m[K   required from here
[01m[K/usr/include/c++/11/bits/shared_ptr.h:130:15:[m[K [01;31m[Kerror: [m[Kno type named ‘[01m[Ktype[m[K’ in ‘[01m[Kstruct std::enable_if<false, std::shared_ptr<ff_msgs::msg::AgentStateStamped_<std::allocator<void> > >&>[m[K’
  130 |         using [01;31m[K_Assignable[m[K = typename enable_if<
      |               [01;31m[K^~~~~~~~~~~[m[K
[01m[K/usr/include/c++/11/bits/shared_ptr.h:399:9:[m[K [01;36m[Knote: [m[Kcandidate: ‘[01m[Ktemplate<class _Yp, class _Del> std::shared_ptr<_Tp>::_Assignable<std::unique_ptr<_Up, _Ep> > std::shared_ptr<_Tp>::operator=(std::unique_ptr<_Up, _Ep>&&) [with _Yp = _Yp; _Del = _Del; _Tp = ff_msgs::msg::AgentStateStamped_<std::allocator<void> >][m[K’
  399 |         [01;36m[Koperator[m[K=(unique_ptr<_Yp, _Del>&& __r)
      |         [01;36m[K^~~~~~~~[m[K
[01m[K/usr/include/c++/11/bits/shared_ptr.h:399:9:[m[K [01;36m[Knote: [m[K  template argument deduction/substitution failed:
[01m[K/home/zyme/ros_ws/executive_teleop/executive_teleop/src/teleop_tool.cc:270:111:[m[K [01;36m[Knote: [m[K  ‘[01m[Kstd::shared_ptr<rclcpp::Subscription<ff_msgs::msg::AgentStateStamped_<std::allocator<void> >, std::allocator<void>, ff_msgs::msg::AgentStateStamped_<std::allocator<void> >, ff_msgs::msg::AgentStateStamped_<std::allocator<void> >, rclcpp::message_memory_strategy::MessageMemoryStrategy<ff_msgs::msg::AgentStateStamped_<std::allocator<void> >, std::allocator<void> > > >[m[K’ is not derived from ‘[01m[Kstd::unique_ptr<_Tp, _Dp>[m[K’
  270 |                                    std::bind(&executive_teleop::AgentStateCallback,this,std::placeholders::_1)[01;36m[K)[m[K;
      |                                                                                                               [01;36m[K^[m[K
In file included from [01m[K/usr/include/c++/11/memory:77[m[K,
                 from [01m[K/home/zyme/ros_ws/executive_teleop/executive_teleop/src/teleop_tool.cc:21[m[K:
[01m[K/usr/include/c++/11/bits/shared_ptr.h:359:19:[m[K [01;36m[Knote: [m[Kcandidate: ‘[01m[Kstd::shared_ptr<_Tp>& std::shared_ptr<_Tp>::operator=(const std::shared_ptr<_Tp>&) [with _Tp = ff_msgs::msg::AgentStateStamped_<std::allocator<void> >][m[K’
  359 |       shared_ptr& [01;36m[Koperator[m[K=(const shared_ptr&) noexcept = default;
      |                   [01;36m[K^~~~~~~~[m[K
[01m[K/usr/include/c++/11/bits/shared_ptr.h:359:29:[m[K [01;36m[Knote: [m[K  no known conversion for argument 1 from ‘[01m[Kstd::shared_ptr<rclcpp::Subscription<ff_msgs::msg::AgentStateStamped_<std::allocator<void> >, std::allocator<void>, ff_msgs::msg::AgentStateStamped_<std::allocator<void> >, ff_msgs::msg::AgentStateStamped_<std::allocator<void> >, rclcpp::message_memory_strategy::MessageMemoryStrategy<ff_msgs::msg::AgentStateStamped_<std::allocator<void> >, std::allocator<void> > > >[m[K’ to ‘[01m[Kconst std::shared_ptr<ff_msgs::msg::AgentStateStamped_<std::allocator<void> > >&[m[K’
  359 |       shared_ptr& operator=([01;36m[Kconst shared_ptr&[m[K) noexcept = default;
      |                             [01;36m[K^~~~~~~~~~~~~~~~~[m[K
[01m[K/usr/include/c++/11/bits/shared_ptr.h:383:7:[m[K [01;36m[Knote: [m[Kcandidate: ‘[01m[Kstd::shared_ptr<_Tp>& std::shared_ptr<_Tp>::operator=(std::shared_ptr<_Tp>&&) [with _Tp = ff_msgs::msg::AgentStateStamped_<std::allocator<void> >][m[K’
  383 |       [01;36m[Koperator[m[K=(shared_ptr&& __r) noexcept
      |       [01;36m[K^~~~~~~~[m[K
[01m[K/usr/include/c++/11/bits/shared_ptr.h:383:30:[m[K [01;36m[Knote: [m[K  no known conversion for argument 1 from ‘[01m[Kstd::shared_ptr<rclcpp::Subscription<ff_msgs::msg::AgentStateStamped_<std::allocator<void> >, std::allocator<void>, ff_msgs::msg::AgentStateStamped_<std::allocator<void> >, ff_msgs::msg::AgentStateStamped_<std::allocator<void> >, rclcpp::message_memory_strategy::MessageMemoryStrategy<ff_msgs::msg::AgentStateStamped_<std::allocator<void> >, std::allocator<void> > > >[m[K’ to ‘[01m[Kstd::shared_ptr<ff_msgs::msg::AgentStateStamped_<std::allocator<void> > >&&[m[K’
  383 |       operator=([01;36m[Kshared_ptr&& __r[m[K) noexcept
      |                 [01;36m[K~~~~~~~~~~~~~^~~[m[K
[01m[K/home/zyme/ros_ws/executive_teleop/executive_teleop/src/teleop_tool.cc:277:112:[m[K [01;31m[Kerror: [m[Kno match for ‘[01m[Koperator=[m[K’ (operand types are ‘[01m[Kstd::shared_ptr<ff_msgs::msg::FaultState_<std::allocator<void> > >[m[K’ and ‘[01m[Kstd::shared_ptr<rclcpp::Subscription<ff_msgs::msg::FaultState_<std::allocator<void> >, std::allocator<void>, ff_msgs::msg::FaultState_<std::allocator<void> >, ff_msgs::msg::FaultState_<std::allocator<void> >, rclcpp::message_memory_strategy::MessageMemoryStrategy<ff_msgs::msg::FaultState_<std::allocator<void> >, std::allocator<void> > > >[m[K’)
  277 |                                     std::bind(&executive_teleop::FaultStateCallback,this,std::placeholders::_1)[01;31m[K)[m[K;
      |                                                                                                                [01;31m[K^[m[K
In file included from [01m[K/usr/include/c++/11/memory:77[m[K,
                 from [01m[K/home/zyme/ros_ws/executive_teleop/executive_teleop/src/teleop_tool.cc:21[m[K:
[01m[K/usr/include/c++/11/bits/shared_ptr.h:363:9:[m[K [01;36m[Knote: [m[Kcandidate: ‘[01m[Ktemplate<class _Yp> std::shared_ptr<_Tp>::_Assignable<const std::shared_ptr<_Yp>&> std::shared_ptr<_Tp>::operator=(const std::shared_ptr<_Yp>&) [with _Yp = _Yp; _Tp = ff_msgs::msg::FaultState_<std::allocator<void> >][m[K’
  363 |         [01;36m[Koperator[m[K=(const shared_ptr<_Yp>& __r) noexcept
      |         [01;36m[K^~~~~~~~[m[K
[01m[K/usr/include/c++/11/bits/shared_ptr.h:363:9:[m[K [01;36m[Knote: [m[K  template argument deduction/substitution failed:
/usr/include/c++/11/bits/shared_ptr.h: In substitution of ‘[01m[Ktemplate<class _Tp> template<class _Arg> using _Assignable = typename std::enable_if<std::is_assignable<std::__shared_ptr<_Tp>&, _Arg>::value, std::shared_ptr<_Tp>&>::type [with _Arg = const std::shared_ptr<rclcpp::Subscription<ff_msgs::msg::FaultState_<std::allocator<void> >, std::allocator<void>, ff_msgs::msg::FaultState_<std::allocator<void> >, ff_msgs::msg::FaultState_<std::allocator<void> >, rclcpp::message_memory_strategy::MessageMemoryStrategy<ff_msgs::msg::FaultState_<std::allocator<void> >, std::allocator<void> > > >&; _Tp = ff_msgs::msg::FaultState_<std::allocator<void> >][m[K’:
[01m[K/usr/include/c++/11/bits/shared_ptr.h:363:2:[m[K   required by substitution of ‘[01m[Ktemplate<class _Yp> std::shared_ptr<ff_msgs::msg::FaultState_<std::allocator<void> > >::_Assignable<const std::shared_ptr<_Tp>&> std::shared_ptr<ff_msgs::msg::FaultState_<std::allocator<void> > >::operator=<_Yp>(const std::shared_ptr<_Tp>&) [with _Yp = rclcpp::Subscription<ff_msgs::msg::FaultState_<std::allocator<void> >, std::allocator<void>, ff_msgs::msg::FaultState_<std::allocator<void> >, ff_msgs::msg::FaultState_<std::allocator<void> >, rclcpp::message_memory_strategy::MessageMemoryStrategy<ff_msgs::msg::FaultState_<std::allocator<void> >, std::allocator<void> > >][m[K’
[01m[K/home/zyme/ros_ws/executive_teleop/executive_teleop/src/teleop_tool.cc:277:112:[m[K   required from here
[01m[K/usr/include/c++/11/bits/shared_ptr.h:130:15:[m[K [01;31m[Kerror: [m[Kno type named ‘[01m[Ktype[m[K’ in ‘[01m[Kstruct std::enable_if<false, std::shared_ptr<ff_msgs::msg::FaultState_<std::allocator<void> > >&>[m[K’
  130 |         using [01;31m[K_Assignable[m[K = typename enable_if<
      |               [01;31m[K^~~~~~~~~~~[m[K
[01m[K/usr/include/c++/11/bits/shared_ptr.h:374:9:[m[K [01;36m[Knote: [m[Kcandidate: ‘[01m[Ktemplate<class _Yp> std::shared_ptr<_Tp>::_Assignable<std::auto_ptr<_Up> > std::shared_ptr<_Tp>::operator=(std::auto_ptr<_Up>&&) [with _Yp = _Yp; _Tp = ff_msgs::msg::FaultState_<std::allocator<void> >][m[K’
  374 |         [01;36m[Koperator[m[K=(auto_ptr<_Yp>&& __r)
      |         [01;36m[K^~~~~~~~[m[K
[01m[K/usr/include/c++/11/bits/shared_ptr.h:374:9:[m[K [01;36m[Knote: [m[K  template argument deduction/substitution failed:
[01m[K/home/zyme/ros_ws/executive_teleop/executive_teleop/src/teleop_tool.cc:277:112:[m[K [01;36m[Knote: [m[K  ‘[01m[Kstd::shared_ptr<rclcpp::Subscription<ff_msgs::msg::FaultState_<std::allocator<void> >, std::allocator<void>, ff_msgs::msg::FaultState_<std::allocator<void> >, ff_msgs::msg::FaultState_<std::allocator<void> >, rclcpp::message_memory_strategy::MessageMemoryStrategy<ff_msgs::msg::FaultState_<std::allocator<void> >, std::allocator<void> > > >[m[K’ is not derived from ‘[01m[Kstd::auto_ptr<_Up>[m[K’
  277 |                                     std::bind(&executive_teleop::FaultStateCallback,this,std::placeholders::_1)[01;36m[K)[m[K;
      |                                                                                                                [01;36m[K^[m[K
In file included from [01m[K/usr/include/c++/11/memory:77[m[K,
                 from [01m[K/home/zyme/ros_ws/executive_teleop/executive_teleop/src/teleop_tool.cc:21[m[K:
[01m[K/usr/include/c++/11/bits/shared_ptr.h:391:9:[m[K [01;36m[Knote: [m[Kcandidate: ‘[01m[Ktemplate<class _Yp> std::shared_ptr<_Tp>::_Assignable<std::shared_ptr<_Yp> > std::shared_ptr<_Tp>::operator=(std::shared_ptr<_Yp>&&) [with _Yp = _Yp; _Tp = ff_msgs::msg::FaultState_<std::allocator<void> >][m[K’
  391 |         [01;36m[Koperator[m[K=(shared_ptr<_Yp>&& __r) noexcept
      |         [01;36m[K^~~~~~~~[m[K
[01m[K/usr/include/c++/11/bits/shared_ptr.h:391:9:[m[K [01;36m[Knote: [m[K  template argument deduction/substitution failed:
/usr/include/c++/11/bits/shared_ptr.h: In substitution of ‘[01m[Ktemplate<class _Tp> template<class _Arg> using _Assignable = typename std::enable_if<std::is_assignable<std::__shared_ptr<_Tp>&, _Arg>::value, std::shared_ptr<_Tp>&>::type [with _Arg = std::shared_ptr<rclcpp::Subscription<ff_msgs::msg::FaultState_<std::allocator<void> >, std::allocator<void>, ff_msgs::msg::FaultState_<std::allocator<void> >, ff_msgs::msg::FaultState_<std::allocator<void> >, rclcpp::message_memory_strategy::MessageMemoryStrategy<ff_msgs::msg::FaultState_<std::allocator<void> >, std::allocator<void> > > >; _Tp = ff_msgs::msg::FaultState_<std::allocator<void> >][m[K’:
[01m[K/usr/include/c++/11/bits/shared_ptr.h:391:2:[m[K   required by substitution of ‘[01m[Ktemplate<class _Yp> std::shared_ptr<ff_msgs::msg::FaultState_<std::allocator<void> > >::_Assignable<std::shared_ptr<_Tp> > std::shared_ptr<ff_msgs::msg::FaultState_<std::allocator<void> > >::operator=<_Yp>(std::shared_ptr<_Tp>&&) [with _Yp = rclcpp::Subscription<ff_msgs::msg::FaultState_<std::allocator<void> >, std::allocator<void>, ff_msgs::msg::FaultState_<std::allocator<void> >, ff_msgs::msg::FaultState_<std::allocator<void> >, rclcpp::message_memory_strategy::MessageMemoryStrategy<ff_msgs::msg::FaultState_<std::allocator<void> >, std::allocator<void> > >][m[K’
[01m[K/home/zyme/ros_ws/executive_teleop/executive_teleop/src/teleop_tool.cc:277:112:[m[K   required from here
[01m[K/usr/include/c++/11/bits/shared_ptr.h:130:15:[m[K [01;31m[Kerror: [m[Kno type named ‘[01m[Ktype[m[K’ in ‘[01m[Kstruct std::enable_if<false, std::shared_ptr<ff_msgs::msg::FaultState_<std::allocator<void> > >&>[m[K’
  130 |         using [01;31m[K_Assignable[m[K = typename enable_if<
      |               [01;31m[K^~~~~~~~~~~[m[K
[01m[K/usr/include/c++/11/bits/shared_ptr.h:399:9:[m[K [01;36m[Knote: [m[Kcandidate: ‘[01m[Ktemplate<class _Yp, class _Del> std::shared_ptr<_Tp>::_Assignable<std::unique_ptr<_Up, _Ep> > std::shared_ptr<_Tp>::operator=(std::unique_ptr<_Up, _Ep>&&) [with _Yp = _Yp; _Del = _Del; _Tp = ff_msgs::msg::FaultState_<std::allocator<void> >][m[K’
  399 |         [01;36m[Koperator[m[K=(unique_ptr<_Yp, _Del>&& __r)
      |         [01;36m[K^~~~~~~~[m[K
[01m[K/usr/include/c++/11/bits/shared_ptr.h:399:9:[m[K [01;36m[Knote: [m[K  template argument deduction/substitution failed:
[01m[K/home/zyme/ros_ws/executive_teleop/executive_teleop/src/teleop_tool.cc:277:112:[m[K [01;36m[Knote: [m[K  ‘[01m[Kstd::shared_ptr<rclcpp::Subscription<ff_msgs::msg::FaultState_<std::allocator<void> >, std::allocator<void>, ff_msgs::msg::FaultState_<std::allocator<void> >, ff_msgs::msg::FaultState_<std::allocator<void> >, rclcpp::message_memory_strategy::MessageMemoryStrategy<ff_msgs::msg::FaultState_<std::allocator<void> >, std::allocator<void> > > >[m[K’ is not derived from ‘[01m[Kstd::unique_ptr<_Tp, _Dp>[m[K’
  277 |                                     std::bind(&executive_teleop::FaultStateCallback,this,std::placeholders::_1)[01;36m[K)[m[K;
      |                                                                                                                [01;36m[K^[m[K
In file included from [01m[K/usr/include/c++/11/memory:77[m[K,
                 from [01m[K/home/zyme/ros_ws/executive_teleop/executive_teleop/src/teleop_tool.cc:21[m[K:
[01m[K/usr/include/c++/11/bits/shared_ptr.h:359:19:[m[K [01;36m[Knote: [m[Kcandidate: ‘[01m[Kstd::shared_ptr<_Tp>& std::shared_ptr<_Tp>::operator=(const std::shared_ptr<_Tp>&) [with _Tp = ff_msgs::msg::FaultState_<std::allocator<void> >][m[K’
  359 |       shared_ptr& [01;36m[Koperator[m[K=(const shared_ptr&) noexcept = default;
      |                   [01;36m[K^~~~~~~~[m[K
[01m[K/usr/include/c++/11/bits/shared_ptr.h:359:29:[m[K [01;36m[Knote: [m[K  no known conversion for argument 1 from ‘[01m[Kstd::shared_ptr<rclcpp::Subscription<ff_msgs::msg::FaultState_<std::allocator<void> >, std::allocator<void>, ff_msgs::msg::FaultState_<std::allocator<void> >, ff_msgs::msg::FaultState_<std::allocator<void> >, rclcpp::message_memory_strategy::MessageMemoryStrategy<ff_msgs::msg::FaultState_<std::allocator<void> >, std::allocator<void> > > >[m[K’ to ‘[01m[Kconst std::shared_ptr<ff_msgs::msg::FaultState_<std::allocator<void> > >&[m[K’
  359 |       shared_ptr& operator=([01;36m[Kconst shared_ptr&[m[K) noexcept = default;
      |                             [01;36m[K^~~~~~~~~~~~~~~~~[m[K
[01m[K/usr/include/c++/11/bits/shared_ptr.h:383:7:[m[K [01;36m[Knote: [m[Kcandidate: ‘[01m[Kstd::shared_ptr<_Tp>& std::shared_ptr<_Tp>::operator=(std::shared_ptr<_Tp>&&) [with _Tp = ff_msgs::msg::FaultState_<std::allocator<void> >][m[K’
  383 |       [01;36m[Koperator[m[K=(shared_ptr&& __r) noexcept
      |       [01;36m[K^~~~~~~~[m[K
[01m[K/usr/include/c++/11/bits/shared_ptr.h:383:30:[m[K [01;36m[Knote: [m[K  no known conversion for argument 1 from ‘[01m[Kstd::shared_ptr<rclcpp::Subscription<ff_msgs::msg::FaultState_<std::allocator<void> >, std::allocator<void>, ff_msgs::msg::FaultState_<std::allocator<void> >, ff_msgs::msg::FaultState_<std::allocator<void> >, rclcpp::message_memory_strategy::MessageMemoryStrategy<ff_msgs::msg::FaultState_<std::allocator<void> >, std::allocator<void> > > >[m[K’ to ‘[01m[Kstd::shared_ptr<ff_msgs::msg::FaultState_<std::allocator<void> > >&&[m[K’
  383 |       operator=([01;36m[Kshared_ptr&& __r[m[K) noexcept
      |                 [01;36m[K~~~~~~~~~~~~~^~~[m[K
[01m[K/home/zyme/ros_ws/executive_teleop/executive_teleop/src/teleop_tool.cc:283:176:[m[K [01;31m[Kerror: [m[Kno match for ‘[01m[Koperator=[m[K’ (operand types are ‘[01m[Kstd::shared_ptr<ff_msgs::action::Motion_FeedbackMessage_<std::allocator<void> > >[m[K’ and ‘[01m[Kstd::shared_ptr<rclcpp::Subscription<ff_msgs::action::Motion_FeedbackMessage_<std::allocator<void> >, std::allocator<void>, ff_msgs::action::Motion_FeedbackMessage_<std::allocator<void> >, ff_msgs::action::Motion_FeedbackMessage_<std::allocator<void> >, rclcpp::message_memory_strategy::MessageMemoryStrategy<ff_msgs::action::Motion_FeedbackMessage_<std::allocator<void> >, std::allocator<void> > > >[m[K’)
  283 | action::Motion_FeedbackMessage>(topic_name, 10, std::bind(&executive_teleop::MoveFeedbackCallback,this,std::placeholders::_1)[01;31m[K)[m[K;
      |                                                                                                                              [01;31m[K^[m[K

In file included from [01m[K/usr/include/c++/11/memory:77[m[K,
                 from [01m[K/home/zyme/ros_ws/executive_teleop/executive_teleop/src/teleop_tool.cc:21[m[K:
[01m[K/usr/include/c++/11/bits/shared_ptr.h:363:9:[m[K [01;36m[Knote: [m[Kcandidate: ‘[01m[Ktemplate<class _Yp> std::shared_ptr<_Tp>::_Assignable<const std::shared_ptr<_Yp>&> std::shared_ptr<_Tp>::operator=(const std::shared_ptr<_Yp>&) [with _Yp = _Yp; _Tp = ff_msgs::action::Motion_FeedbackMessage_<std::allocator<void> >][m[K’
  363 |         [01;36m[Koperator[m[K=(const shared_ptr<_Yp>& __r) noexcept
      |         [01;36m[K^~~~~~~~[m[K
[01m[K/usr/include/c++/11/bits/shared_ptr.h:363:9:[m[K [01;36m[Knote: [m[K  template argument deduction/substitution failed:
/usr/include/c++/11/bits/shared_ptr.h: In substitution of ‘[01m[Ktemplate<class _Tp> template<class _Arg> using _Assignable = typename std::enable_if<std::is_assignable<std::__shared_ptr<_Tp>&, _Arg>::value, std::shared_ptr<_Tp>&>::type [with _Arg = const std::shared_ptr<rclcpp::Subscription<ff_msgs::action::Motion_FeedbackMessage_<std::allocator<void> >, std::allocator<void>, ff_msgs::action::Motion_FeedbackMessage_<std::allocator<void> >, ff_msgs::action::Motion_FeedbackMessage_<std::allocator<void> >, rclcpp::message_memory_strategy::MessageMemoryStrategy<ff_msgs::action::Motion_FeedbackMessage_<std::allocator<void> >, std::allocator<void> > > >&; _Tp = ff_msgs::action::Motion_FeedbackMessage_<std::allocator<void> >][m[K’:
[01m[K/usr/include/c++/11/bits/shared_ptr.h:363:2:[m[K   required by substitution of ‘[01m[Ktemplate<class _Yp> std::shared_ptr<ff_msgs::action::Motion_FeedbackMessage_<std::allocator<void> > >::_Assignable<const std::shared_ptr<_Tp>&> std::shared_ptr<ff_msgs::action::Motion_FeedbackMessage_<std::allocator<void> > >::operator=<_Yp>(const std::shared_ptr<_Tp>&) [with _Yp = rclcpp::Subscription<ff_msgs::action::Motion_FeedbackMessage_<std::allocator<void> >, std::allocator<void>, ff_msgs::action::Motion_FeedbackMessage_<std::allocator<void> >, ff_msgs::action::Motion_FeedbackMessage_<std::allocator<void> >, rclcpp::message_memory_strategy::MessageMemoryStrategy<ff_msgs::action::Motion_FeedbackMessage_<std::allocator<void> >, std::allocator<void> > >][m[K’
[01m[K/home/zyme/ros_ws/executive_teleop/executive_teleop/src/teleop_tool.cc:283:176:[m[K   required from here
[01m[K/usr/include/c++/11/bits/shared_ptr.h:130:15:[m[K [01;31m[Kerror: [m[Kno type named ‘[01m[Ktype[m[K’ in ‘[01m[Kstruct std::enable_if<false, std::shared_ptr<ff_msgs::action::Motion_FeedbackMessage_<std::allocator<void> > >&>[m[K’
  130 |         using [01;31m[K_Assignable[m[K = typename enable_if<
      |               [01;31m[K^~~~~~~~~~~[m[K
[01m[K/usr/include/c++/11/bits/shared_ptr.h:374:9:[m[K [01;36m[Knote: [m[Kcandidate: ‘[01m[Ktemplate<class _Yp> std::shared_ptr<_Tp>::_Assignable<std::auto_ptr<_Up> > std::shared_ptr<_Tp>::operator=(std::auto_ptr<_Up>&&) [with _Yp = _Yp; _Tp = ff_msgs::action::Motion_FeedbackMessage_<std::allocator<void> >][m[K’
  374 |         [01;36m[Koperator[m[K=(auto_ptr<_Yp>&& __r)
      |         [01;36m[K^~~~~~~~[m[K
[01m[K/usr/include/c++/11/bits/shared_ptr.h:374:9:[m[K [01;36m[Knote: [m[K  template argument deduction/substitution failed:
[01m[K/home/zyme/ros_ws/executive_teleop/executive_teleop/src/teleop_tool.cc:283:176:[m[K [01;36m[Knote: [m[K  ‘[01m[Kstd::shared_ptr<rclcpp::Subscription<ff_msgs::action::Motion_FeedbackMessage_<std::allocator<void> >, std::allocator<void>, ff_msgs::action::Motion_FeedbackMessage_<std::allocator<void> >, ff_msgs::action::Motion_FeedbackMessage_<std::allocator<void> >, rclcpp::message_memory_strategy::MessageMemoryStrategy<ff_msgs::action::Motion_FeedbackMessage_<std::allocator<void> >, std::allocator<void> > > >[m[K’ is not derived from ‘[01m[Kstd::auto_ptr<_Up>[m[K’
  283 | action::Motion_FeedbackMessage>(topic_name, 10, std::bind(&executive_teleop::MoveFeedbackCallback,this,std::placeholders::_1)[01;36m[K)[m[K;
      |                                                                                                                              [01;36m[K^[m[K

In file included from [01m[K/usr/include/c++/11/memory:77[m[K,
                 from [01m[K/home/zyme/ros_ws/executive_teleop/executive_teleop/src/teleop_tool.cc:21[m[K:
[01m[K/usr/include/c++/11/bits/shared_ptr.h:391:9:[m[K [01;36m[Knote: [m[Kcandidate: ‘[01m[Ktemplate<class _Yp> std::shared_ptr<_Tp>::_Assignable<std::shared_ptr<_Yp> > std::shared_ptr<_Tp>::operator=(std::shared_ptr<_Yp>&&) [with _Yp = _Yp; _Tp = ff_msgs::action::Motion_FeedbackMessage_<std::allocator<void> >][m[K’
  391 |         [01;36m[Koperator[m[K=(shared_ptr<_Yp>&& __r) noexcept
      |         [01;36m[K^~~~~~~~[m[K
[01m[K/usr/include/c++/11/bits/shared_ptr.h:391:9:[m[K [01;36m[Knote: [m[K  template argument deduction/substitution failed:
/usr/include/c++/11/bits/shared_ptr.h: In substitution of ‘[01m[Ktemplate<class _Tp> template<class _Arg> using _Assignable = typename std::enable_if<std::is_assignable<std::__shared_ptr<_Tp>&, _Arg>::value, std::shared_ptr<_Tp>&>::type [with _Arg = std::shared_ptr<rclcpp::Subscription<ff_msgs::action::Motion_FeedbackMessage_<std::allocator<void> >, std::allocator<void>, ff_msgs::action::Motion_FeedbackMessage_<std::allocator<void> >, ff_msgs::action::Motion_FeedbackMessage_<std::allocator<void> >, rclcpp::message_memory_strategy::MessageMemoryStrategy<ff_msgs::action::Motion_FeedbackMessage_<std::allocator<void> >, std::allocator<void> > > >; _Tp = ff_msgs::action::Motion_FeedbackMessage_<std::allocator<void> >][m[K’:
[01m[K/usr/include/c++/11/bits/shared_ptr.h:391:2:[m[K   required by substitution of ‘[01m[Ktemplate<class _Yp> std::shared_ptr<ff_msgs::action::Motion_FeedbackMessage_<std::allocator<void> > >::_Assignable<std::shared_ptr<_Tp> > std::shared_ptr<ff_msgs::action::Motion_FeedbackMessage_<std::allocator<void> > >::operator=<_Yp>(std::shared_ptr<_Tp>&&) [with _Yp = rclcpp::Subscription<ff_msgs::action::Motion_FeedbackMessage_<std::allocator<void> >, std::allocator<void>, ff_msgs::action::Motion_FeedbackMessage_<std::allocator<void> >, ff_msgs::action::Motion_FeedbackMessage_<std::allocator<void> >, rclcpp::message_memory_strategy::MessageMemoryStrategy<ff_msgs::action::Motion_FeedbackMessage_<std::allocator<void> >, std::allocator<void> > >][m[K’
[01m[K/home/zyme/ros_ws/executive_teleop/executive_teleop/src/teleop_tool.cc:283:176:[m[K   required from here
[01m[K/usr/include/c++/11/bits/shared_ptr.h:130:15:[m[K [01;31m[Kerror: [m[Kno type named ‘[01m[Ktype[m[K’ in ‘[01m[Kstruct std::enable_if<false, std::shared_ptr<ff_msgs::action::Motion_FeedbackMessage_<std::allocator<void> > >&>[m[K’
  130 |         using [01;31m[K_Assignable[m[K = typename enable_if<
      |               [01;31m[K^~~~~~~~~~~[m[K
[01m[K/usr/include/c++/11/bits/shared_ptr.h:399:9:[m[K [01;36m[Knote: [m[Kcandidate: ‘[01m[Ktemplate<class _Yp, class _Del> std::shared_ptr<_Tp>::_Assignable<std::unique_ptr<_Up, _Ep> > std::shared_ptr<_Tp>::operator=(std::unique_ptr<_Up, _Ep>&&) [with _Yp = _Yp; _Del = _Del; _Tp = ff_msgs::action::Motion_FeedbackMessage_<std::allocator<void> >][m[K’
  399 |         [01;36m[Koperator[m[K=(unique_ptr<_Yp, _Del>&& __r)
      |         [01;36m[K^~~~~~~~[m[K
[01m[K/usr/include/c++/11/bits/shared_ptr.h:399:9:[m[K [01;36m[Knote: [m[K  template argument deduction/substitution failed:
[01m[K/home/zyme/ros_ws/executive_teleop/executive_teleop/src/teleop_tool.cc:283:176:[m[K [01;36m[Knote: [m[K  ‘[01m[Kstd::shared_ptr<rclcpp::Subscription<ff_msgs::action::Motion_FeedbackMessage_<std::allocator<void> >, std::allocator<void>, ff_msgs::action::Motion_FeedbackMessage_<std::allocator<void> >, ff_msgs::action::Motion_FeedbackMessage_<std::allocator<void> >, rclcpp::message_memory_strategy::MessageMemoryStrategy<ff_msgs::action::Motion_FeedbackMessage_<std::allocator<void> >, std::allocator<void> > > >[m[K’ is not derived from ‘[01m[Kstd::unique_ptr<_Tp, _Dp>[m[K’
  283 | action::Motion_FeedbackMessage>(topic_name, 10, std::bind(&executive_teleop::MoveFeedbackCallback,this,std::placeholders::_1)[01;36m[K)[m[K;
      |                                                                                                                              [01;36m[K^[m[K

In file included from [01m[K/usr/include/c++/11/memory:77[m[K,
                 from [01m[K/home/zyme/ros_ws/executive_teleop/executive_teleop/src/teleop_tool.cc:21[m[K:
[01m[K/usr/include/c++/11/bits/shared_ptr.h:359:19:[m[K [01;36m[Knote: [m[Kcandidate: ‘[01m[Kstd::shared_ptr<_Tp>& std::shared_ptr<_Tp>::operator=(const std::shared_ptr<_Tp>&) [with _Tp = ff_msgs::action::Motion_FeedbackMessage_<std::allocator<void> >][m[K’
  359 |       shared_ptr& [01;36m[Koperator[m[K=(const shared_ptr&) noexcept = default;
      |                   [01;36m[K^~~~~~~~[m[K
[01m[K/usr/include/c++/11/bits/shared_ptr.h:359:29:[m[K [01;36m[Knote: [m[K  no known conversion for argument 1 from ‘[01m[Kstd::shared_ptr<rclcpp::Subscription<ff_msgs::action::Motion_FeedbackMessage_<std::allocator<void> >, std::allocator<void>, ff_msgs::action::Motion_FeedbackMessage_<std::allocator<void> >, ff_msgs::action::Motion_FeedbackMessage_<std::allocator<void> >, rclcpp::message_memory_strategy::MessageMemoryStrategy<ff_msgs::action::Motion_FeedbackMessage_<std::allocator<void> >, std::allocator<void> > > >[m[K’ to ‘[01m[Kconst std::shared_ptr<ff_msgs::action::Motion_FeedbackMessage_<std::allocator<void> > >&[m[K’
  359 |       shared_ptr& operator=([01;36m[Kconst shared_ptr&[m[K) noexcept = default;
      |                             [01;36m[K^~~~~~~~~~~~~~~~~[m[K
[01m[K/usr/include/c++/11/bits/shared_ptr.h:383:7:[m[K [01;36m[Knote: [m[Kcandidate: ‘[01m[Kstd::shared_ptr<_Tp>& std::shared_ptr<_Tp>::operator=(std::shared_ptr<_Tp>&&) [with _Tp = ff_msgs::action::Motion_FeedbackMessage_<std::allocator<void> >][m[K’
  383 |       [01;36m[Koperator[m[K=(shared_ptr&& __r) noexcept
      |       [01;36m[K^~~~~~~~[m[K
[01m[K/usr/include/c++/11/bits/shared_ptr.h:383:30:[m[K [01;36m[Knote: [m[K  no known conversion for argument 1 from ‘[01m[Kstd::shared_ptr<rclcpp::Subscription<ff_msgs::action::Motion_FeedbackMessage_<std::allocator<void> >, std::allocator<void>, ff_msgs::action::Motion_FeedbackMessage_<std::allocator<void> >, ff_msgs::action::Motion_FeedbackMessage_<std::allocator<void> >, rclcpp::message_memory_strategy::MessageMemoryStrategy<ff_msgs::action::Motion_FeedbackMessage_<std::allocator<void> >, std::allocator<void> > > >[m[K’ to ‘[01m[Kstd::shared_ptr<ff_msgs::action::Motion_FeedbackMessage_<std::allocator<void> > >&&[m[K’
  383 |       operator=([01;36m[Kshared_ptr&& __r[m[K) noexcept
      |                 [01;36m[K~~~~~~~~~~~~~^~~[m[K
[01m[K/home/zyme/ros_ws/executive_teleop/executive_teleop/src/teleop_tool.cc:289:126:[m[K [01;31m[Kerror: [m[K‘[01m[KDockFeedbbackCallback[m[K’ is not a member of ‘[01m[Kexecutive_teleop[m[K’
  289 | sub = this->create_subscription<ff_msgs::action::Dock_FeedbackMessage>(topic_name, 10, std::bind(&executive_teleop::[01;31m[KDockFeedbbackCallback[m[K,this,std::placeholders::_1));
      |                                                                                                                     [01;31m[K^~~~~~~~~~~~~~~~~~~~~[m[K

[01m[K/home/zyme/ros_ws/executive_teleop/executive_teleop/src/teleop_tool.cc:292:21:[m[K [01;31m[Kerror: [m[K‘[01m[Kclass std::shared_ptr<ff_msgs::action::Dock_FeedbackMessage_<std::allocator<void> > >[m[K’ has no member named ‘[01m[KgetNumPublishers[m[K’
  292 |     while (dock_sub.[01;31m[KgetNumPublishers[m[K() == 0) {
      |                     [01;31m[K^~~~~~~~~~~~~~~~[m[K
[01m[K/home/zyme/ros_ws/executive_teleop/executive_teleop/src/teleop_tool.cc:[m[K In member function ‘[01m[Kbool executive_teleop::Finished()[m[K’:
[01m[K/home/zyme/ros_ws/executive_teleop/executive_teleop/src/teleop_tool.cc:325:1:[m[K [01;35m[Kwarning: [m[Kno return statement in function returning non-void [[01;35m[K]8;;https://gcc.gnu.org/onlinedocs/gcc/Warning-Options.html#index-Wreturn-type-Wreturn-type]8;;[m[K]
  325 | [01;35m[K}[m[K
      | [01;35m[K^[m[K
[01m[K/home/zyme/ros_ws/executive_teleop/executive_teleop/src/teleop_tool.cc:[m[K In member function ‘[01m[Kbool executive_teleop::SendMobilityCommand()[m[K’:
[01m[K/home/zyme/ros_ws/executive_teleop/executive_teleop/src/teleop_tool.cc:600:1:[m[K [01;35m[Kwarning: [m[Kno return statement in function returning non-void [[01;35m[K]8;;https://gcc.gnu.org/onlinedocs/gcc/Warning-Options.html#index-Wreturn-type-Wreturn-type]8;;[m[K]
  600 | [01;35m[K}[m[K
      | [01;35m[K^[m[K
[01m[K/home/zyme/ros_ws/executive_teleop/executive_teleop/src/teleop_tool.cc:[m[K In member function ‘[01m[Kbool executive_teleop::SendResetBias()[m[K’:
[01m[K/home/zyme/ros_ws/executive_teleop/executive_teleop/src/teleop_tool.cc:615:1:[m[K [01;35m[Kwarning: [m[Kno return statement in function returning non-void [[01;35m[K]8;;https://gcc.gnu.org/onlinedocs/gcc/Warning-Options.html#index-Wreturn-type-Wreturn-type]8;;[m[K]
  615 | [01;35m[K}[m[K
      | [01;35m[K^[m[K
[01m[K/home/zyme/ros_ws/executive_teleop/executive_teleop/src/teleop_tool.cc:[m[K In member function ‘[01m[Kbool executive_teleop::SendResetEkf()[m[K’:
[01m[K/home/zyme/ros_ws/executive_teleop/executive_teleop/src/teleop_tool.cc:630:1:[m[K [01;35m[Kwarning: [m[Kno return statement in function returning non-void [[01;35m[K]8;;https://gcc.gnu.org/onlinedocs/gcc/Warning-Options.html#index-Wreturn-type-Wreturn-type]8;;[m[K]
  630 | [01;35m[K}[m[K
      | [01;35m[K^[m[K
[01m[K/home/zyme/ros_ws/executive_teleop/executive_teleop/src/teleop_tool.cc:[m[K In member function ‘[01m[Kbool executive_teleop::SendSetCheckZones()[m[K’:
[01m[K/home/zyme/ros_ws/executive_teleop/executive_teleop/src/teleop_tool.cc:654:1:[m[K [01;35m[Kwarning: [m[Kno return statement in function returning non-void [[01;35m[K]8;;https://gcc.gnu.org/onlinedocs/gcc/Warning-Options.html#index-Wreturn-type-Wreturn-type]8;;[m[K]
  654 | [01;35m[K}[m[K
      | [01;35m[K^[m[K
[01m[K/home/zyme/ros_ws/executive_teleop/executive_teleop/src/teleop_tool.cc:[m[K In member function ‘[01m[Kbool executive_teleop::SendSetFaceForward()[m[K’:
[01m[K/home/zyme/ros_ws/executive_teleop/executive_teleop/src/teleop_tool.cc:683:1:[m[K [01;35m[Kwarning: [m[Kno return statement in function returning non-void [[01;35m[K]8;;https://gcc.gnu.org/onlinedocs/gcc/Warning-Options.html#index-Wreturn-type-Wreturn-type]8;;[m[K]
  683 | [01;35m[K}[m[K
      | [01;35m[K^[m[K
[01m[K/home/zyme/ros_ws/executive_teleop/executive_teleop/src/teleop_tool.cc:[m[K In member function ‘[01m[Kbool executive_teleop::SendSetOpLimits()[m[K’:
[01m[K/home/zyme/ros_ws/executive_teleop/executive_teleop/src/teleop_tool.cc:733:1:[m[K [01;35m[Kwarning: [m[Kno return statement in function returning non-void [[01;35m[K]8;;https://gcc.gnu.org/onlinedocs/gcc/Warning-Options.html#index-Wreturn-type-Wreturn-type]8;;[m[K]
  733 | [01;35m[K}[m[K
      | [01;35m[K^[m[K
[01m[K/home/zyme/ros_ws/executive_teleop/executive_teleop/src/teleop_tool.cc:[m[K In member function ‘[01m[Kbool executive_teleop::SendSetPlanner()[m[K’:
[01m[K/home/zyme/ros_ws/executive_teleop/executive_teleop/src/teleop_tool.cc:753:1:[m[K [01;35m[Kwarning: [m[Kno return statement in function returning non-void [[01;35m[K]8;;https://gcc.gnu.org/onlinedocs/gcc/Warning-Options.html#index-Wreturn-type-Wreturn-type]8;;[m[K]
  753 | [01;35m[K}[m[K
      | [01;35m[K^[m[K
[01m[K/home/zyme/ros_ws/executive_teleop/executive_teleop/src/teleop_tool.cc:[m[K In member function ‘[01m[Kbool executive_teleop::SendNextCommand()[m[K’:
[01m[K/home/zyme/ros_ws/executive_teleop/executive_teleop/src/teleop_tool.cc:790:1:[m[K [01;35m[Kwarning: [m[Kcontrol reaches end of non-void function [[01;35m[K]8;;https://gcc.gnu.org/onlinedocs/gcc/Warning-Options.html#index-Wreturn-type-Wreturn-type]8;;[m[K]
  790 | [01;35m[K}[m[K
      | [01;35m[K^[m[K
gmake[2]: *** [CMakeFiles/teleop_tool.dir/build.make:76: CMakeFiles/teleop_tool.dir/src/teleop_tool.cc.o] Error 1
gmake[1]: *** [CMakeFiles/Makefile2:137: CMakeFiles/teleop_tool.dir/all] Error 2
gmake: *** [Makefile:146: all] Error 2
