[0.191s] Invoking command in '/home/zyme/ros_ws/executive_teleop/executive_teleop/build/executive_teleop': CMAKE_PREFIX_PATH=/home/zyme/ros_ws/astrobee/install/states:/home/zyme/ros_ws/astrobee/install/light_flow:/home/zyme/ros_ws/astrobee/install/signal_lights:/home/zyme/ros_ws/astrobee/install/fam:/home/zyme/ros_ws/astrobee/install/astrobee_gazebo:/opt/ros/humble:/home/zyme/ros_ws/astrobee/install/pmc:/home/zyme/ros_ws/astrobee/install/perch:/home/zyme/ros_ws/astrobee/install/framestore:/home/zyme/ros_ws/astrobee/install/dock:/home/zyme/ros_ws/astrobee/install/ctl:/home/zyme/ros_ws/astrobee/install/arm:/home/zyme/ros_ws/astrobee/install/access_control:/home/zyme/ros_ws/astrobee/install/ff_util:/home/zyme/ros_ws/astrobee/install/msg_conversions:/home/zyme/ros_ws/astrobee/install/jsonloader:/home/zyme/ros_ws/astrobee/install/ff_msgs:/home/zyme/ros_ws/astrobee/install/ff_hw_msgs:/home/zyme/ros_ws/astrobee/install/camera:/home/zyme/ros_ws/astrobee/install/config_reader:/home/zyme/ros_ws/astrobee/install/ff_common:/home/zyme/ros_ws/astrobee/install/description:/home/zyme/ros_ws/astrobee/install/astrobee_iss:/home/zyme/ros_ws/astrobee/install/astrobee_handrail_8_5:/home/zyme/ros_ws/astrobee/install/astrobee_handrail_41_5:/home/zyme/ros_ws/astrobee/install/astrobee_handrail_30:/home/zyme/ros_ws/astrobee/install/astrobee_handrail_21_5:/home/zyme/ros_ws/astrobee/install/astrobee_granite:/home/zyme/ros_ws/astrobee/install/astrobee_freeflyer:/home/zyme/ros_ws/astrobee/install/astrobee_dock:/home/zyme/ros_ws/astrobee/install/astrobee /usr/bin/cmake --build /home/zyme/ros_ws/executive_teleop/executive_teleop/build/executive_teleop -- -j12 -l12
[0.289s] [35m[1mConsolidate compiler generated dependencies of target teleop_tool[0m
[0.337s] [ 50%] [32mBuilding CXX object CMakeFiles/teleop_tool.dir/src/teleop_tool.cc.o[0m
[6.416s] [01m[K/home/zyme/ros_ws/executive_teleop/executive_teleop/src/teleop_tool.cc:[m[K In constructor ‘[01m[Kexecutive_teleop::executive_teleop(int, char**)[m[K’:
[6.416s] [01m[K/home/zyme/ros_ws/executive_teleop/executive_teleop/src/teleop_tool.cc:209:50:[m[K [01;31m[Kerror: [m[Kinvalid use of non-static member function ‘[01m[Krclcpp::Time rclcpp::Node::now() const[m[K’
[6.416s]   209 |   tf2_buffer = std::make_shared<tf2_ros::Buffer>([01;31m[Know[m[K);
[6.416s]       |                                                  [01;31m[K^~~[m[K
[6.416s] In file included from [01m[K/opt/ros/humble/include/rclcpp/rclcpp/executors/single_threaded_executor.hpp:28[m[K,
[6.417s]                  from [01m[K/opt/ros/humble/include/rclcpp/rclcpp/executors.hpp:22[m[K,
[6.417s]                  from [01m[K/opt/ros/humble/include/rclcpp/rclcpp/rclcpp.hpp:155[m[K,
[6.417s]                  from [01m[K/home/zyme/ros_ws/executive_teleop/executive_teleop/src/teleop_tool.cc:29[m[K:
[6.417s] [01m[K/opt/ros/humble/include/rclcpp/rclcpp/node.hpp:1126:3:[m[K [01;36m[Knote: [m[Kdeclared here
[6.417s]  1126 |   [01;36m[Know[m[K() const;
[6.417s]       |   [01;36m[K^~~[m[K
[6.504s] [01m[K/home/zyme/ros_ws/executive_teleop/executive_teleop/src/teleop_tool.cc:220:158:[m[K [01;31m[Kerror: [m[Kno match for ‘[01m[Koperator=[m[K’ (operand types are ‘[01m[Kstd::shared_ptr<ff_msgs::msg::AckStamped_<std::allocator<void> > >[m[K’ and ‘[01m[Kstd::shared_ptr<rclcpp::Subscription<ff_msgs::msg::AckStamped_<std::allocator<void> >, std::allocator<void>, ff_msgs::msg::AckStamped_<std::allocator<void> >, ff_msgs::msg::AckStamped_<std::allocator<void> >, rclcpp::message_memory_strategy::MessageMemoryStrategy<ff_msgs::msg::AckStamped_<std::allocator<void> >, std::allocator<void> > > >[m[K’)
[6.504s]   220 | ption<ff_msgs::msg::AckStamped>(TOPIC_MANAGEMENT_ACK, 10,std::bind(&executive_teleop::AckCallback,this,std::placeholders::_1)[01;31m[K)[m[K;
[6.505s]       |                                                                                                                              [01;31m[K^[m[K
[6.505s] 
[6.505s] In file included from [01m[K/usr/include/c++/11/memory:77[m[K,
[6.505s]                  from [01m[K/home/zyme/ros_ws/executive_teleop/executive_teleop/src/teleop_tool.cc:21[m[K:
[6.505s] [01m[K/usr/include/c++/11/bits/shared_ptr.h:363:9:[m[K [01;36m[Knote: [m[Kcandidate: ‘[01m[Ktemplate<class _Yp> std::shared_ptr<_Tp>::_Assignable<const std::shared_ptr<_Yp>&> std::shared_ptr<_Tp>::operator=(const std::shared_ptr<_Yp>&) [with _Yp = _Yp; _Tp = ff_msgs::msg::AckStamped_<std::allocator<void> >][m[K’
[6.505s]   363 |         [01;36m[Koperator[m[K=(const shared_ptr<_Yp>& __r) noexcept
[6.505s]       |         [01;36m[K^~~~~~~~[m[K
[6.505s] [01m[K/usr/include/c++/11/bits/shared_ptr.h:363:9:[m[K [01;36m[Knote: [m[K  template argument deduction/substitution failed:
[6.505s] /usr/include/c++/11/bits/shared_ptr.h: In substitution of ‘[01m[Ktemplate<class _Tp> template<class _Arg> using _Assignable = typename std::enable_if<std::is_assignable<std::__shared_ptr<_Tp>&, _Arg>::value, std::shared_ptr<_Tp>&>::type [with _Arg = const std::shared_ptr<rclcpp::Subscription<ff_msgs::msg::AckStamped_<std::allocator<void> >, std::allocator<void>, ff_msgs::msg::AckStamped_<std::allocator<void> >, ff_msgs::msg::AckStamped_<std::allocator<void> >, rclcpp::message_memory_strategy::MessageMemoryStrategy<ff_msgs::msg::AckStamped_<std::allocator<void> >, std::allocator<void> > > >&; _Tp = ff_msgs::msg::AckStamped_<std::allocator<void> >][m[K’:
[6.506s] [01m[K/usr/include/c++/11/bits/shared_ptr.h:363:2:[m[K   required by substitution of ‘[01m[Ktemplate<class _Yp> std::shared_ptr<ff_msgs::msg::AckStamped_<std::allocator<void> > >::_Assignable<const std::shared_ptr<_Tp>&> std::shared_ptr<ff_msgs::msg::AckStamped_<std::allocator<void> > >::operator=<_Yp>(const std::shared_ptr<_Tp>&) [with _Yp = rclcpp::Subscription<ff_msgs::msg::AckStamped_<std::allocator<void> >, std::allocator<void>, ff_msgs::msg::AckStamped_<std::allocator<void> >, ff_msgs::msg::AckStamped_<std::allocator<void> >, rclcpp::message_memory_strategy::MessageMemoryStrategy<ff_msgs::msg::AckStamped_<std::allocator<void> >, std::allocator<void> > >][m[K’
[6.506s] [01m[K/home/zyme/ros_ws/executive_teleop/executive_teleop/src/teleop_tool.cc:220:158:[m[K   required from here
[6.506s] [01m[K/usr/include/c++/11/bits/shared_ptr.h:130:15:[m[K [01;31m[Kerror: [m[Kno type named ‘[01m[Ktype[m[K’ in ‘[01m[Kstruct std::enable_if<false, std::shared_ptr<ff_msgs::msg::AckStamped_<std::allocator<void> > >&>[m[K’
[6.506s]   130 |         using [01;31m[K_Assignable[m[K = typename enable_if<
[6.506s]       |               [01;31m[K^~~~~~~~~~~[m[K
[6.506s] [01m[K/usr/include/c++/11/bits/shared_ptr.h:374:9:[m[K [01;36m[Knote: [m[Kcandidate: ‘[01m[Ktemplate<class _Yp> std::shared_ptr<_Tp>::_Assignable<std::auto_ptr<_Up> > std::shared_ptr<_Tp>::operator=(std::auto_ptr<_Up>&&) [with _Yp = _Yp; _Tp = ff_msgs::msg::AckStamped_<std::allocator<void> >][m[K’
[6.506s]   374 |         [01;36m[Koperator[m[K=(auto_ptr<_Yp>&& __r)
[6.506s]       |         [01;36m[K^~~~~~~~[m[K
[6.506s] [01m[K/usr/include/c++/11/bits/shared_ptr.h:374:9:[m[K [01;36m[Knote: [m[K  template argument deduction/substitution failed:
[6.506s] [01m[K/home/zyme/ros_ws/executive_teleop/executive_teleop/src/teleop_tool.cc:220:158:[m[K [01;36m[Knote: [m[K  ‘[01m[Kstd::shared_ptr<rclcpp::Subscription<ff_msgs::msg::AckStamped_<std::allocator<void> >, std::allocator<void>, ff_msgs::msg::AckStamped_<std::allocator<void> >, ff_msgs::msg::AckStamped_<std::allocator<void> >, rclcpp::message_memory_strategy::MessageMemoryStrategy<ff_msgs::msg::AckStamped_<std::allocator<void> >, std::allocator<void> > > >[m[K’ is not derived from ‘[01m[Kstd::auto_ptr<_Up>[m[K’
[6.507s]   220 | ption<ff_msgs::msg::AckStamped>(TOPIC_MANAGEMENT_ACK, 10,std::bind(&executive_teleop::AckCallback,this,std::placeholders::_1)[01;36m[K)[m[K;
[6.507s]       |                                                                                                                              [01;36m[K^[m[K
[6.507s] 
[6.507s] In file included from [01m[K/usr/include/c++/11/memory:77[m[K,
[6.507s]                  from [01m[K/home/zyme/ros_ws/executive_teleop/executive_teleop/src/teleop_tool.cc:21[m[K:
[6.507s] [01m[K/usr/include/c++/11/bits/shared_ptr.h:391:9:[m[K [01;36m[Knote: [m[Kcandidate: ‘[01m[Ktemplate<class _Yp> std::shared_ptr<_Tp>::_Assignable<std::shared_ptr<_Yp> > std::shared_ptr<_Tp>::operator=(std::shared_ptr<_Yp>&&) [with _Yp = _Yp; _Tp = ff_msgs::msg::AckStamped_<std::allocator<void> >][m[K’
[6.507s]   391 |         [01;36m[Koperator[m[K=(shared_ptr<_Yp>&& __r) noexcept
[6.507s]       |         [01;36m[K^~~~~~~~[m[K
[6.507s] [01m[K/usr/include/c++/11/bits/shared_ptr.h:391:9:[m[K [01;36m[Knote: [m[K  template argument deduction/substitution failed:
[6.507s] /usr/include/c++/11/bits/shared_ptr.h: In substitution of ‘[01m[Ktemplate<class _Tp> template<class _Arg> using _Assignable = typename std::enable_if<std::is_assignable<std::__shared_ptr<_Tp>&, _Arg>::value, std::shared_ptr<_Tp>&>::type [with _Arg = std::shared_ptr<rclcpp::Subscription<ff_msgs::msg::AckStamped_<std::allocator<void> >, std::allocator<void>, ff_msgs::msg::AckStamped_<std::allocator<void> >, ff_msgs::msg::AckStamped_<std::allocator<void> >, rclcpp::message_memory_strategy::MessageMemoryStrategy<ff_msgs::msg::AckStamped_<std::allocator<void> >, std::allocator<void> > > >; _Tp = ff_msgs::msg::AckStamped_<std::allocator<void> >][m[K’:
[6.508s] [01m[K/usr/include/c++/11/bits/shared_ptr.h:391:2:[m[K   required by substitution of ‘[01m[Ktemplate<class _Yp> std::shared_ptr<ff_msgs::msg::AckStamped_<std::allocator<void> > >::_Assignable<std::shared_ptr<_Tp> > std::shared_ptr<ff_msgs::msg::AckStamped_<std::allocator<void> > >::operator=<_Yp>(std::shared_ptr<_Tp>&&) [with _Yp = rclcpp::Subscription<ff_msgs::msg::AckStamped_<std::allocator<void> >, std::allocator<void>, ff_msgs::msg::AckStamped_<std::allocator<void> >, ff_msgs::msg::AckStamped_<std::allocator<void> >, rclcpp::message_memory_strategy::MessageMemoryStrategy<ff_msgs::msg::AckStamped_<std::allocator<void> >, std::allocator<void> > >][m[K’
[6.508s] [01m[K/home/zyme/ros_ws/executive_teleop/executive_teleop/src/teleop_tool.cc:220:158:[m[K   required from here
[6.508s] [01m[K/usr/include/c++/11/bits/shared_ptr.h:130:15:[m[K [01;31m[Kerror: [m[Kno type named ‘[01m[Ktype[m[K’ in ‘[01m[Kstruct std::enable_if<false, std::shared_ptr<ff_msgs::msg::AckStamped_<std::allocator<void> > >&>[m[K’
[6.508s]   130 |         using [01;31m[K_Assignable[m[K = typename enable_if<
[6.508s]       |               [01;31m[K^~~~~~~~~~~[m[K
[6.508s] [01m[K/usr/include/c++/11/bits/shared_ptr.h:399:9:[m[K [01;36m[Knote: [m[Kcandidate: ‘[01m[Ktemplate<class _Yp, class _Del> std::shared_ptr<_Tp>::_Assignable<std::unique_ptr<_Up, _Ep> > std::shared_ptr<_Tp>::operator=(std::unique_ptr<_Up, _Ep>&&) [with _Yp = _Yp; _Del = _Del; _Tp = ff_msgs::msg::AckStamped_<std::allocator<void> >][m[K’
[6.508s]   399 |         [01;36m[Koperator[m[K=(unique_ptr<_Yp, _Del>&& __r)
[6.508s]       |         [01;36m[K^~~~~~~~[m[K
[6.508s] [01m[K/usr/include/c++/11/bits/shared_ptr.h:399:9:[m[K [01;36m[Knote: [m[K  template argument deduction/substitution failed:
[6.509s] [01m[K/home/zyme/ros_ws/executive_teleop/executive_teleop/src/teleop_tool.cc:220:158:[m[K [01;36m[Knote: [m[K  ‘[01m[Kstd::shared_ptr<rclcpp::Subscription<ff_msgs::msg::AckStamped_<std::allocator<void> >, std::allocator<void>, ff_msgs::msg::AckStamped_<std::allocator<void> >, ff_msgs::msg::AckStamped_<std::allocator<void> >, rclcpp::message_memory_strategy::MessageMemoryStrategy<ff_msgs::msg::AckStamped_<std::allocator<void> >, std::allocator<void> > > >[m[K’ is not derived from ‘[01m[Kstd::unique_ptr<_Tp, _Dp>[m[K’
[6.509s]   220 | ption<ff_msgs::msg::AckStamped>(TOPIC_MANAGEMENT_ACK, 10,std::bind(&executive_teleop::AckCallback,this,std::placeholders::_1)[01;36m[K)[m[K;
[6.509s]       |                                                                                                                              [01;36m[K^[m[K
[6.509s] 
[6.509s] In file included from [01m[K/usr/include/c++/11/memory:77[m[K,
[6.509s]                  from [01m[K/home/zyme/ros_ws/executive_teleop/executive_teleop/src/teleop_tool.cc:21[m[K:
[6.509s] [01m[K/usr/include/c++/11/bits/shared_ptr.h:359:19:[m[K [01;36m[Knote: [m[Kcandidate: ‘[01m[Kstd::shared_ptr<_Tp>& std::shared_ptr<_Tp>::operator=(const std::shared_ptr<_Tp>&) [with _Tp = ff_msgs::msg::AckStamped_<std::allocator<void> >][m[K’
[6.509s]   359 |       shared_ptr& [01;36m[Koperator[m[K=(const shared_ptr&) noexcept = default;
[6.509s]       |                   [01;36m[K^~~~~~~~[m[K
[6.509s] [01m[K/usr/include/c++/11/bits/shared_ptr.h:359:29:[m[K [01;36m[Knote: [m[K  no known conversion for argument 1 from ‘[01m[Kstd::shared_ptr<rclcpp::Subscription<ff_msgs::msg::AckStamped_<std::allocator<void> >, std::allocator<void>, ff_msgs::msg::AckStamped_<std::allocator<void> >, ff_msgs::msg::AckStamped_<std::allocator<void> >, rclcpp::message_memory_strategy::MessageMemoryStrategy<ff_msgs::msg::AckStamped_<std::allocator<void> >, std::allocator<void> > > >[m[K’ to ‘[01m[Kconst std::shared_ptr<ff_msgs::msg::AckStamped_<std::allocator<void> > >&[m[K’
[6.510s]   359 |       shared_ptr& operator=([01;36m[Kconst shared_ptr&[m[K) noexcept = default;
[6.510s]       |                             [01;36m[K^~~~~~~~~~~~~~~~~[m[K
[6.510s] [01m[K/usr/include/c++/11/bits/shared_ptr.h:383:7:[m[K [01;36m[Knote: [m[Kcandidate: ‘[01m[Kstd::shared_ptr<_Tp>& std::shared_ptr<_Tp>::operator=(std::shared_ptr<_Tp>&&) [with _Tp = ff_msgs::msg::AckStamped_<std::allocator<void> >][m[K’
[6.510s]   383 |       [01;36m[Koperator[m[K=(shared_ptr&& __r) noexcept
[6.510s]       |       [01;36m[K^~~~~~~~[m[K
[6.510s] [01m[K/usr/include/c++/11/bits/shared_ptr.h:383:30:[m[K [01;36m[Knote: [m[K  no known conversion for argument 1 from ‘[01m[Kstd::shared_ptr<rclcpp::Subscription<ff_msgs::msg::AckStamped_<std::allocator<void> >, std::allocator<void>, ff_msgs::msg::AckStamped_<std::allocator<void> >, ff_msgs::msg::AckStamped_<std::allocator<void> >, rclcpp::message_memory_strategy::MessageMemoryStrategy<ff_msgs::msg::AckStamped_<std::allocator<void> >, std::allocator<void> > > >[m[K’ to ‘[01m[Kstd::shared_ptr<ff_msgs::msg::AckStamped_<std::allocator<void> > >&&[m[K’
[6.510s]   383 |       operator=([01;36m[Kshared_ptr&& __r[m[K) noexcept
[6.510s]       |                 [01;36m[K~~~~~~~~~~~~~^~~[m[K
[6.510s] [01m[K/home/zyme/ros_ws/executive_teleop/executive_teleop/src/teleop_tool.cc:225:18:[m[K [01;31m[Kerror: [m[K‘[01m[Kclass std::shared_ptr<ff_msgs::msg::AckStamped_<std::allocator<void> > >[m[K’ has no member named ‘[01m[KgetNumPublishers[m[K’
[6.510s]   225 |   while (ack_sub.[01;31m[KgetNumPublishers[m[K() == 0) {
[6.511s]       |                  [01;31m[K^~~~~~~~~~~~~~~~[m[K
[6.637s] [01m[K/home/zyme/ros_ws/executive_teleop/executive_teleop/src/teleop_tool.cc:270:111:[m[K [01;31m[Kerror: [m[Kno match for ‘[01m[Koperator=[m[K’ (operand types are ‘[01m[Kstd::shared_ptr<ff_msgs::msg::AgentStateStamped_<std::allocator<void> > >[m[K’ and ‘[01m[Kstd::shared_ptr<rclcpp::Subscription<ff_msgs::msg::AgentStateStamped_<std::allocator<void> >, std::allocator<void>, ff_msgs::msg::AgentStateStamped_<std::allocator<void> >, ff_msgs::msg::AgentStateStamped_<std::allocator<void> >, rclcpp::message_memory_strategy::MessageMemoryStrategy<ff_msgs::msg::AgentStateStamped_<std::allocator<void> >, std::allocator<void> > > >[m[K’)
[6.637s]   270 |                                    std::bind(&executive_teleop::AgentStateCallback,this,std::placeholders::_1)[01;31m[K)[m[K;
[6.637s]       |                                                                                                               [01;31m[K^[m[K
[6.638s] In file included from [01m[K/usr/include/c++/11/memory:77[m[K,
[6.638s]                  from [01m[K/home/zyme/ros_ws/executive_teleop/executive_teleop/src/teleop_tool.cc:21[m[K:
[6.638s] [01m[K/usr/include/c++/11/bits/shared_ptr.h:363:9:[m[K [01;36m[Knote: [m[Kcandidate: ‘[01m[Ktemplate<class _Yp> std::shared_ptr<_Tp>::_Assignable<const std::shared_ptr<_Yp>&> std::shared_ptr<_Tp>::operator=(const std::shared_ptr<_Yp>&) [with _Yp = _Yp; _Tp = ff_msgs::msg::AgentStateStamped_<std::allocator<void> >][m[K’
[6.638s]   363 |         [01;36m[Koperator[m[K=(const shared_ptr<_Yp>& __r) noexcept
[6.638s]       |         [01;36m[K^~~~~~~~[m[K
[6.638s] [01m[K/usr/include/c++/11/bits/shared_ptr.h:363:9:[m[K [01;36m[Knote: [m[K  template argument deduction/substitution failed:
[6.638s] /usr/include/c++/11/bits/shared_ptr.h: In substitution of ‘[01m[Ktemplate<class _Tp> template<class _Arg> using _Assignable = typename std::enable_if<std::is_assignable<std::__shared_ptr<_Tp>&, _Arg>::value, std::shared_ptr<_Tp>&>::type [with _Arg = const std::shared_ptr<rclcpp::Subscription<ff_msgs::msg::AgentStateStamped_<std::allocator<void> >, std::allocator<void>, ff_msgs::msg::AgentStateStamped_<std::allocator<void> >, ff_msgs::msg::AgentStateStamped_<std::allocator<void> >, rclcpp::message_memory_strategy::MessageMemoryStrategy<ff_msgs::msg::AgentStateStamped_<std::allocator<void> >, std::allocator<void> > > >&; _Tp = ff_msgs::msg::AgentStateStamped_<std::allocator<void> >][m[K’:
[6.638s] [01m[K/usr/include/c++/11/bits/shared_ptr.h:363:2:[m[K   required by substitution of ‘[01m[Ktemplate<class _Yp> std::shared_ptr<ff_msgs::msg::AgentStateStamped_<std::allocator<void> > >::_Assignable<const std::shared_ptr<_Tp>&> std::shared_ptr<ff_msgs::msg::AgentStateStamped_<std::allocator<void> > >::operator=<_Yp>(const std::shared_ptr<_Tp>&) [with _Yp = rclcpp::Subscription<ff_msgs::msg::AgentStateStamped_<std::allocator<void> >, std::allocator<void>, ff_msgs::msg::AgentStateStamped_<std::allocator<void> >, ff_msgs::msg::AgentStateStamped_<std::allocator<void> >, rclcpp::message_memory_strategy::MessageMemoryStrategy<ff_msgs::msg::AgentStateStamped_<std::allocator<void> >, std::allocator<void> > >][m[K’
[6.638s] [01m[K/home/zyme/ros_ws/executive_teleop/executive_teleop/src/teleop_tool.cc:270:111:[m[K   required from here
[6.638s] [01m[K/usr/include/c++/11/bits/shared_ptr.h:130:15:[m[K [01;31m[Kerror: [m[Kno type named ‘[01m[Ktype[m[K’ in ‘[01m[Kstruct std::enable_if<false, std::shared_ptr<ff_msgs::msg::AgentStateStamped_<std::allocator<void> > >&>[m[K’
[6.639s]   130 |         using [01;31m[K_Assignable[m[K = typename enable_if<
[6.639s]       |               [01;31m[K^~~~~~~~~~~[m[K
[6.639s] [01m[K/usr/include/c++/11/bits/shared_ptr.h:374:9:[m[K [01;36m[Knote: [m[Kcandidate: ‘[01m[Ktemplate<class _Yp> std::shared_ptr<_Tp>::_Assignable<std::auto_ptr<_Up> > std::shared_ptr<_Tp>::operator=(std::auto_ptr<_Up>&&) [with _Yp = _Yp; _Tp = ff_msgs::msg::AgentStateStamped_<std::allocator<void> >][m[K’
[6.639s]   374 |         [01;36m[Koperator[m[K=(auto_ptr<_Yp>&& __r)
[6.639s]       |         [01;36m[K^~~~~~~~[m[K
[6.639s] [01m[K/usr/include/c++/11/bits/shared_ptr.h:374:9:[m[K [01;36m[Knote: [m[K  template argument deduction/substitution failed:
[6.639s] [01m[K/home/zyme/ros_ws/executive_teleop/executive_teleop/src/teleop_tool.cc:270:111:[m[K [01;36m[Knote: [m[K  ‘[01m[Kstd::shared_ptr<rclcpp::Subscription<ff_msgs::msg::AgentStateStamped_<std::allocator<void> >, std::allocator<void>, ff_msgs::msg::AgentStateStamped_<std::allocator<void> >, ff_msgs::msg::AgentStateStamped_<std::allocator<void> >, rclcpp::message_memory_strategy::MessageMemoryStrategy<ff_msgs::msg::AgentStateStamped_<std::allocator<void> >, std::allocator<void> > > >[m[K’ is not derived from ‘[01m[Kstd::auto_ptr<_Up>[m[K’
[6.640s]   270 |                                    std::bind(&executive_teleop::AgentStateCallback,this,std::placeholders::_1)[01;36m[K)[m[K;
[6.640s]       |                                                                                                               [01;36m[K^[m[K
[6.640s] In file included from [01m[K/usr/include/c++/11/memory:77[m[K,
[6.640s]                  from [01m[K/home/zyme/ros_ws/executive_teleop/executive_teleop/src/teleop_tool.cc:21[m[K:
[6.640s] [01m[K/usr/include/c++/11/bits/shared_ptr.h:391:9:[m[K [01;36m[Knote: [m[Kcandidate: ‘[01m[Ktemplate<class _Yp> std::shared_ptr<_Tp>::_Assignable<std::shared_ptr<_Yp> > std::shared_ptr<_Tp>::operator=(std::shared_ptr<_Yp>&&) [with _Yp = _Yp; _Tp = ff_msgs::msg::AgentStateStamped_<std::allocator<void> >][m[K’
[6.640s]   391 |         [01;36m[Koperator[m[K=(shared_ptr<_Yp>&& __r) noexcept
[6.640s]       |         [01;36m[K^~~~~~~~[m[K
[6.640s] [01m[K/usr/include/c++/11/bits/shared_ptr.h:391:9:[m[K [01;36m[Knote: [m[K  template argument deduction/substitution failed:
[6.640s] /usr/include/c++/11/bits/shared_ptr.h: In substitution of ‘[01m[Ktemplate<class _Tp> template<class _Arg> using _Assignable = typename std::enable_if<std::is_assignable<std::__shared_ptr<_Tp>&, _Arg>::value, std::shared_ptr<_Tp>&>::type [with _Arg = std::shared_ptr<rclcpp::Subscription<ff_msgs::msg::AgentStateStamped_<std::allocator<void> >, std::allocator<void>, ff_msgs::msg::AgentStateStamped_<std::allocator<void> >, ff_msgs::msg::AgentStateStamped_<std::allocator<void> >, rclcpp::message_memory_strategy::MessageMemoryStrategy<ff_msgs::msg::AgentStateStamped_<std::allocator<void> >, std::allocator<void> > > >; _Tp = ff_msgs::msg::AgentStateStamped_<std::allocator<void> >][m[K’:
[6.641s] [01m[K/usr/include/c++/11/bits/shared_ptr.h:391:2:[m[K   required by substitution of ‘[01m[Ktemplate<class _Yp> std::shared_ptr<ff_msgs::msg::AgentStateStamped_<std::allocator<void> > >::_Assignable<std::shared_ptr<_Tp> > std::shared_ptr<ff_msgs::msg::AgentStateStamped_<std::allocator<void> > >::operator=<_Yp>(std::shared_ptr<_Tp>&&) [with _Yp = rclcpp::Subscription<ff_msgs::msg::AgentStateStamped_<std::allocator<void> >, std::allocator<void>, ff_msgs::msg::AgentStateStamped_<std::allocator<void> >, ff_msgs::msg::AgentStateStamped_<std::allocator<void> >, rclcpp::message_memory_strategy::MessageMemoryStrategy<ff_msgs::msg::AgentStateStamped_<std::allocator<void> >, std::allocator<void> > >][m[K’
[6.641s] [01m[K/home/zyme/ros_ws/executive_teleop/executive_teleop/src/teleop_tool.cc:270:111:[m[K   required from here
[6.641s] [01m[K/usr/include/c++/11/bits/shared_ptr.h:130:15:[m[K [01;31m[Kerror: [m[Kno type named ‘[01m[Ktype[m[K’ in ‘[01m[Kstruct std::enable_if<false, std::shared_ptr<ff_msgs::msg::AgentStateStamped_<std::allocator<void> > >&>[m[K’
[6.641s]   130 |         using [01;31m[K_Assignable[m[K = typename enable_if<
[6.641s]       |               [01;31m[K^~~~~~~~~~~[m[K
[6.641s] [01m[K/usr/include/c++/11/bits/shared_ptr.h:399:9:[m[K [01;36m[Knote: [m[Kcandidate: ‘[01m[Ktemplate<class _Yp, class _Del> std::shared_ptr<_Tp>::_Assignable<std::unique_ptr<_Up, _Ep> > std::shared_ptr<_Tp>::operator=(std::unique_ptr<_Up, _Ep>&&) [with _Yp = _Yp; _Del = _Del; _Tp = ff_msgs::msg::AgentStateStamped_<std::allocator<void> >][m[K’
[6.641s]   399 |         [01;36m[Koperator[m[K=(unique_ptr<_Yp, _Del>&& __r)
[6.641s]       |         [01;36m[K^~~~~~~~[m[K
[6.641s] [01m[K/usr/include/c++/11/bits/shared_ptr.h:399:9:[m[K [01;36m[Knote: [m[K  template argument deduction/substitution failed:
[6.642s] [01m[K/home/zyme/ros_ws/executive_teleop/executive_teleop/src/teleop_tool.cc:270:111:[m[K [01;36m[Knote: [m[K  ‘[01m[Kstd::shared_ptr<rclcpp::Subscription<ff_msgs::msg::AgentStateStamped_<std::allocator<void> >, std::allocator<void>, ff_msgs::msg::AgentStateStamped_<std::allocator<void> >, ff_msgs::msg::AgentStateStamped_<std::allocator<void> >, rclcpp::message_memory_strategy::MessageMemoryStrategy<ff_msgs::msg::AgentStateStamped_<std::allocator<void> >, std::allocator<void> > > >[m[K’ is not derived from ‘[01m[Kstd::unique_ptr<_Tp, _Dp>[m[K’
[6.642s]   270 |                                    std::bind(&executive_teleop::AgentStateCallback,this,std::placeholders::_1)[01;36m[K)[m[K;
[6.642s]       |                                                                                                               [01;36m[K^[m[K
[6.642s] In file included from [01m[K/usr/include/c++/11/memory:77[m[K,
[6.642s]                  from [01m[K/home/zyme/ros_ws/executive_teleop/executive_teleop/src/teleop_tool.cc:21[m[K:
[6.642s] [01m[K/usr/include/c++/11/bits/shared_ptr.h:359:19:[m[K [01;36m[Knote: [m[Kcandidate: ‘[01m[Kstd::shared_ptr<_Tp>& std::shared_ptr<_Tp>::operator=(const std::shared_ptr<_Tp>&) [with _Tp = ff_msgs::msg::AgentStateStamped_<std::allocator<void> >][m[K’
[6.642s]   359 |       shared_ptr& [01;36m[Koperator[m[K=(const shared_ptr&) noexcept = default;
[6.642s]       |                   [01;36m[K^~~~~~~~[m[K
[6.642s] [01m[K/usr/include/c++/11/bits/shared_ptr.h:359:29:[m[K [01;36m[Knote: [m[K  no known conversion for argument 1 from ‘[01m[Kstd::shared_ptr<rclcpp::Subscription<ff_msgs::msg::AgentStateStamped_<std::allocator<void> >, std::allocator<void>, ff_msgs::msg::AgentStateStamped_<std::allocator<void> >, ff_msgs::msg::AgentStateStamped_<std::allocator<void> >, rclcpp::message_memory_strategy::MessageMemoryStrategy<ff_msgs::msg::AgentStateStamped_<std::allocator<void> >, std::allocator<void> > > >[m[K’ to ‘[01m[Kconst std::shared_ptr<ff_msgs::msg::AgentStateStamped_<std::allocator<void> > >&[m[K’
[6.642s]   359 |       shared_ptr& operator=([01;36m[Kconst shared_ptr&[m[K) noexcept = default;
[6.643s]       |                             [01;36m[K^~~~~~~~~~~~~~~~~[m[K
[6.643s] [01m[K/usr/include/c++/11/bits/shared_ptr.h:383:7:[m[K [01;36m[Knote: [m[Kcandidate: ‘[01m[Kstd::shared_ptr<_Tp>& std::shared_ptr<_Tp>::operator=(std::shared_ptr<_Tp>&&) [with _Tp = ff_msgs::msg::AgentStateStamped_<std::allocator<void> >][m[K’
[6.643s]   383 |       [01;36m[Koperator[m[K=(shared_ptr&& __r) noexcept
[6.643s]       |       [01;36m[K^~~~~~~~[m[K
[6.643s] [01m[K/usr/include/c++/11/bits/shared_ptr.h:383:30:[m[K [01;36m[Knote: [m[K  no known conversion for argument 1 from ‘[01m[Kstd::shared_ptr<rclcpp::Subscription<ff_msgs::msg::AgentStateStamped_<std::allocator<void> >, std::allocator<void>, ff_msgs::msg::AgentStateStamped_<std::allocator<void> >, ff_msgs::msg::AgentStateStamped_<std::allocator<void> >, rclcpp::message_memory_strategy::MessageMemoryStrategy<ff_msgs::msg::AgentStateStamped_<std::allocator<void> >, std::allocator<void> > > >[m[K’ to ‘[01m[Kstd::shared_ptr<ff_msgs::msg::AgentStateStamped_<std::allocator<void> > >&&[m[K’
[6.643s]   383 |       operator=([01;36m[Kshared_ptr&& __r[m[K) noexcept
[6.643s]       |                 [01;36m[K~~~~~~~~~~~~~^~~[m[K
[6.715s] [01m[K/home/zyme/ros_ws/executive_teleop/executive_teleop/src/teleop_tool.cc:277:112:[m[K [01;31m[Kerror: [m[Kno match for ‘[01m[Koperator=[m[K’ (operand types are ‘[01m[Kstd::shared_ptr<ff_msgs::msg::FaultState_<std::allocator<void> > >[m[K’ and ‘[01m[Kstd::shared_ptr<rclcpp::Subscription<ff_msgs::msg::FaultState_<std::allocator<void> >, std::allocator<void>, ff_msgs::msg::FaultState_<std::allocator<void> >, ff_msgs::msg::FaultState_<std::allocator<void> >, rclcpp::message_memory_strategy::MessageMemoryStrategy<ff_msgs::msg::FaultState_<std::allocator<void> >, std::allocator<void> > > >[m[K’)
[6.716s]   277 |                                     std::bind(&executive_teleop::FaultStateCallback,this,std::placeholders::_1)[01;31m[K)[m[K;
[6.716s]       |                                                                                                                [01;31m[K^[m[K
[6.716s] In file included from [01m[K/usr/include/c++/11/memory:77[m[K,
[6.716s]                  from [01m[K/home/zyme/ros_ws/executive_teleop/executive_teleop/src/teleop_tool.cc:21[m[K:
[6.716s] [01m[K/usr/include/c++/11/bits/shared_ptr.h:363:9:[m[K [01;36m[Knote: [m[Kcandidate: ‘[01m[Ktemplate<class _Yp> std::shared_ptr<_Tp>::_Assignable<const std::shared_ptr<_Yp>&> std::shared_ptr<_Tp>::operator=(const std::shared_ptr<_Yp>&) [with _Yp = _Yp; _Tp = ff_msgs::msg::FaultState_<std::allocator<void> >][m[K’
[6.716s]   363 |         [01;36m[Koperator[m[K=(const shared_ptr<_Yp>& __r) noexcept
[6.716s]       |         [01;36m[K^~~~~~~~[m[K
[6.716s] [01m[K/usr/include/c++/11/bits/shared_ptr.h:363:9:[m[K [01;36m[Knote: [m[K  template argument deduction/substitution failed:
[6.716s] /usr/include/c++/11/bits/shared_ptr.h: In substitution of ‘[01m[Ktemplate<class _Tp> template<class _Arg> using _Assignable = typename std::enable_if<std::is_assignable<std::__shared_ptr<_Tp>&, _Arg>::value, std::shared_ptr<_Tp>&>::type [with _Arg = const std::shared_ptr<rclcpp::Subscription<ff_msgs::msg::FaultState_<std::allocator<void> >, std::allocator<void>, ff_msgs::msg::FaultState_<std::allocator<void> >, ff_msgs::msg::FaultState_<std::allocator<void> >, rclcpp::message_memory_strategy::MessageMemoryStrategy<ff_msgs::msg::FaultState_<std::allocator<void> >, std::allocator<void> > > >&; _Tp = ff_msgs::msg::FaultState_<std::allocator<void> >][m[K’:
[6.717s] [01m[K/usr/include/c++/11/bits/shared_ptr.h:363:2:[m[K   required by substitution of ‘[01m[Ktemplate<class _Yp> std::shared_ptr<ff_msgs::msg::FaultState_<std::allocator<void> > >::_Assignable<const std::shared_ptr<_Tp>&> std::shared_ptr<ff_msgs::msg::FaultState_<std::allocator<void> > >::operator=<_Yp>(const std::shared_ptr<_Tp>&) [with _Yp = rclcpp::Subscription<ff_msgs::msg::FaultState_<std::allocator<void> >, std::allocator<void>, ff_msgs::msg::FaultState_<std::allocator<void> >, ff_msgs::msg::FaultState_<std::allocator<void> >, rclcpp::message_memory_strategy::MessageMemoryStrategy<ff_msgs::msg::FaultState_<std::allocator<void> >, std::allocator<void> > >][m[K’
[6.717s] [01m[K/home/zyme/ros_ws/executive_teleop/executive_teleop/src/teleop_tool.cc:277:112:[m[K   required from here
[6.717s] [01m[K/usr/include/c++/11/bits/shared_ptr.h:130:15:[m[K [01;31m[Kerror: [m[Kno type named ‘[01m[Ktype[m[K’ in ‘[01m[Kstruct std::enable_if<false, std::shared_ptr<ff_msgs::msg::FaultState_<std::allocator<void> > >&>[m[K’
[6.717s]   130 |         using [01;31m[K_Assignable[m[K = typename enable_if<
[6.717s]       |               [01;31m[K^~~~~~~~~~~[m[K
[6.717s] [01m[K/usr/include/c++/11/bits/shared_ptr.h:374:9:[m[K [01;36m[Knote: [m[Kcandidate: ‘[01m[Ktemplate<class _Yp> std::shared_ptr<_Tp>::_Assignable<std::auto_ptr<_Up> > std::shared_ptr<_Tp>::operator=(std::auto_ptr<_Up>&&) [with _Yp = _Yp; _Tp = ff_msgs::msg::FaultState_<std::allocator<void> >][m[K’
[6.717s]   374 |         [01;36m[Koperator[m[K=(auto_ptr<_Yp>&& __r)
[6.717s]       |         [01;36m[K^~~~~~~~[m[K
[6.717s] [01m[K/usr/include/c++/11/bits/shared_ptr.h:374:9:[m[K [01;36m[Knote: [m[K  template argument deduction/substitution failed:
[6.718s] [01m[K/home/zyme/ros_ws/executive_teleop/executive_teleop/src/teleop_tool.cc:277:112:[m[K [01;36m[Knote: [m[K  ‘[01m[Kstd::shared_ptr<rclcpp::Subscription<ff_msgs::msg::FaultState_<std::allocator<void> >, std::allocator<void>, ff_msgs::msg::FaultState_<std::allocator<void> >, ff_msgs::msg::FaultState_<std::allocator<void> >, rclcpp::message_memory_strategy::MessageMemoryStrategy<ff_msgs::msg::FaultState_<std::allocator<void> >, std::allocator<void> > > >[m[K’ is not derived from ‘[01m[Kstd::auto_ptr<_Up>[m[K’
[6.718s]   277 |                                     std::bind(&executive_teleop::FaultStateCallback,this,std::placeholders::_1)[01;36m[K)[m[K;
[6.718s]       |                                                                                                                [01;36m[K^[m[K
[6.718s] In file included from [01m[K/usr/include/c++/11/memory:77[m[K,
[6.718s]                  from [01m[K/home/zyme/ros_ws/executive_teleop/executive_teleop/src/teleop_tool.cc:21[m[K:
[6.718s] [01m[K/usr/include/c++/11/bits/shared_ptr.h:391:9:[m[K [01;36m[Knote: [m[Kcandidate: ‘[01m[Ktemplate<class _Yp> std::shared_ptr<_Tp>::_Assignable<std::shared_ptr<_Yp> > std::shared_ptr<_Tp>::operator=(std::shared_ptr<_Yp>&&) [with _Yp = _Yp; _Tp = ff_msgs::msg::FaultState_<std::allocator<void> >][m[K’
[6.718s]   391 |         [01;36m[Koperator[m[K=(shared_ptr<_Yp>&& __r) noexcept
[6.718s]       |         [01;36m[K^~~~~~~~[m[K
[6.718s] [01m[K/usr/include/c++/11/bits/shared_ptr.h:391:9:[m[K [01;36m[Knote: [m[K  template argument deduction/substitution failed:
[6.718s] /usr/include/c++/11/bits/shared_ptr.h: In substitution of ‘[01m[Ktemplate<class _Tp> template<class _Arg> using _Assignable = typename std::enable_if<std::is_assignable<std::__shared_ptr<_Tp>&, _Arg>::value, std::shared_ptr<_Tp>&>::type [with _Arg = std::shared_ptr<rclcpp::Subscription<ff_msgs::msg::FaultState_<std::allocator<void> >, std::allocator<void>, ff_msgs::msg::FaultState_<std::allocator<void> >, ff_msgs::msg::FaultState_<std::allocator<void> >, rclcpp::message_memory_strategy::MessageMemoryStrategy<ff_msgs::msg::FaultState_<std::allocator<void> >, std::allocator<void> > > >; _Tp = ff_msgs::msg::FaultState_<std::allocator<void> >][m[K’:
[6.719s] [01m[K/usr/include/c++/11/bits/shared_ptr.h:391:2:[m[K   required by substitution of ‘[01m[Ktemplate<class _Yp> std::shared_ptr<ff_msgs::msg::FaultState_<std::allocator<void> > >::_Assignable<std::shared_ptr<_Tp> > std::shared_ptr<ff_msgs::msg::FaultState_<std::allocator<void> > >::operator=<_Yp>(std::shared_ptr<_Tp>&&) [with _Yp = rclcpp::Subscription<ff_msgs::msg::FaultState_<std::allocator<void> >, std::allocator<void>, ff_msgs::msg::FaultState_<std::allocator<void> >, ff_msgs::msg::FaultState_<std::allocator<void> >, rclcpp::message_memory_strategy::MessageMemoryStrategy<ff_msgs::msg::FaultState_<std::allocator<void> >, std::allocator<void> > >][m[K’
[6.719s] [01m[K/home/zyme/ros_ws/executive_teleop/executive_teleop/src/teleop_tool.cc:277:112:[m[K   required from here
[6.719s] [01m[K/usr/include/c++/11/bits/shared_ptr.h:130:15:[m[K [01;31m[Kerror: [m[Kno type named ‘[01m[Ktype[m[K’ in ‘[01m[Kstruct std::enable_if<false, std::shared_ptr<ff_msgs::msg::FaultState_<std::allocator<void> > >&>[m[K’
[6.719s]   130 |         using [01;31m[K_Assignable[m[K = typename enable_if<
[6.719s]       |               [01;31m[K^~~~~~~~~~~[m[K
[6.719s] [01m[K/usr/include/c++/11/bits/shared_ptr.h:399:9:[m[K [01;36m[Knote: [m[Kcandidate: ‘[01m[Ktemplate<class _Yp, class _Del> std::shared_ptr<_Tp>::_Assignable<std::unique_ptr<_Up, _Ep> > std::shared_ptr<_Tp>::operator=(std::unique_ptr<_Up, _Ep>&&) [with _Yp = _Yp; _Del = _Del; _Tp = ff_msgs::msg::FaultState_<std::allocator<void> >][m[K’
[6.719s]   399 |         [01;36m[Koperator[m[K=(unique_ptr<_Yp, _Del>&& __r)
[6.719s]       |         [01;36m[K^~~~~~~~[m[K
[6.719s] [01m[K/usr/include/c++/11/bits/shared_ptr.h:399:9:[m[K [01;36m[Knote: [m[K  template argument deduction/substitution failed:
[6.720s] [01m[K/home/zyme/ros_ws/executive_teleop/executive_teleop/src/teleop_tool.cc:277:112:[m[K [01;36m[Knote: [m[K  ‘[01m[Kstd::shared_ptr<rclcpp::Subscription<ff_msgs::msg::FaultState_<std::allocator<void> >, std::allocator<void>, ff_msgs::msg::FaultState_<std::allocator<void> >, ff_msgs::msg::FaultState_<std::allocator<void> >, rclcpp::message_memory_strategy::MessageMemoryStrategy<ff_msgs::msg::FaultState_<std::allocator<void> >, std::allocator<void> > > >[m[K’ is not derived from ‘[01m[Kstd::unique_ptr<_Tp, _Dp>[m[K’
[6.720s]   277 |                                     std::bind(&executive_teleop::FaultStateCallback,this,std::placeholders::_1)[01;36m[K)[m[K;
[6.720s]       |                                                                                                                [01;36m[K^[m[K
[6.720s] In file included from [01m[K/usr/include/c++/11/memory:77[m[K,
[6.720s]                  from [01m[K/home/zyme/ros_ws/executive_teleop/executive_teleop/src/teleop_tool.cc:21[m[K:
[6.720s] [01m[K/usr/include/c++/11/bits/shared_ptr.h:359:19:[m[K [01;36m[Knote: [m[Kcandidate: ‘[01m[Kstd::shared_ptr<_Tp>& std::shared_ptr<_Tp>::operator=(const std::shared_ptr<_Tp>&) [with _Tp = ff_msgs::msg::FaultState_<std::allocator<void> >][m[K’
[6.720s]   359 |       shared_ptr& [01;36m[Koperator[m[K=(const shared_ptr&) noexcept = default;
[6.720s]       |                   [01;36m[K^~~~~~~~[m[K
[6.720s] [01m[K/usr/include/c++/11/bits/shared_ptr.h:359:29:[m[K [01;36m[Knote: [m[K  no known conversion for argument 1 from ‘[01m[Kstd::shared_ptr<rclcpp::Subscription<ff_msgs::msg::FaultState_<std::allocator<void> >, std::allocator<void>, ff_msgs::msg::FaultState_<std::allocator<void> >, ff_msgs::msg::FaultState_<std::allocator<void> >, rclcpp::message_memory_strategy::MessageMemoryStrategy<ff_msgs::msg::FaultState_<std::allocator<void> >, std::allocator<void> > > >[m[K’ to ‘[01m[Kconst std::shared_ptr<ff_msgs::msg::FaultState_<std::allocator<void> > >&[m[K’
[6.721s]   359 |       shared_ptr& operator=([01;36m[Kconst shared_ptr&[m[K) noexcept = default;
[6.721s]       |                             [01;36m[K^~~~~~~~~~~~~~~~~[m[K
[6.721s] [01m[K/usr/include/c++/11/bits/shared_ptr.h:383:7:[m[K [01;36m[Knote: [m[Kcandidate: ‘[01m[Kstd::shared_ptr<_Tp>& std::shared_ptr<_Tp>::operator=(std::shared_ptr<_Tp>&&) [with _Tp = ff_msgs::msg::FaultState_<std::allocator<void> >][m[K’
[6.721s]   383 |       [01;36m[Koperator[m[K=(shared_ptr&& __r) noexcept
[6.721s]       |       [01;36m[K^~~~~~~~[m[K
[6.721s] [01m[K/usr/include/c++/11/bits/shared_ptr.h:383:30:[m[K [01;36m[Knote: [m[K  no known conversion for argument 1 from ‘[01m[Kstd::shared_ptr<rclcpp::Subscription<ff_msgs::msg::FaultState_<std::allocator<void> >, std::allocator<void>, ff_msgs::msg::FaultState_<std::allocator<void> >, ff_msgs::msg::FaultState_<std::allocator<void> >, rclcpp::message_memory_strategy::MessageMemoryStrategy<ff_msgs::msg::FaultState_<std::allocator<void> >, std::allocator<void> > > >[m[K’ to ‘[01m[Kstd::shared_ptr<ff_msgs::msg::FaultState_<std::allocator<void> > >&&[m[K’
[6.721s]   383 |       operator=([01;36m[Kshared_ptr&& __r[m[K) noexcept
[6.721s]       |                 [01;36m[K~~~~~~~~~~~~~^~~[m[K
[6.794s] [01m[K/home/zyme/ros_ws/executive_teleop/executive_teleop/src/teleop_tool.cc:283:176:[m[K [01;31m[Kerror: [m[Kno match for ‘[01m[Koperator=[m[K’ (operand types are ‘[01m[Kstd::shared_ptr<ff_msgs::action::Motion_FeedbackMessage_<std::allocator<void> > >[m[K’ and ‘[01m[Kstd::shared_ptr<rclcpp::Subscription<ff_msgs::action::Motion_FeedbackMessage_<std::allocator<void> >, std::allocator<void>, ff_msgs::action::Motion_FeedbackMessage_<std::allocator<void> >, ff_msgs::action::Motion_FeedbackMessage_<std::allocator<void> >, rclcpp::message_memory_strategy::MessageMemoryStrategy<ff_msgs::action::Motion_FeedbackMessage_<std::allocator<void> >, std::allocator<void> > > >[m[K’)
[6.795s]   283 | action::Motion_FeedbackMessage>(topic_name, 10, std::bind(&executive_teleop::MoveFeedbackCallback,this,std::placeholders::_1)[01;31m[K)[m[K;
[6.795s]       |                                                                                                                              [01;31m[K^[m[K
[6.795s] 
[6.795s] In file included from [01m[K/usr/include/c++/11/memory:77[m[K,
[6.795s]                  from [01m[K/home/zyme/ros_ws/executive_teleop/executive_teleop/src/teleop_tool.cc:21[m[K:
[6.795s] [01m[K/usr/include/c++/11/bits/shared_ptr.h:363:9:[m[K [01;36m[Knote: [m[Kcandidate: ‘[01m[Ktemplate<class _Yp> std::shared_ptr<_Tp>::_Assignable<const std::shared_ptr<_Yp>&> std::shared_ptr<_Tp>::operator=(const std::shared_ptr<_Yp>&) [with _Yp = _Yp; _Tp = ff_msgs::action::Motion_FeedbackMessage_<std::allocator<void> >][m[K’
[6.796s]   363 |         [01;36m[Koperator[m[K=(const shared_ptr<_Yp>& __r) noexcept
[6.796s]       |         [01;36m[K^~~~~~~~[m[K
[6.796s] [01m[K/usr/include/c++/11/bits/shared_ptr.h:363:9:[m[K [01;36m[Knote: [m[K  template argument deduction/substitution failed:
[6.796s] /usr/include/c++/11/bits/shared_ptr.h: In substitution of ‘[01m[Ktemplate<class _Tp> template<class _Arg> using _Assignable = typename std::enable_if<std::is_assignable<std::__shared_ptr<_Tp>&, _Arg>::value, std::shared_ptr<_Tp>&>::type [with _Arg = const std::shared_ptr<rclcpp::Subscription<ff_msgs::action::Motion_FeedbackMessage_<std::allocator<void> >, std::allocator<void>, ff_msgs::action::Motion_FeedbackMessage_<std::allocator<void> >, ff_msgs::action::Motion_FeedbackMessage_<std::allocator<void> >, rclcpp::message_memory_strategy::MessageMemoryStrategy<ff_msgs::action::Motion_FeedbackMessage_<std::allocator<void> >, std::allocator<void> > > >&; _Tp = ff_msgs::action::Motion_FeedbackMessage_<std::allocator<void> >][m[K’:
[6.796s] [01m[K/usr/include/c++/11/bits/shared_ptr.h:363:2:[m[K   required by substitution of ‘[01m[Ktemplate<class _Yp> std::shared_ptr<ff_msgs::action::Motion_FeedbackMessage_<std::allocator<void> > >::_Assignable<const std::shared_ptr<_Tp>&> std::shared_ptr<ff_msgs::action::Motion_FeedbackMessage_<std::allocator<void> > >::operator=<_Yp>(const std::shared_ptr<_Tp>&) [with _Yp = rclcpp::Subscription<ff_msgs::action::Motion_FeedbackMessage_<std::allocator<void> >, std::allocator<void>, ff_msgs::action::Motion_FeedbackMessage_<std::allocator<void> >, ff_msgs::action::Motion_FeedbackMessage_<std::allocator<void> >, rclcpp::message_memory_strategy::MessageMemoryStrategy<ff_msgs::action::Motion_FeedbackMessage_<std::allocator<void> >, std::allocator<void> > >][m[K’
[6.797s] [01m[K/home/zyme/ros_ws/executive_teleop/executive_teleop/src/teleop_tool.cc:283:176:[m[K   required from here
[6.797s] [01m[K/usr/include/c++/11/bits/shared_ptr.h:130:15:[m[K [01;31m[Kerror: [m[Kno type named ‘[01m[Ktype[m[K’ in ‘[01m[Kstruct std::enable_if<false, std::shared_ptr<ff_msgs::action::Motion_FeedbackMessage_<std::allocator<void> > >&>[m[K’
[6.797s]   130 |         using [01;31m[K_Assignable[m[K = typename enable_if<
[6.797s]       |               [01;31m[K^~~~~~~~~~~[m[K
[6.797s] [01m[K/usr/include/c++/11/bits/shared_ptr.h:374:9:[m[K [01;36m[Knote: [m[Kcandidate: ‘[01m[Ktemplate<class _Yp> std::shared_ptr<_Tp>::_Assignable<std::auto_ptr<_Up> > std::shared_ptr<_Tp>::operator=(std::auto_ptr<_Up>&&) [with _Yp = _Yp; _Tp = ff_msgs::action::Motion_FeedbackMessage_<std::allocator<void> >][m[K’
[6.797s]   374 |         [01;36m[Koperator[m[K=(auto_ptr<_Yp>&& __r)
[6.797s]       |         [01;36m[K^~~~~~~~[m[K
[6.797s] [01m[K/usr/include/c++/11/bits/shared_ptr.h:374:9:[m[K [01;36m[Knote: [m[K  template argument deduction/substitution failed:
[6.798s] [01m[K/home/zyme/ros_ws/executive_teleop/executive_teleop/src/teleop_tool.cc:283:176:[m[K [01;36m[Knote: [m[K  ‘[01m[Kstd::shared_ptr<rclcpp::Subscription<ff_msgs::action::Motion_FeedbackMessage_<std::allocator<void> >, std::allocator<void>, ff_msgs::action::Motion_FeedbackMessage_<std::allocator<void> >, ff_msgs::action::Motion_FeedbackMessage_<std::allocator<void> >, rclcpp::message_memory_strategy::MessageMemoryStrategy<ff_msgs::action::Motion_FeedbackMessage_<std::allocator<void> >, std::allocator<void> > > >[m[K’ is not derived from ‘[01m[Kstd::auto_ptr<_Up>[m[K’
[6.798s]   283 | action::Motion_FeedbackMessage>(topic_name, 10, std::bind(&executive_teleop::MoveFeedbackCallback,this,std::placeholders::_1)[01;36m[K)[m[K;
[6.798s]       |                                                                                                                              [01;36m[K^[m[K
[6.798s] 
[6.798s] In file included from [01m[K/usr/include/c++/11/memory:77[m[K,
[6.798s]                  from [01m[K/home/zyme/ros_ws/executive_teleop/executive_teleop/src/teleop_tool.cc:21[m[K:
[6.799s] [01m[K/usr/include/c++/11/bits/shared_ptr.h:391:9:[m[K [01;36m[Knote: [m[Kcandidate: ‘[01m[Ktemplate<class _Yp> std::shared_ptr<_Tp>::_Assignable<std::shared_ptr<_Yp> > std::shared_ptr<_Tp>::operator=(std::shared_ptr<_Yp>&&) [with _Yp = _Yp; _Tp = ff_msgs::action::Motion_FeedbackMessage_<std::allocator<void> >][m[K’
[6.799s]   391 |         [01;36m[Koperator[m[K=(shared_ptr<_Yp>&& __r) noexcept
[6.799s]       |         [01;36m[K^~~~~~~~[m[K
[6.799s] [01m[K/usr/include/c++/11/bits/shared_ptr.h:391:9:[m[K [01;36m[Knote: [m[K  template argument deduction/substitution failed:
[6.799s] /usr/include/c++/11/bits/shared_ptr.h: In substitution of ‘[01m[Ktemplate<class _Tp> template<class _Arg> using _Assignable = typename std::enable_if<std::is_assignable<std::__shared_ptr<_Tp>&, _Arg>::value, std::shared_ptr<_Tp>&>::type [with _Arg = std::shared_ptr<rclcpp::Subscription<ff_msgs::action::Motion_FeedbackMessage_<std::allocator<void> >, std::allocator<void>, ff_msgs::action::Motion_FeedbackMessage_<std::allocator<void> >, ff_msgs::action::Motion_FeedbackMessage_<std::allocator<void> >, rclcpp::message_memory_strategy::MessageMemoryStrategy<ff_msgs::action::Motion_FeedbackMessage_<std::allocator<void> >, std::allocator<void> > > >; _Tp = ff_msgs::action::Motion_FeedbackMessage_<std::allocator<void> >][m[K’:
[6.800s] [01m[K/usr/include/c++/11/bits/shared_ptr.h:391:2:[m[K   required by substitution of ‘[01m[Ktemplate<class _Yp> std::shared_ptr<ff_msgs::action::Motion_FeedbackMessage_<std::allocator<void> > >::_Assignable<std::shared_ptr<_Tp> > std::shared_ptr<ff_msgs::action::Motion_FeedbackMessage_<std::allocator<void> > >::operator=<_Yp>(std::shared_ptr<_Tp>&&) [with _Yp = rclcpp::Subscription<ff_msgs::action::Motion_FeedbackMessage_<std::allocator<void> >, std::allocator<void>, ff_msgs::action::Motion_FeedbackMessage_<std::allocator<void> >, ff_msgs::action::Motion_FeedbackMessage_<std::allocator<void> >, rclcpp::message_memory_strategy::MessageMemoryStrategy<ff_msgs::action::Motion_FeedbackMessage_<std::allocator<void> >, std::allocator<void> > >][m[K’
[6.800s] [01m[K/home/zyme/ros_ws/executive_teleop/executive_teleop/src/teleop_tool.cc:283:176:[m[K   required from here
[6.800s] [01m[K/usr/include/c++/11/bits/shared_ptr.h:130:15:[m[K [01;31m[Kerror: [m[Kno type named ‘[01m[Ktype[m[K’ in ‘[01m[Kstruct std::enable_if<false, std::shared_ptr<ff_msgs::action::Motion_FeedbackMessage_<std::allocator<void> > >&>[m[K’
[6.800s]   130 |         using [01;31m[K_Assignable[m[K = typename enable_if<
[6.800s]       |               [01;31m[K^~~~~~~~~~~[m[K
[6.800s] [01m[K/usr/include/c++/11/bits/shared_ptr.h:399:9:[m[K [01;36m[Knote: [m[Kcandidate: ‘[01m[Ktemplate<class _Yp, class _Del> std::shared_ptr<_Tp>::_Assignable<std::unique_ptr<_Up, _Ep> > std::shared_ptr<_Tp>::operator=(std::unique_ptr<_Up, _Ep>&&) [with _Yp = _Yp; _Del = _Del; _Tp = ff_msgs::action::Motion_FeedbackMessage_<std::allocator<void> >][m[K’
[6.800s]   399 |         [01;36m[Koperator[m[K=(unique_ptr<_Yp, _Del>&& __r)
[6.800s]       |         [01;36m[K^~~~~~~~[m[K
[6.801s] [01m[K/usr/include/c++/11/bits/shared_ptr.h:399:9:[m[K [01;36m[Knote: [m[K  template argument deduction/substitution failed:
[6.801s] [01m[K/home/zyme/ros_ws/executive_teleop/executive_teleop/src/teleop_tool.cc:283:176:[m[K [01;36m[Knote: [m[K  ‘[01m[Kstd::shared_ptr<rclcpp::Subscription<ff_msgs::action::Motion_FeedbackMessage_<std::allocator<void> >, std::allocator<void>, ff_msgs::action::Motion_FeedbackMessage_<std::allocator<void> >, ff_msgs::action::Motion_FeedbackMessage_<std::allocator<void> >, rclcpp::message_memory_strategy::MessageMemoryStrategy<ff_msgs::action::Motion_FeedbackMessage_<std::allocator<void> >, std::allocator<void> > > >[m[K’ is not derived from ‘[01m[Kstd::unique_ptr<_Tp, _Dp>[m[K’
[6.801s]   283 | action::Motion_FeedbackMessage>(topic_name, 10, std::bind(&executive_teleop::MoveFeedbackCallback,this,std::placeholders::_1)[01;36m[K)[m[K;
[6.801s]       |                                                                                                                              [01;36m[K^[m[K
[6.801s] 
[6.801s] In file included from [01m[K/usr/include/c++/11/memory:77[m[K,
[6.801s]                  from [01m[K/home/zyme/ros_ws/executive_teleop/executive_teleop/src/teleop_tool.cc:21[m[K:
[6.801s] [01m[K/usr/include/c++/11/bits/shared_ptr.h:359:19:[m[K [01;36m[Knote: [m[Kcandidate: ‘[01m[Kstd::shared_ptr<_Tp>& std::shared_ptr<_Tp>::operator=(const std::shared_ptr<_Tp>&) [with _Tp = ff_msgs::action::Motion_FeedbackMessage_<std::allocator<void> >][m[K’
[6.801s]   359 |       shared_ptr& [01;36m[Koperator[m[K=(const shared_ptr&) noexcept = default;
[6.801s]       |                   [01;36m[K^~~~~~~~[m[K
[6.802s] [01m[K/usr/include/c++/11/bits/shared_ptr.h:359:29:[m[K [01;36m[Knote: [m[K  no known conversion for argument 1 from ‘[01m[Kstd::shared_ptr<rclcpp::Subscription<ff_msgs::action::Motion_FeedbackMessage_<std::allocator<void> >, std::allocator<void>, ff_msgs::action::Motion_FeedbackMessage_<std::allocator<void> >, ff_msgs::action::Motion_FeedbackMessage_<std::allocator<void> >, rclcpp::message_memory_strategy::MessageMemoryStrategy<ff_msgs::action::Motion_FeedbackMessage_<std::allocator<void> >, std::allocator<void> > > >[m[K’ to ‘[01m[Kconst std::shared_ptr<ff_msgs::action::Motion_FeedbackMessage_<std::allocator<void> > >&[m[K’
[6.802s]   359 |       shared_ptr& operator=([01;36m[Kconst shared_ptr&[m[K) noexcept = default;
[6.802s]       |                             [01;36m[K^~~~~~~~~~~~~~~~~[m[K
[6.802s] [01m[K/usr/include/c++/11/bits/shared_ptr.h:383:7:[m[K [01;36m[Knote: [m[Kcandidate: ‘[01m[Kstd::shared_ptr<_Tp>& std::shared_ptr<_Tp>::operator=(std::shared_ptr<_Tp>&&) [with _Tp = ff_msgs::action::Motion_FeedbackMessage_<std::allocator<void> >][m[K’
[6.802s]   383 |       [01;36m[Koperator[m[K=(shared_ptr&& __r) noexcept
[6.802s]       |       [01;36m[K^~~~~~~~[m[K
[6.802s] [01m[K/usr/include/c++/11/bits/shared_ptr.h:383:30:[m[K [01;36m[Knote: [m[K  no known conversion for argument 1 from ‘[01m[Kstd::shared_ptr<rclcpp::Subscription<ff_msgs::action::Motion_FeedbackMessage_<std::allocator<void> >, std::allocator<void>, ff_msgs::action::Motion_FeedbackMessage_<std::allocator<void> >, ff_msgs::action::Motion_FeedbackMessage_<std::allocator<void> >, rclcpp::message_memory_strategy::MessageMemoryStrategy<ff_msgs::action::Motion_FeedbackMessage_<std::allocator<void> >, std::allocator<void> > > >[m[K’ to ‘[01m[Kstd::shared_ptr<ff_msgs::action::Motion_FeedbackMessage_<std::allocator<void> > >&&[m[K’
[6.802s]   383 |       operator=([01;36m[Kshared_ptr&& __r[m[K) noexcept
[6.802s]       |                 [01;36m[K~~~~~~~~~~~~~^~~[m[K
[6.803s] [01m[K/home/zyme/ros_ws/executive_teleop/executive_teleop/src/teleop_tool.cc:289:126:[m[K [01;31m[Kerror: [m[K‘[01m[KDockFeedbbackCallback[m[K’ is not a member of ‘[01m[Kexecutive_teleop[m[K’
[6.803s]   289 | sub = this->create_subscription<ff_msgs::action::Dock_FeedbackMessage>(topic_name, 10, std::bind(&executive_teleop::[01;31m[KDockFeedbbackCallback[m[K,this,std::placeholders::_1));
[6.803s]       |                                                                                                                     [01;31m[K^~~~~~~~~~~~~~~~~~~~~[m[K
[6.803s] 
[6.803s] [01m[K/home/zyme/ros_ws/executive_teleop/executive_teleop/src/teleop_tool.cc:292:21:[m[K [01;31m[Kerror: [m[K‘[01m[Kclass std::shared_ptr<ff_msgs::action::Dock_FeedbackMessage_<std::allocator<void> > >[m[K’ has no member named ‘[01m[KgetNumPublishers[m[K’
[6.803s]   292 |     while (dock_sub.[01;31m[KgetNumPublishers[m[K() == 0) {
[6.803s]       |                     [01;31m[K^~~~~~~~~~~~~~~~[m[K
[6.803s] [01m[K/home/zyme/ros_ws/executive_teleop/executive_teleop/src/teleop_tool.cc:[m[K In member function ‘[01m[Kbool executive_teleop::Finished()[m[K’:
[6.803s] [01m[K/home/zyme/ros_ws/executive_teleop/executive_teleop/src/teleop_tool.cc:325:1:[m[K [01;35m[Kwarning: [m[Kno return statement in function returning non-void [[01;35m[K]8;;https://gcc.gnu.org/onlinedocs/gcc/Warning-Options.html#index-Wreturn-type-Wreturn-type]8;;[m[K]
[6.803s]   325 | [01;35m[K}[m[K
[6.804s]       | [01;35m[K^[m[K
[6.853s] [01m[K/home/zyme/ros_ws/executive_teleop/executive_teleop/src/teleop_tool.cc:[m[K In member function ‘[01m[Kbool executive_teleop::SendMobilityCommand()[m[K’:
[6.854s] [01m[K/home/zyme/ros_ws/executive_teleop/executive_teleop/src/teleop_tool.cc:600:1:[m[K [01;35m[Kwarning: [m[Kno return statement in function returning non-void [[01;35m[K]8;;https://gcc.gnu.org/onlinedocs/gcc/Warning-Options.html#index-Wreturn-type-Wreturn-type]8;;[m[K]
[6.854s]   600 | [01;35m[K}[m[K
[6.854s]       | [01;35m[K^[m[K
[6.855s] [01m[K/home/zyme/ros_ws/executive_teleop/executive_teleop/src/teleop_tool.cc:[m[K In member function ‘[01m[Kbool executive_teleop::SendResetBias()[m[K’:
[6.855s] [01m[K/home/zyme/ros_ws/executive_teleop/executive_teleop/src/teleop_tool.cc:615:1:[m[K [01;35m[Kwarning: [m[Kno return statement in function returning non-void [[01;35m[K]8;;https://gcc.gnu.org/onlinedocs/gcc/Warning-Options.html#index-Wreturn-type-Wreturn-type]8;;[m[K]
[6.855s]   615 | [01;35m[K}[m[K
[6.855s]       | [01;35m[K^[m[K
[6.856s] [01m[K/home/zyme/ros_ws/executive_teleop/executive_teleop/src/teleop_tool.cc:[m[K In member function ‘[01m[Kbool executive_teleop::SendResetEkf()[m[K’:
[6.856s] [01m[K/home/zyme/ros_ws/executive_teleop/executive_teleop/src/teleop_tool.cc:630:1:[m[K [01;35m[Kwarning: [m[Kno return statement in function returning non-void [[01;35m[K]8;;https://gcc.gnu.org/onlinedocs/gcc/Warning-Options.html#index-Wreturn-type-Wreturn-type]8;;[m[K]
[6.856s]   630 | [01;35m[K}[m[K
[6.856s]       | [01;35m[K^[m[K
[6.857s] [01m[K/home/zyme/ros_ws/executive_teleop/executive_teleop/src/teleop_tool.cc:[m[K In member function ‘[01m[Kbool executive_teleop::SendSetCheckZones()[m[K’:
[6.857s] [01m[K/home/zyme/ros_ws/executive_teleop/executive_teleop/src/teleop_tool.cc:654:1:[m[K [01;35m[Kwarning: [m[Kno return statement in function returning non-void [[01;35m[K]8;;https://gcc.gnu.org/onlinedocs/gcc/Warning-Options.html#index-Wreturn-type-Wreturn-type]8;;[m[K]
[6.857s]   654 | [01;35m[K}[m[K
[6.857s]       | [01;35m[K^[m[K
[6.858s] [01m[K/home/zyme/ros_ws/executive_teleop/executive_teleop/src/teleop_tool.cc:[m[K In member function ‘[01m[Kbool executive_teleop::SendSetFaceForward()[m[K’:
[6.858s] [01m[K/home/zyme/ros_ws/executive_teleop/executive_teleop/src/teleop_tool.cc:683:1:[m[K [01;35m[Kwarning: [m[Kno return statement in function returning non-void [[01;35m[K]8;;https://gcc.gnu.org/onlinedocs/gcc/Warning-Options.html#index-Wreturn-type-Wreturn-type]8;;[m[K]
[6.858s]   683 | [01;35m[K}[m[K
[6.858s]       | [01;35m[K^[m[K
[6.859s] [01m[K/home/zyme/ros_ws/executive_teleop/executive_teleop/src/teleop_tool.cc:[m[K In member function ‘[01m[Kbool executive_teleop::SendSetOpLimits()[m[K’:
[6.859s] [01m[K/home/zyme/ros_ws/executive_teleop/executive_teleop/src/teleop_tool.cc:733:1:[m[K [01;35m[Kwarning: [m[Kno return statement in function returning non-void [[01;35m[K]8;;https://gcc.gnu.org/onlinedocs/gcc/Warning-Options.html#index-Wreturn-type-Wreturn-type]8;;[m[K]
[6.859s]   733 | [01;35m[K}[m[K
[6.860s]       | [01;35m[K^[m[K
[6.860s] [01m[K/home/zyme/ros_ws/executive_teleop/executive_teleop/src/teleop_tool.cc:[m[K In member function ‘[01m[Kbool executive_teleop::SendSetPlanner()[m[K’:
[6.860s] [01m[K/home/zyme/ros_ws/executive_teleop/executive_teleop/src/teleop_tool.cc:753:1:[m[K [01;35m[Kwarning: [m[Kno return statement in function returning non-void [[01;35m[K]8;;https://gcc.gnu.org/onlinedocs/gcc/Warning-Options.html#index-Wreturn-type-Wreturn-type]8;;[m[K]
[6.861s]   753 | [01;35m[K}[m[K
[6.861s]       | [01;35m[K^[m[K
[15.768s] [01m[K/home/zyme/ros_ws/executive_teleop/executive_teleop/src/teleop_tool.cc:[m[K In member function ‘[01m[Kbool executive_teleop::SendNextCommand()[m[K’:
[15.768s] [01m[K/home/zyme/ros_ws/executive_teleop/executive_teleop/src/teleop_tool.cc:790:1:[m[K [01;35m[Kwarning: [m[Kcontrol reaches end of non-void function [[01;35m[K]8;;https://gcc.gnu.org/onlinedocs/gcc/Warning-Options.html#index-Wreturn-type-Wreturn-type]8;;[m[K]
[15.768s]   790 | [01;35m[K}[m[K
[15.768s]       | [01;35m[K^[m[K
[16.040s] gmake[2]: *** [CMakeFiles/teleop_tool.dir/build.make:76: CMakeFiles/teleop_tool.dir/src/teleop_tool.cc.o] Error 1
[16.040s] gmake[1]: *** [CMakeFiles/Makefile2:137: CMakeFiles/teleop_tool.dir/all] Error 2
[16.041s] gmake: *** [Makefile:146: all] Error 2
[16.044s] Invoked command in '/home/zyme/ros_ws/executive_teleop/executive_teleop/build/executive_teleop' returned '2': CMAKE_PREFIX_PATH=/home/zyme/ros_ws/astrobee/install/states:/home/zyme/ros_ws/astrobee/install/light_flow:/home/zyme/ros_ws/astrobee/install/signal_lights:/home/zyme/ros_ws/astrobee/install/fam:/home/zyme/ros_ws/astrobee/install/astrobee_gazebo:/opt/ros/humble:/home/zyme/ros_ws/astrobee/install/pmc:/home/zyme/ros_ws/astrobee/install/perch:/home/zyme/ros_ws/astrobee/install/framestore:/home/zyme/ros_ws/astrobee/install/dock:/home/zyme/ros_ws/astrobee/install/ctl:/home/zyme/ros_ws/astrobee/install/arm:/home/zyme/ros_ws/astrobee/install/access_control:/home/zyme/ros_ws/astrobee/install/ff_util:/home/zyme/ros_ws/astrobee/install/msg_conversions:/home/zyme/ros_ws/astrobee/install/jsonloader:/home/zyme/ros_ws/astrobee/install/ff_msgs:/home/zyme/ros_ws/astrobee/install/ff_hw_msgs:/home/zyme/ros_ws/astrobee/install/camera:/home/zyme/ros_ws/astrobee/install/config_reader:/home/zyme/ros_ws/astrobee/install/ff_common:/home/zyme/ros_ws/astrobee/install/description:/home/zyme/ros_ws/astrobee/install/astrobee_iss:/home/zyme/ros_ws/astrobee/install/astrobee_handrail_8_5:/home/zyme/ros_ws/astrobee/install/astrobee_handrail_41_5:/home/zyme/ros_ws/astrobee/install/astrobee_handrail_30:/home/zyme/ros_ws/astrobee/install/astrobee_handrail_21_5:/home/zyme/ros_ws/astrobee/install/astrobee_granite:/home/zyme/ros_ws/astrobee/install/astrobee_freeflyer:/home/zyme/ros_ws/astrobee/install/astrobee_dock:/home/zyme/ros_ws/astrobee/install/astrobee /usr/bin/cmake --build /home/zyme/ros_ws/executive_teleop/executive_teleop/build/executive_teleop -- -j12 -l12
